07/10/2010 18:29:22 org.apache.catalina.core.AprLifecycleListener init
INFO: The APR based Apache Tomcat Native library which allows optimal performance in production environments was not found on the java.library.path: C:\Arquivos de programas\Java\jdk1.6.0_02\bin;.;C:\WINDOWS\Sun\Java\bin;C:\WINDOWS\system32;C:\WINDOWS;C:\Arquivos de programas\Arquivos comuns\Symbian\tools;C:\Ericsson\SDS4.1FD1\icp\windows;C:\Perl\bin\;C:\Perl\bin\;C:\Arquivos de programas\Java\jdk1.6.0_02\jre\bin;c:\oracle\ora92\bin;C:\Arquivos de programas\Oracle\jre\1.3.1\bin;C:\Arquivos de programas\Oracle\jre\1.1.8\bin;c:\prog\ruby\bin;C:\Arquivos de programas\MiKTeX 2.6\miktex\bin;C:\WINDOWS\system32;C:\WINDOWS;C:\WINDOWS\System32\Wbem;C:\Arquivos de programas\Arquivos comuns\Adobe\AGL;C:\Arquivos de programas\Lectra Systemes\Ghostscript 5.11;C:\Arquivos de programas\Java\jdk1.6.0_02\bin;C:\prog\maven-2.0.7\bin;C:\Arquivos de programas\jEdit;C:\Arquivos de programas\QuickTime\QTSystem\;C:\prog\cygwin\bin;C:\prog\MinGW\bin;C:\prog\lejos\bin;c:\Arquivos de programas\Microsoft SQL Server\90\Tools\binn\;C:\Symbian\UIQ3SDK\epoc32\tools\nokia_compiler\Symbian_Tools\Command_Line_Tools;C:\Arquivos de programas\VoiceAge\Common;C:\Arquivos de programas\Arquivos comuns\Autodesk Shared\;C:\Arquivos de programas\Autodesk\backburner\;C:\Arquivos de programas\Symantec\pcAnywhere\
07/10/2010 18:29:22 org.apache.coyote.http11.Http11Protocol init
INFO: Initializing Coyote HTTP/1.1 on http-8080
07/10/2010 18:29:22 org.apache.catalina.startup.Catalina load
INFO: Initialization processed in 730 ms
07/10/2010 18:29:22 org.apache.catalina.core.StandardService start
INFO: Starting service Catalina
07/10/2010 18:29:22 org.apache.catalina.core.StandardEngine start
INFO: Starting Servlet Engine: Apache Tomcat/6.0.29
07/10/2010 18:29:22 org.apache.catalina.startup.HostConfig deployDirectory
INFO: Deploying web application directory docs
07/10/2010 18:29:23 org.apache.catalina.startup.HostConfig deployDirectory
INFO: Deploying web application directory examples
07/10/2010 18:29:24 org.apache.catalina.startup.HostConfig deployDirectory
INFO: Deploying web application directory host-manager
07/10/2010 18:29:24 org.apache.catalina.startup.HostConfig deployDirectory
INFO: Deploying web application directory manager
07/10/2010 18:29:24 org.apache.catalina.startup.HostConfig deployDirectory
INFO: Deploying web application directory ROOT
07/10/2010 18:29:25 org.apache.coyote.http11.Http11Protocol start
INFO: Starting Coyote HTTP/1.1 on http-8080
07/10/2010 18:29:25 org.apache.jk.common.ChannelSocket init
INFO: JK: ajp13 listening on /0.0.0.0:8009
07/10/2010 18:29:25 org.apache.jk.server.JkMain start
INFO: Jk running ID=0 time=0/47  config=null
07/10/2010 18:29:25 org.apache.catalina.startup.Catalina start
INFO: Server startup in 2448 ms
07/10/2010 18:31:48 org.apache.coyote.http11.Http11Protocol pause
INFO: Pausing Coyote HTTP/1.1 on http-8080
07/10/2010 18:31:49 org.apache.catalina.core.StandardService stop
INFO: Stopping service Catalina
07/10/2010 18:31:50 org.apache.coyote.http11.Http11Protocol destroy
INFO: Stopping Coyote HTTP/1.1 on http-8080
07/10/2010 18:31:54 org.apache.catalina.core.AprLifecycleListener init
INFO: The APR based Apache Tomcat Native library which allows optimal performance in production environments was not found on the java.library.path: C:\Arquivos de programas\Java\jdk1.6.0_02\bin;.;C:\WINDOWS\Sun\Java\bin;C:\WINDOWS\system32;C:\WINDOWS;C:\Arquivos de programas\Arquivos comuns\Symbian\tools;C:\Ericsson\SDS4.1FD1\icp\windows;C:\Perl\bin\;C:\Perl\bin\;C:\Arquivos de programas\Java\jdk1.6.0_02\jre\bin;c:\oracle\ora92\bin;C:\Arquivos de programas\Oracle\jre\1.3.1\bin;C:\Arquivos de programas\Oracle\jre\1.1.8\bin;c:\prog\ruby\bin;C:\Arquivos de programas\MiKTeX 2.6\miktex\bin;C:\WINDOWS\system32;C:\WINDOWS;C:\WINDOWS\System32\Wbem;C:\Arquivos de programas\Arquivos comuns\Adobe\AGL;C:\Arquivos de programas\Lectra Systemes\Ghostscript 5.11;C:\Arquivos de programas\Java\jdk1.6.0_02\bin;C:\prog\maven-2.0.7\bin;C:\Arquivos de programas\jEdit;C:\Arquivos de programas\QuickTime\QTSystem\;C:\prog\cygwin\bin;C:\prog\MinGW\bin;C:\prog\lejos\bin;c:\Arquivos de programas\Microsoft SQL Server\90\Tools\binn\;C:\Symbian\UIQ3SDK\epoc32\tools\nokia_compiler\Symbian_Tools\Command_Line_Tools;C:\Arquivos de programas\VoiceAge\Common;C:\Arquivos de programas\Arquivos comuns\Autodesk Shared\;C:\Arquivos de programas\Autodesk\backburner\;C:\Arquivos de programas\Symantec\pcAnywhere\
07/10/2010 18:31:54 org.apache.coyote.http11.Http11Protocol init
INFO: Initializing Coyote HTTP/1.1 on http-8080
07/10/2010 18:31:54 org.apache.catalina.startup.Catalina load
INFO: Initialization processed in 742 ms
07/10/2010 18:31:54 org.apache.catalina.core.StandardService start
INFO: Starting service Catalina
07/10/2010 18:31:54 org.apache.catalina.core.StandardEngine start
INFO: Starting Servlet Engine: Apache Tomcat/6.0.29
07/10/2010 18:31:54 org.apache.catalina.startup.HostConfig deployDescriptor
INFO: Deploying configuration descriptor host-manager.xml
07/10/2010 18:31:55 org.apache.catalina.startup.HostConfig deployDescriptor
INFO: Deploying configuration descriptor manager.xml
07/10/2010 18:31:55 org.apache.catalina.startup.HostConfig deployDirectory
INFO: Deploying web application directory docs
07/10/2010 18:31:56 org.apache.catalina.startup.HostConfig deployDirectory
INFO: Deploying web application directory examples
07/10/2010 18:31:57 org.apache.catalina.startup.HostConfig deployDirectory
INFO: Deploying web application directory ROOT
07/10/2010 18:31:57 org.apache.coyote.http11.Http11Protocol start
INFO: Starting Coyote HTTP/1.1 on http-8080
07/10/2010 18:31:57 org.apache.jk.common.ChannelSocket init
INFO: JK: ajp13 listening on /0.0.0.0:8009
07/10/2010 18:31:57 org.apache.jk.server.JkMain start
INFO: Jk running ID=0 time=0/63  config=null
07/10/2010 18:31:57 org.apache.catalina.startup.Catalina start
INFO: Server startup in 2846 ms
07/10/2010 18:32:19 org.apache.coyote.http11.Http11Protocol pause
INFO: Pausing Coyote HTTP/1.1 on http-8080
07/10/2010 18:32:20 org.apache.catalina.core.StandardService stop
INFO: Stopping service Catalina
07/10/2010 18:32:20 org.apache.coyote.http11.Http11Protocol destroy
INFO: Stopping Coyote HTTP/1.1 on http-8080
07/10/2010 18:32:58 org.apache.catalina.core.AprLifecycleListener init
INFO: The APR based Apache Tomcat Native library which allows optimal performance in production environments was not found on the java.library.path: C:\Arquivos de programas\Java\jdk1.6.0_02\bin;.;C:\WINDOWS\Sun\Java\bin;C:\WINDOWS\system32;C:\WINDOWS;C:\Arquivos de programas\Arquivos comuns\Symbian\tools;C:\Ericsson\SDS4.1FD1\icp\windows;C:\Perl\bin\;C:\Perl\bin\;C:\Arquivos de programas\Java\jdk1.6.0_02\jre\bin;c:\oracle\ora92\bin;C:\Arquivos de programas\Oracle\jre\1.3.1\bin;C:\Arquivos de programas\Oracle\jre\1.1.8\bin;c:\prog\ruby\bin;C:\Arquivos de programas\MiKTeX 2.6\miktex\bin;C:\WINDOWS\system32;C:\WINDOWS;C:\WINDOWS\System32\Wbem;C:\Arquivos de programas\Arquivos comuns\Adobe\AGL;C:\Arquivos de programas\Lectra Systemes\Ghostscript 5.11;C:\Arquivos de programas\Java\jdk1.6.0_02\bin;C:\prog\maven-2.0.7\bin;C:\Arquivos de programas\jEdit;C:\Arquivos de programas\QuickTime\QTSystem\;C:\prog\cygwin\bin;C:\prog\MinGW\bin;C:\prog\lejos\bin;c:\Arquivos de programas\Microsoft SQL Server\90\Tools\binn\;C:\Symbian\UIQ3SDK\epoc32\tools\nokia_compiler\Symbian_Tools\Command_Line_Tools;C:\Arquivos de programas\VoiceAge\Common;C:\Arquivos de programas\Arquivos comuns\Autodesk Shared\;C:\Arquivos de programas\Autodesk\backburner\;C:\Arquivos de programas\Symantec\pcAnywhere\
07/10/2010 18:32:58 org.apache.coyote.http11.Http11Protocol init
INFO: Initializing Coyote HTTP/1.1 on http-8080
07/10/2010 18:32:58 org.apache.catalina.startup.Catalina load
INFO: Initialization processed in 1090 ms
07/10/2010 18:32:58 org.apache.catalina.core.StandardService start
INFO: Starting service Catalina
07/10/2010 18:32:58 org.apache.catalina.core.StandardEngine start
INFO: Starting Servlet Engine: Apache Tomcat/6.0.29
07/10/2010 18:32:58 org.apache.catalina.startup.HostConfig deployDescriptor
INFO: Deploying configuration descriptor host-manager.xml
07/10/2010 18:32:59 org.apache.catalina.startup.HostConfig deployDescriptor
INFO: Deploying configuration descriptor manager.xml
07/10/2010 18:32:59 org.apache.catalina.startup.HostConfig deployDirectory
INFO: Deploying web application directory docs
07/10/2010 18:33:00 org.apache.catalina.startup.HostConfig deployDirectory
INFO: Deploying web application directory examples
07/10/2010 18:33:01 org.apache.catalina.startup.HostConfig deployDirectory
INFO: Deploying web application directory ROOT
07/10/2010 18:33:01 org.apache.coyote.http11.Http11Protocol start
INFO: Starting Coyote HTTP/1.1 on http-8080
07/10/2010 18:33:01 org.apache.jk.common.ChannelSocket init
INFO: JK: ajp13 listening on /0.0.0.0:8009
07/10/2010 18:33:01 org.apache.jk.server.JkMain start
INFO: Jk running ID=0 time=0/47  config=null
07/10/2010 18:33:01 org.apache.catalina.startup.Catalina start
INFO: Server startup in 2632 ms
07/10/2010 18:33:49 org.apache.coyote.http11.Http11Protocol pause
INFO: Pausing Coyote HTTP/1.1 on http-8080
07/10/2010 18:33:50 org.apache.catalina.core.StandardService stop
INFO: Stopping service Catalina
07/10/2010 18:33:50 org.apache.coyote.http11.Http11Protocol destroy
INFO: Stopping Coyote HTTP/1.1 on http-8080
07/10/2010 18:33:56 org.apache.catalina.core.AprLifecycleListener init
INFO: The APR based Apache Tomcat Native library which allows optimal performance in production environments was not found on the java.library.path: C:\Arquivos de programas\Java\jdk1.6.0_02\bin;.;C:\WINDOWS\Sun\Java\bin;C:\WINDOWS\system32;C:\WINDOWS;C:\Arquivos de programas\Arquivos comuns\Symbian\tools;C:\Ericsson\SDS4.1FD1\icp\windows;C:\Perl\bin\;C:\Perl\bin\;C:\Arquivos de programas\Java\jdk1.6.0_02\jre\bin;c:\oracle\ora92\bin;C:\Arquivos de programas\Oracle\jre\1.3.1\bin;C:\Arquivos de programas\Oracle\jre\1.1.8\bin;c:\prog\ruby\bin;C:\Arquivos de programas\MiKTeX 2.6\miktex\bin;C:\WINDOWS\system32;C:\WINDOWS;C:\WINDOWS\System32\Wbem;C:\Arquivos de programas\Arquivos comuns\Adobe\AGL;C:\Arquivos de programas\Lectra Systemes\Ghostscript 5.11;C:\Arquivos de programas\Java\jdk1.6.0_02\bin;C:\prog\maven-2.0.7\bin;C:\Arquivos de programas\jEdit;C:\Arquivos de programas\QuickTime\QTSystem\;C:\prog\cygwin\bin;C:\prog\MinGW\bin;C:\prog\lejos\bin;c:\Arquivos de programas\Microsoft SQL Server\90\Tools\binn\;C:\Symbian\UIQ3SDK\epoc32\tools\nokia_compiler\Symbian_Tools\Command_Line_Tools;C:\Arquivos de programas\VoiceAge\Common;C:\Arquivos de programas\Arquivos comuns\Autodesk Shared\;C:\Arquivos de programas\Autodesk\backburner\;C:\Arquivos de programas\Symantec\pcAnywhere\
07/10/2010 18:33:56 org.apache.coyote.http11.Http11Protocol init
INFO: Initializing Coyote HTTP/1.1 on http-8080
07/10/2010 18:33:56 org.apache.catalina.startup.Catalina load
INFO: Initialization processed in 555 ms
07/10/2010 18:33:56 org.apache.catalina.core.StandardService start
INFO: Starting service Catalina
07/10/2010 18:33:56 org.apache.catalina.core.StandardEngine start
INFO: Starting Servlet Engine: Apache Tomcat/6.0.29
07/10/2010 18:33:56 org.apache.catalina.startup.HostConfig deployDescriptor
INFO: Deploying configuration descriptor host-manager.xml
07/10/2010 18:33:57 org.apache.catalina.startup.HostConfig deployDescriptor
INFO: Deploying configuration descriptor manager.xml
07/10/2010 18:33:57 org.apache.catalina.startup.HostConfig deployDirectory
INFO: Deploying web application directory docs
07/10/2010 18:33:57 org.apache.catalina.startup.HostConfig deployDirectory
INFO: Deploying web application directory examples
07/10/2010 18:33:58 org.apache.catalina.startup.HostConfig deployDirectory
INFO: Deploying web application directory ROOT
07/10/2010 18:33:58 org.apache.coyote.http11.Http11Protocol start
INFO: Starting Coyote HTTP/1.1 on http-8080
07/10/2010 18:33:58 org.apache.jk.common.ChannelSocket init
INFO: JK: ajp13 listening on /0.0.0.0:8009
07/10/2010 18:33:58 org.apache.jk.server.JkMain start
INFO: Jk running ID=0 time=0/46  config=null
07/10/2010 18:33:58 org.apache.catalina.startup.Catalina start
INFO: Server startup in 2088 ms
07/10/2010 18:33:59 org.apache.catalina.startup.HostConfig checkResources
INFO: Undeploying context []
07/10/2010 18:33:59 org.apache.catalina.startup.HostConfig deployDescriptor
INFO: Deploying configuration descriptor ROOT.xml
07/10/2010 18:34:00 org.apache.catalina.core.StandardContext start
INFO: Container org.apache.catalina.core.ContainerBase.[Catalina].[localhost].[/] has already been started
07/10/2010 18:34:23 org.apache.coyote.http11.Http11Protocol pause
INFO: Pausing Coyote HTTP/1.1 on http-8080
07/10/2010 18:34:24 org.apache.catalina.core.StandardService stop
INFO: Stopping service Catalina
07/10/2010 18:34:24 org.apache.coyote.http11.Http11Protocol destroy
INFO: Stopping Coyote HTTP/1.1 on http-8080
