13/10/2010 03:06:50 org.apache.catalina.core.AprLifecycleListener init
INFO: Loaded APR based Apache Tomcat Native library 1.1.20.
13/10/2010 03:06:50 org.apache.catalina.core.AprLifecycleListener init
INFO: APR capabilities: IPv6 [true], sendfile [true], accept filters [false], random [true].
13/10/2010 03:06:50 org.apache.coyote.http11.Http11AprProtocol init
INFO: Initializing Coyote HTTP/1.1 on http-8080
13/10/2010 03:06:50 org.apache.coyote.ajp.AjpAprProtocol init
INFO: Initializing Coyote AJP/1.3 on ajp-8009
13/10/2010 03:06:50 org.apache.catalina.startup.Catalina load
INFO: Initialization processed in 843 ms
13/10/2010 03:06:50 org.apache.catalina.core.StandardService start
INFO: Starting service Catalina
13/10/2010 03:06:50 org.apache.catalina.core.StandardEngine start
INFO: Starting Servlet Engine: Apache Tomcat/6.0.29
13/10/2010 03:06:50 org.apache.catalina.startup.HostConfig deployDescriptor
INFO: Deploying configuration descriptor host-manager.xml
13/10/2010 03:06:51 org.apache.catalina.startup.HostConfig deployDescriptor
INFO: Deploying configuration descriptor manager.xml
13/10/2010 03:06:51 org.apache.catalina.startup.HostConfig deployDescriptor
INFO: Deploying configuration descriptor ROOT.xml
13/10/2010 03:06:51 org.apache.catalina.startup.HostConfig deployDirectory
INFO: Deploying web application directory docs
13/10/2010 03:06:51 org.apache.catalina.startup.HostConfig deployDirectory
INFO: Deploying web application directory examples
13/10/2010 03:06:51 org.apache.coyote.http11.Http11AprProtocol start
INFO: Starting Coyote HTTP/1.1 on http-8080
13/10/2010 03:06:51 org.apache.coyote.ajp.AjpAprProtocol start
INFO: Starting Coyote AJP/1.3 on ajp-8009
13/10/2010 03:06:51 org.apache.catalina.startup.Catalina start
INFO: Server startup in 913 ms
13/10/2010 03:13:10 org.apache.catalina.startup.HostConfig checkResources
INFO: Undeploying context []
13/10/2010 03:13:10 org.apache.catalina.startup.HostConfig deployDescriptor
INFO: Deploying configuration descriptor ROOT.xml
13/10/2010 03:13:10 org.apache.catalina.core.StandardContext start
INFO: Container org.apache.catalina.core.ContainerBase.[Catalina].[localhost].[/] has already been started
13/10/2010 03:15:33 org.apache.catalina.startup.HostConfig checkResources
INFO: Undeploying context []
13/10/2010 03:15:33 org.apache.catalina.startup.HostConfig deployDescriptor
INFO: Deploying configuration descriptor ROOT.xml
13/10/2010 03:15:33 org.apache.catalina.core.StandardContext start
INFO: Container org.apache.catalina.core.ContainerBase.[Catalina].[localhost].[/] has already been started
13/10/2010 03:16:21 org.apache.coyote.http11.Http11AprProtocol pause
INFO: Pausing Coyote HTTP/1.1 on http-8080
13/10/2010 03:16:21 org.apache.coyote.ajp.AjpAprProtocol pause
INFO: Pausing Coyote AJP/1.3 on ajp-8009
13/10/2010 03:16:22 org.apache.catalina.core.StandardService stop
INFO: Stopping service Catalina
13/10/2010 03:16:22 org.apache.coyote.http11.Http11AprProtocol destroy
INFO: Stopping Coyote HTTP/1.1 on http-8080
13/10/2010 03:16:23 org.apache.coyote.ajp.AjpAprProtocol destroy
INFO: Stopping Coyote AJP/1.3 on ajp-8009
13/10/2010 03:16:26 org.apache.catalina.core.AprLifecycleListener init
INFO: Loaded APR based Apache Tomcat Native library 1.1.20.
13/10/2010 03:16:26 org.apache.catalina.core.AprLifecycleListener init
INFO: APR capabilities: IPv6 [true], sendfile [true], accept filters [false], random [true].
13/10/2010 03:16:27 org.apache.coyote.http11.Http11AprProtocol init
INFO: Initializing Coyote HTTP/1.1 on http-8080
13/10/2010 03:16:27 org.apache.coyote.ajp.AjpAprProtocol init
INFO: Initializing Coyote AJP/1.3 on ajp-8009
13/10/2010 03:16:27 org.apache.catalina.startup.Catalina load
INFO: Initialization processed in 1056 ms
13/10/2010 03:16:27 org.apache.catalina.core.StandardService start
INFO: Starting service Catalina
13/10/2010 03:16:27 org.apache.catalina.core.StandardEngine start
INFO: Starting Servlet Engine: Apache Tomcat/6.0.29
13/10/2010 03:16:27 org.apache.catalina.startup.HostConfig deployDescriptor
INFO: Deploying configuration descriptor host-manager.xml
13/10/2010 03:16:27 org.apache.catalina.startup.HostConfig deployDescriptor
INFO: Deploying configuration descriptor manager.xml
13/10/2010 03:16:27 org.apache.catalina.startup.HostConfig deployDescriptor
INFO: Deploying configuration descriptor ROOT.xml
13/10/2010 03:16:28 org.apache.catalina.startup.HostConfig deployDirectory
INFO: Deploying web application directory docs
13/10/2010 03:16:28 org.apache.catalina.startup.HostConfig deployDirectory
INFO: Deploying web application directory examples
13/10/2010 03:16:28 org.apache.coyote.http11.Http11AprProtocol start
INFO: Starting Coyote HTTP/1.1 on http-8080
13/10/2010 03:16:28 org.apache.coyote.ajp.AjpAprProtocol start
INFO: Starting Coyote AJP/1.3 on ajp-8009
13/10/2010 03:16:28 org.apache.catalina.startup.Catalina start
INFO: Server startup in 999 ms
13/10/2010 03:16:31 org.apache.catalina.startup.HostConfig checkResources
INFO: Undeploying context []
13/10/2010 03:16:31 org.apache.catalina.startup.HostConfig deployDescriptor
INFO: Deploying configuration descriptor ROOT.xml
13/10/2010 03:16:31 org.apache.catalina.core.StandardContext start
INFO: Container org.apache.catalina.core.ContainerBase.[Catalina].[localhost].[/] has already been started
13/10/2010 03:17:38 org.apache.catalina.startup.HostConfig checkResources
INFO: Undeploying context []
13/10/2010 03:17:38 org.apache.catalina.startup.HostConfig deployDescriptor
INFO: Deploying configuration descriptor ROOT.xml
13/10/2010 03:17:38 org.apache.catalina.core.StandardContext start
INFO: Container org.apache.catalina.core.ContainerBase.[Catalina].[localhost].[/] has already been started
13/10/2010 03:18:51 org.apache.catalina.startup.HostConfig checkResources
INFO: Undeploying context []
13/10/2010 03:18:51 org.apache.catalina.startup.HostConfig deployDescriptor
INFO: Deploying configuration descriptor ROOT.xml
13/10/2010 03:18:51 org.apache.catalina.core.StandardContext start
INFO: Container org.apache.catalina.core.ContainerBase.[Catalina].[localhost].[/] has already been started
13/10/2010 03:19:12 org.apache.catalina.startup.HostConfig checkResources
INFO: Undeploying context []
13/10/2010 03:19:12 org.apache.catalina.startup.HostConfig deployDescriptor
INFO: Deploying configuration descriptor ROOT.xml
13/10/2010 03:19:12 org.apache.catalina.core.StandardContext start
INFO: Container org.apache.catalina.core.ContainerBase.[Catalina].[localhost].[/] has already been started
13/10/2010 03:20:52 org.apache.catalina.startup.HostConfig checkResources
INFO: Undeploying context []
13/10/2010 03:20:52 org.apache.catalina.startup.HostConfig deployDescriptor
INFO: Deploying configuration descriptor ROOT.xml
13/10/2010 03:20:52 org.apache.catalina.core.StandardContext start
INFO: Container org.apache.catalina.core.ContainerBase.[Catalina].[localhost].[/] has already been started
13/10/2010 03:22:33 org.apache.catalina.startup.HostConfig checkResources
INFO: Undeploying context []
13/10/2010 03:22:33 org.apache.catalina.startup.HostConfig deployDescriptor
INFO: Deploying configuration descriptor ROOT.xml
13/10/2010 03:22:33 org.apache.catalina.core.StandardContext start
INFO: Container org.apache.catalina.core.ContainerBase.[Catalina].[localhost].[/] has already been started
13/10/2010 03:26:29 org.apache.catalina.startup.HostConfig checkResources
INFO: Undeploying context []
13/10/2010 03:26:29 org.apache.catalina.startup.HostConfig deployDescriptor
INFO: Deploying configuration descriptor ROOT.xml
13/10/2010 03:26:29 org.apache.catalina.core.StandardContext start
INFO: Container org.apache.catalina.core.ContainerBase.[Catalina].[localhost].[/] has already been started
13/10/2010 03:27:32 org.apache.catalina.startup.HostConfig checkResources
INFO: Undeploying context []
13/10/2010 03:27:32 org.apache.catalina.startup.HostConfig deployDescriptor
INFO: Deploying configuration descriptor ROOT.xml
13/10/2010 03:27:32 org.apache.catalina.core.StandardContext start
INFO: Container org.apache.catalina.core.ContainerBase.[Catalina].[localhost].[/] has already been started
13/10/2010 03:28:12 org.apache.catalina.startup.HostConfig checkResources
INFO: Undeploying context []
13/10/2010 03:28:12 org.apache.catalina.startup.HostConfig deployDescriptor
INFO: Deploying configuration descriptor ROOT.xml
13/10/2010 03:28:12 org.apache.catalina.core.StandardContext start
INFO: Container org.apache.catalina.core.ContainerBase.[Catalina].[localhost].[/] has already been started
13/10/2010 03:28:50 org.apache.catalina.startup.HostConfig checkResources
INFO: Undeploying context []
13/10/2010 03:28:50 org.apache.catalina.startup.HostConfig deployDescriptor
INFO: Deploying configuration descriptor ROOT.xml
13/10/2010 03:28:51 org.apache.catalina.core.StandardContext start
INFO: Container org.apache.catalina.core.ContainerBase.[Catalina].[localhost].[/] has already been started
13/10/2010 03:31:01 org.apache.catalina.startup.HostConfig checkResources
INFO: Undeploying context []
13/10/2010 03:31:01 org.apache.catalina.startup.HostConfig deployDescriptor
INFO: Deploying configuration descriptor ROOT.xml
13/10/2010 03:31:01 org.apache.catalina.core.StandardContext start
INFO: Container org.apache.catalina.core.ContainerBase.[Catalina].[localhost].[/] has already been started
13/10/2010 03:32:24 org.apache.catalina.startup.HostConfig checkResources
INFO: Undeploying context []
13/10/2010 03:32:24 org.apache.catalina.startup.HostConfig deployDescriptor
INFO: Deploying configuration descriptor ROOT.xml
13/10/2010 03:32:24 org.apache.catalina.core.StandardContext start
INFO: Container org.apache.catalina.core.ContainerBase.[Catalina].[localhost].[/] has already been started
13/10/2010 03:32:58 org.apache.catalina.startup.HostConfig checkResources
INFO: Undeploying context []
13/10/2010 03:32:58 org.apache.catalina.startup.HostConfig deployDescriptor
INFO: Deploying configuration descriptor ROOT.xml
13/10/2010 03:32:58 org.apache.catalina.core.StandardContext start
INFO: Container org.apache.catalina.core.ContainerBase.[Catalina].[localhost].[/] has already been started
13/10/2010 03:33:15 org.apache.catalina.startup.HostConfig checkResources
INFO: Undeploying context []
13/10/2010 03:33:15 org.apache.catalina.startup.HostConfig deployDescriptor
INFO: Deploying configuration descriptor ROOT.xml
13/10/2010 03:33:15 org.apache.catalina.core.StandardContext start
INFO: Container org.apache.catalina.core.ContainerBase.[Catalina].[localhost].[/] has already been started
13/10/2010 03:34:10 org.apache.catalina.startup.HostConfig checkResources
INFO: Undeploying context []
13/10/2010 03:34:10 org.apache.catalina.startup.HostConfig deployDescriptor
INFO: Deploying configuration descriptor ROOT.xml
13/10/2010 03:34:10 org.apache.catalina.core.StandardContext start
INFO: Container org.apache.catalina.core.ContainerBase.[Catalina].[localhost].[/] has already been started
13/10/2010 03:35:01 org.apache.catalina.startup.HostConfig checkResources
INFO: Undeploying context []
13/10/2010 03:35:01 org.apache.catalina.startup.HostConfig deployDescriptor
INFO: Deploying configuration descriptor ROOT.xml
13/10/2010 03:35:01 org.apache.catalina.core.StandardContext start
INFO: Container org.apache.catalina.core.ContainerBase.[Catalina].[localhost].[/] has already been started
13/10/2010 03:36:40 org.apache.coyote.http11.Http11AprProtocol pause
INFO: Pausing Coyote HTTP/1.1 on http-8080
13/10/2010 03:36:40 org.apache.coyote.ajp.AjpAprProtocol pause
INFO: Pausing Coyote AJP/1.3 on ajp-8009
13/10/2010 03:36:41 org.apache.catalina.core.StandardService stop
INFO: Stopping service Catalina
13/10/2010 03:36:41 org.apache.coyote.http11.Http11AprProtocol destroy
INFO: Stopping Coyote HTTP/1.1 on http-8080
13/10/2010 03:36:41 org.apache.coyote.ajp.AjpAprProtocol destroy
INFO: Stopping Coyote AJP/1.3 on ajp-8009
13/10/2010 17:05:01 org.apache.catalina.core.AprLifecycleListener init
INFO: Loaded APR based Apache Tomcat Native library 1.1.20.
13/10/2010 17:05:01 org.apache.catalina.core.AprLifecycleListener init
INFO: APR capabilities: IPv6 [true], sendfile [true], accept filters [false], random [true].
13/10/2010 17:05:02 org.apache.coyote.http11.Http11AprProtocol init
INFO: Initializing Coyote HTTP/1.1 on http-8080
13/10/2010 17:05:02 org.apache.coyote.ajp.AjpAprProtocol init
INFO: Initializing Coyote AJP/1.3 on ajp-8009
13/10/2010 17:05:02 org.apache.catalina.startup.Catalina load
INFO: Initialization processed in 979 ms
13/10/2010 17:05:02 org.apache.catalina.core.StandardService start
INFO: Starting service Catalina
13/10/2010 17:05:02 org.apache.catalina.core.StandardEngine start
INFO: Starting Servlet Engine: Apache Tomcat/6.0.29
13/10/2010 17:05:02 org.apache.catalina.startup.HostConfig deployDescriptor
INFO: Deploying configuration descriptor host-manager.xml
13/10/2010 17:05:02 org.apache.catalina.startup.HostConfig deployDescriptor
INFO: Deploying configuration descriptor manager.xml
13/10/2010 17:05:02 org.apache.catalina.startup.HostConfig deployDescriptor
INFO: Deploying configuration descriptor ROOT.xml
13/10/2010 17:05:03 org.apache.catalina.startup.HostConfig deployDirectory
INFO: Deploying web application directory docs
13/10/2010 17:05:03 org.apache.catalina.startup.HostConfig deployDirectory
INFO: Deploying web application directory examples
13/10/2010 17:05:03 org.apache.coyote.http11.Http11AprProtocol start
INFO: Starting Coyote HTTP/1.1 on http-8080
13/10/2010 17:05:03 org.apache.coyote.ajp.AjpAprProtocol start
INFO: Starting Coyote AJP/1.3 on ajp-8009
13/10/2010 17:05:03 org.apache.catalina.startup.Catalina start
INFO: Server startup in 1446 ms
13/10/2010 17:05:04 org.apache.catalina.startup.HostConfig checkResources
INFO: Undeploying context []
13/10/2010 17:05:04 org.apache.catalina.startup.HostConfig deployDescriptor
INFO: Deploying configuration descriptor ROOT.xml
13/10/2010 17:05:04 org.apache.catalina.core.StandardContext start
INFO: Container org.apache.catalina.core.ContainerBase.[Catalina].[localhost].[/] has already been started
13/10/2010 17:07:40 org.apache.catalina.startup.HostConfig checkResources
INFO: Undeploying context []
13/10/2010 17:07:40 org.apache.catalina.startup.HostConfig deployDescriptor
INFO: Deploying configuration descriptor ROOT.xml
13/10/2010 17:07:41 org.apache.catalina.core.StandardContext start
INFO: Container org.apache.catalina.core.ContainerBase.[Catalina].[localhost].[/] has already been started
13/10/2010 17:09:43 org.apache.catalina.startup.HostConfig checkResources
INFO: Undeploying context []
13/10/2010 17:09:43 org.apache.catalina.startup.HostConfig deployDescriptor
INFO: Deploying configuration descriptor ROOT.xml
13/10/2010 17:09:43 org.apache.catalina.core.StandardContext start
INFO: Container org.apache.catalina.core.ContainerBase.[Catalina].[localhost].[/] has already been started
13/10/2010 17:11:30 org.apache.catalina.startup.HostConfig checkResources
INFO: Undeploying context []
13/10/2010 17:11:30 org.apache.catalina.startup.HostConfig deployDescriptor
INFO: Deploying configuration descriptor ROOT.xml
13/10/2010 17:11:30 org.apache.catalina.core.StandardContext start
INFO: Container org.apache.catalina.core.ContainerBase.[Catalina].[localhost].[/] has already been started
13/10/2010 18:14:36 org.apache.catalina.startup.HostConfig checkResources
INFO: Undeploying context []
13/10/2010 18:14:36 org.apache.catalina.startup.HostConfig deployDescriptor
INFO: Deploying configuration descriptor ROOT.xml
13/10/2010 18:14:36 org.apache.catalina.core.StandardContext start
INFO: Container org.apache.catalina.core.ContainerBase.[Catalina].[localhost].[/] has already been started
13/10/2010 18:16:12 org.apache.catalina.startup.HostConfig checkResources
INFO: Undeploying context []
13/10/2010 18:16:12 org.apache.catalina.startup.HostConfig deployDescriptor
INFO: Deploying configuration descriptor ROOT.xml
13/10/2010 18:16:12 org.apache.catalina.core.StandardContext start
INFO: Container org.apache.catalina.core.ContainerBase.[Catalina].[localhost].[/] has already been started
13/10/2010 18:16:49 org.apache.catalina.startup.HostConfig checkResources
INFO: Undeploying context []
13/10/2010 18:16:49 org.apache.catalina.startup.HostConfig deployDescriptor
INFO: Deploying configuration descriptor ROOT.xml
13/10/2010 18:16:49 org.apache.catalina.core.StandardContext start
INFO: Container org.apache.catalina.core.ContainerBase.[Catalina].[localhost].[/] has already been started
13/10/2010 18:18:07 org.apache.catalina.startup.HostConfig checkResources
INFO: Undeploying context []
13/10/2010 18:18:07 org.apache.catalina.startup.HostConfig deployDescriptor
INFO: Deploying configuration descriptor ROOT.xml
13/10/2010 18:18:07 org.apache.catalina.core.StandardContext start
INFO: Container org.apache.catalina.core.ContainerBase.[Catalina].[localhost].[/] has already been started
13/10/2010 18:19:09 org.apache.catalina.startup.HostConfig checkResources
INFO: Undeploying context []
13/10/2010 18:19:09 org.apache.catalina.startup.HostConfig deployDescriptor
INFO: Deploying configuration descriptor ROOT.xml
13/10/2010 18:19:09 org.apache.catalina.core.StandardContext start
INFO: Container org.apache.catalina.core.ContainerBase.[Catalina].[localhost].[/] has already been started
13/10/2010 18:20:36 org.apache.catalina.startup.HostConfig checkResources
INFO: Undeploying context []
13/10/2010 18:20:36 org.apache.catalina.startup.HostConfig deployDescriptor
INFO: Deploying configuration descriptor ROOT.xml
13/10/2010 18:20:36 org.apache.catalina.core.StandardContext start
INFO: Container org.apache.catalina.core.ContainerBase.[Catalina].[localhost].[/] has already been started
13/10/2010 18:23:56 org.apache.catalina.startup.HostConfig checkResources
INFO: Undeploying context []
13/10/2010 18:23:56 org.apache.catalina.startup.HostConfig deployDescriptor
INFO: Deploying configuration descriptor ROOT.xml
13/10/2010 18:23:56 org.apache.catalina.core.StandardContext start
INFO: Container org.apache.catalina.core.ContainerBase.[Catalina].[localhost].[/] has already been started
13/10/2010 18:24:44 org.apache.catalina.startup.HostConfig checkResources
INFO: Undeploying context []
13/10/2010 18:24:44 org.apache.catalina.startup.HostConfig deployDescriptor
INFO: Deploying configuration descriptor ROOT.xml
13/10/2010 18:24:44 org.apache.catalina.core.StandardContext start
INFO: Container org.apache.catalina.core.ContainerBase.[Catalina].[localhost].[/] has already been started
13/10/2010 18:25:32 org.apache.catalina.startup.HostConfig checkResources
INFO: Undeploying context []
13/10/2010 18:25:32 org.apache.catalina.startup.HostConfig deployDescriptor
INFO: Deploying configuration descriptor ROOT.xml
13/10/2010 18:25:33 org.apache.catalina.core.StandardContext start
INFO: Container org.apache.catalina.core.ContainerBase.[Catalina].[localhost].[/] has already been started
