09/11/2010 23:55:04 org.apache.catalina.core.AprLifecycleListener init
INFO: Loaded APR based Apache Tomcat Native library 1.1.20.
09/11/2010 23:55:04 org.apache.catalina.core.AprLifecycleListener init
INFO: APR capabilities: IPv6 [true], sendfile [true], accept filters [false], random [true].
09/11/2010 23:55:05 org.apache.coyote.http11.Http11AprProtocol init
INFO: Initializing Coyote HTTP/1.1 on http-8080
09/11/2010 23:55:05 org.apache.coyote.ajp.AjpAprProtocol init
INFO: Initializing Coyote AJP/1.3 on ajp-8009
09/11/2010 23:55:05 org.apache.catalina.startup.Catalina load
INFO: Initialization processed in 1090 ms
09/11/2010 23:55:05 org.apache.catalina.core.StandardService start
INFO: Starting service Catalina
09/11/2010 23:55:05 org.apache.catalina.core.StandardEngine start
INFO: Starting Servlet Engine: Apache Tomcat/6.0.29
09/11/2010 23:55:05 org.apache.catalina.startup.HostConfig deployDescriptor
INFO: Deploying configuration descriptor host-manager.xml
09/11/2010 23:55:05 org.apache.catalina.startup.HostConfig deployDescriptor
INFO: Deploying configuration descriptor manager.xml
09/11/2010 23:55:05 org.apache.catalina.startup.HostConfig deployDescriptor
INFO: Deploying configuration descriptor ROOT.xml
09/11/2010 23:55:06 org.apache.catalina.startup.HostConfig deployDirectory
INFO: Deploying web application directory docs
09/11/2010 23:55:06 org.apache.catalina.startup.HostConfig deployDirectory
INFO: Deploying web application directory examples
09/11/2010 23:55:06 org.apache.coyote.http11.Http11AprProtocol start
INFO: Starting Coyote HTTP/1.1 on http-8080
09/11/2010 23:55:06 org.apache.coyote.ajp.AjpAprProtocol start
INFO: Starting Coyote AJP/1.3 on ajp-8009
09/11/2010 23:55:06 org.apache.catalina.startup.Catalina start
INFO: Server startup in 1152 ms
09/11/2010 23:55:24 org.apache.catalina.startup.HostConfig checkResources
INFO: Undeploying context []
09/11/2010 23:55:24 org.apache.catalina.startup.HostConfig deployDescriptor
INFO: Deploying configuration descriptor ROOT.xml
09/11/2010 23:55:24 org.apache.catalina.core.StandardContext start
INFO: Container org.apache.catalina.core.ContainerBase.[Catalina].[localhost].[/] has already been started
09/11/2010 23:57:38 org.apache.catalina.startup.HostConfig checkResources
INFO: Undeploying context []
09/11/2010 23:57:38 org.apache.catalina.startup.HostConfig deployDescriptor
INFO: Deploying configuration descriptor ROOT.xml
09/11/2010 23:57:38 org.apache.catalina.core.StandardContext start
INFO: Container org.apache.catalina.core.ContainerBase.[Catalina].[localhost].[/] has already been started
