13/11/2010 00:44:58 org.apache.catalina.core.AprLifecycleListener init
INFO: Loaded APR based Apache Tomcat Native library 1.1.20.
13/11/2010 00:44:58 org.apache.catalina.core.AprLifecycleListener init
INFO: APR capabilities: IPv6 [true], sendfile [true], accept filters [false], random [true].
13/11/2010 00:44:59 org.apache.coyote.http11.Http11AprProtocol init
INFO: Initializing Coyote HTTP/1.1 on http-8080
13/11/2010 00:44:59 org.apache.coyote.ajp.AjpAprProtocol init
INFO: Initializing Coyote AJP/1.3 on ajp-8009
13/11/2010 00:44:59 org.apache.catalina.startup.Catalina load
INFO: Initialization processed in 939 ms
13/11/2010 00:44:59 org.apache.catalina.core.StandardService start
INFO: Starting service Catalina
13/11/2010 00:44:59 org.apache.catalina.core.StandardEngine start
INFO: Starting Servlet Engine: Apache Tomcat/6.0.29
13/11/2010 00:44:59 org.apache.catalina.startup.HostConfig deployDescriptor
INFO: Deploying configuration descriptor host-manager.xml
13/11/2010 00:44:59 org.apache.catalina.startup.HostConfig deployDescriptor
INFO: Deploying configuration descriptor manager.xml
13/11/2010 00:44:59 org.apache.catalina.startup.HostConfig deployDescriptor
INFO: Deploying configuration descriptor ROOT.xml
13/11/2010 00:45:00 org.apache.catalina.startup.HostConfig deployDirectory
INFO: Deploying web application directory docs
13/11/2010 00:45:00 org.apache.catalina.startup.HostConfig deployDirectory
INFO: Deploying web application directory examples
13/11/2010 00:45:00 org.apache.coyote.http11.Http11AprProtocol start
INFO: Starting Coyote HTTP/1.1 on http-8080
13/11/2010 00:45:00 org.apache.coyote.ajp.AjpAprProtocol start
INFO: Starting Coyote AJP/1.3 on ajp-8009
13/11/2010 00:45:00 org.apache.catalina.startup.Catalina start
INFO: Server startup in 1284 ms
13/11/2010 00:45:01 org.apache.catalina.startup.HostConfig checkResources
INFO: Undeploying context []
13/11/2010 00:45:01 org.apache.catalina.startup.HostConfig deployDescriptor
INFO: Deploying configuration descriptor ROOT.xml
13/11/2010 00:45:01 org.apache.catalina.core.StandardContext start
INFO: Container org.apache.catalina.core.ContainerBase.[Catalina].[localhost].[/] has already been started
13/11/2010 00:46:11 org.apache.coyote.http11.Http11AprProtocol pause
INFO: Pausing Coyote HTTP/1.1 on http-8080
13/11/2010 00:46:11 org.apache.coyote.ajp.AjpAprProtocol pause
INFO: Pausing Coyote AJP/1.3 on ajp-8009
13/11/2010 00:46:12 org.apache.catalina.core.StandardService stop
INFO: Stopping service Catalina
13/11/2010 00:46:12 org.apache.coyote.http11.Http11AprProtocol destroy
INFO: Stopping Coyote HTTP/1.1 on http-8080
13/11/2010 00:46:12 org.apache.coyote.ajp.AjpAprProtocol destroy
INFO: Stopping Coyote AJP/1.3 on ajp-8009
13/11/2010 00:46:16 org.apache.catalina.core.AprLifecycleListener init
INFO: Loaded APR based Apache Tomcat Native library 1.1.20.
13/11/2010 00:46:16 org.apache.catalina.core.AprLifecycleListener init
INFO: APR capabilities: IPv6 [true], sendfile [true], accept filters [false], random [true].
13/11/2010 00:46:17 org.apache.coyote.http11.Http11AprProtocol init
INFO: Initializing Coyote HTTP/1.1 on http-8080
13/11/2010 00:46:17 org.apache.coyote.ajp.AjpAprProtocol init
INFO: Initializing Coyote AJP/1.3 on ajp-8009
13/11/2010 00:46:17 org.apache.catalina.startup.Catalina load
INFO: Initialization processed in 1062 ms
13/11/2010 00:46:17 org.apache.catalina.core.StandardService start
INFO: Starting service Catalina
13/11/2010 00:46:17 org.apache.catalina.core.StandardEngine start
INFO: Starting Servlet Engine: Apache Tomcat/6.0.29
13/11/2010 00:46:17 org.apache.catalina.startup.HostConfig deployDescriptor
INFO: Deploying configuration descriptor host-manager.xml
13/11/2010 00:46:17 org.apache.catalina.startup.HostConfig deployDescriptor
INFO: Deploying configuration descriptor manager.xml
13/11/2010 00:46:17 org.apache.catalina.startup.HostConfig deployDescriptor
INFO: Deploying configuration descriptor ROOT.xml
13/11/2010 00:46:18 org.apache.catalina.startup.HostConfig deployDirectory
INFO: Deploying web application directory docs
13/11/2010 00:46:18 org.apache.catalina.startup.HostConfig deployDirectory
INFO: Deploying web application directory examples
13/11/2010 00:46:18 org.apache.coyote.http11.Http11AprProtocol start
INFO: Starting Coyote HTTP/1.1 on http-8080
13/11/2010 00:46:18 org.apache.coyote.ajp.AjpAprProtocol start
INFO: Starting Coyote AJP/1.3 on ajp-8009
13/11/2010 00:46:18 org.apache.catalina.startup.Catalina start
INFO: Server startup in 1100 ms
13/11/2010 00:46:21 org.apache.catalina.startup.HostConfig checkResources
INFO: Undeploying context []
13/11/2010 00:46:21 org.apache.catalina.startup.HostConfig deployDescriptor
INFO: Deploying configuration descriptor ROOT.xml
13/11/2010 00:46:21 org.apache.catalina.core.StandardContext start
INFO: Container org.apache.catalina.core.ContainerBase.[Catalina].[localhost].[/] has already been started
13/11/2010 00:48:10 org.apache.catalina.startup.HostConfig checkResources
INFO: Undeploying context []
13/11/2010 00:48:10 org.apache.catalina.startup.HostConfig deployDescriptor
INFO: Deploying configuration descriptor ROOT.xml
13/11/2010 00:48:10 org.apache.catalina.core.StandardContext start
INFO: Container org.apache.catalina.core.ContainerBase.[Catalina].[localhost].[/] has already been started
13/11/2010 00:49:18 org.apache.catalina.startup.HostConfig checkResources
INFO: Reloading context []
13/11/2010 00:50:58 org.apache.catalina.startup.HostConfig checkResources
INFO: Reloading context []
13/11/2010 00:52:04 org.apache.catalina.startup.HostConfig checkResources
INFO: Undeploying context []
13/11/2010 00:52:04 org.apache.catalina.startup.HostConfig deployDescriptor
INFO: Deploying configuration descriptor ROOT.xml
13/11/2010 00:52:04 org.apache.catalina.core.StandardContext start
INFO: Container org.apache.catalina.core.ContainerBase.[Catalina].[localhost].[/] has already been started
13/11/2010 00:54:37 org.apache.catalina.startup.HostConfig checkResources
INFO: Undeploying context []
13/11/2010 00:54:37 org.apache.catalina.startup.HostConfig deployDescriptor
INFO: Deploying configuration descriptor ROOT.xml
13/11/2010 00:54:37 org.apache.catalina.core.StandardContext start
INFO: Container org.apache.catalina.core.ContainerBase.[Catalina].[localhost].[/] has already been started
13/11/2010 00:57:08 org.apache.catalina.startup.HostConfig checkResources
INFO: Reloading context []
13/11/2010 00:57:16 org.apache.catalina.startup.HostConfig checkResources
INFO: Undeploying context []
13/11/2010 00:57:16 org.apache.catalina.startup.HostConfig deployDescriptor
INFO: Deploying configuration descriptor ROOT.xml
13/11/2010 00:57:16 org.apache.catalina.core.StandardContext start
INFO: Container org.apache.catalina.core.ContainerBase.[Catalina].[localhost].[/] has already been started
13/11/2010 00:59:37 org.apache.catalina.startup.HostConfig checkResources
INFO: Undeploying context []
13/11/2010 00:59:37 org.apache.catalina.startup.HostConfig deployDescriptor
INFO: Deploying configuration descriptor ROOT.xml
13/11/2010 00:59:37 org.apache.catalina.core.StandardContext start
INFO: Container org.apache.catalina.core.ContainerBase.[Catalina].[localhost].[/] has already been started
13/11/2010 01:01:08 org.apache.catalina.startup.HostConfig checkResources
INFO: Undeploying context []
13/11/2010 01:01:08 org.apache.catalina.startup.HostConfig deployDescriptor
INFO: Deploying configuration descriptor ROOT.xml
13/11/2010 01:01:08 org.apache.catalina.core.StandardContext start
INFO: Container org.apache.catalina.core.ContainerBase.[Catalina].[localhost].[/] has already been started
13/11/2010 01:01:53 org.apache.catalina.startup.HostConfig checkResources
INFO: Undeploying context []
13/11/2010 01:01:53 org.apache.catalina.startup.HostConfig deployDescriptor
INFO: Deploying configuration descriptor ROOT.xml
13/11/2010 01:01:53 org.apache.tomcat.util.digester.Digester endElement
GRAVE: End event threw exception
java.lang.reflect.InvocationTargetException
	at sun.reflect.GeneratedMethodAccessor18.invoke(Unknown Source)
	at sun.reflect.DelegatingMethodAccessorImpl.invoke(DelegatingMethodAccessorImpl.java:25)
	at java.lang.reflect.Method.invoke(Method.java:597)
	at org.apache.tomcat.util.IntrospectionUtils.callMethodN(IntrospectionUtils.java:959)
	at org.apache.catalina.startup.CallMethodMultiRule.end(WebRuleSet.java:775)
	at org.apache.tomcat.util.digester.Rule.end(Rule.java:229)
	at org.apache.tomcat.util.digester.Digester.endElement(Digester.java:1138)
	at com.sun.org.apache.xerces.internal.parsers.AbstractSAXParser.endElement(AbstractSAXParser.java:601)
	at com.sun.org.apache.xerces.internal.impl.XMLDocumentFragmentScannerImpl.scanEndElement(XMLDocumentFragmentScannerImpl.java:1782)
	at com.sun.org.apache.xerces.internal.impl.XMLDocumentFragmentScannerImpl$FragmentContentDriver.next(XMLDocumentFragmentScannerImpl.java:2938)
	at com.sun.org.apache.xerces.internal.impl.XMLDocumentScannerImpl.next(XMLDocumentScannerImpl.java:648)
	at com.sun.org.apache.xerces.internal.impl.XMLDocumentFragmentScannerImpl.scanDocument(XMLDocumentFragmentScannerImpl.java:511)
	at com.sun.org.apache.xerces.internal.parsers.XML11Configuration.parse(XML11Configuration.java:808)
	at com.sun.org.apache.xerces.internal.parsers.XML11Configuration.parse(XML11Configuration.java:737)
	at com.sun.org.apache.xerces.internal.parsers.XMLParser.parse(XMLParser.java:119)
	at com.sun.org.apache.xerces.internal.parsers.AbstractSAXParser.parse(AbstractSAXParser.java:1205)
	at com.sun.org.apache.xerces.internal.jaxp.SAXParserImpl$JAXPSAXParser.parse(SAXParserImpl.java:522)
	at org.apache.tomcat.util.digester.Digester.parse(Digester.java:1642)
	at org.apache.catalina.startup.ContextConfig.applicationWebConfig(ContextConfig.java:365)
	at org.apache.catalina.startup.ContextConfig.start(ContextConfig.java:1076)
	at org.apache.catalina.startup.ContextConfig.lifecycleEvent(ContextConfig.java:261)
	at org.apache.catalina.util.LifecycleSupport.fireLifecycleEvent(LifecycleSupport.java:119)
	at org.apache.catalina.core.StandardContext.start(StandardContext.java:4540)
	at org.apache.catalina.core.ContainerBase.addChildInternal(ContainerBase.java:791)
	at org.apache.catalina.core.ContainerBase.addChild(ContainerBase.java:771)
	at org.apache.catalina.core.StandardHost.addChild(StandardHost.java:546)
	at org.apache.catalina.startup.HostConfig.deployDescriptor(HostConfig.java:637)
	at org.apache.catalina.startup.HostConfig.deployApps(HostConfig.java:521)
	at org.apache.catalina.startup.HostConfig.check(HostConfig.java:1359)
	at sun.reflect.NativeMethodAccessorImpl.invoke0(Native Method)
	at sun.reflect.NativeMethodAccessorImpl.invoke(NativeMethodAccessorImpl.java:39)
	at sun.reflect.DelegatingMethodAccessorImpl.invoke(DelegatingMethodAccessorImpl.java:25)
	at java.lang.reflect.Method.invoke(Method.java:597)
	at org.apache.tomcat.util.modeler.BaseModelMBean.invoke(BaseModelMBean.java:297)
	at com.sun.jmx.interceptor.DefaultMBeanServerInterceptor.invoke(DefaultMBeanServerInterceptor.java:836)
	at com.sun.jmx.mbeanserver.JmxMBeanServer.invoke(JmxMBeanServer.java:761)
	at org.apache.catalina.manager.ManagerServlet.check(ManagerServlet.java:1500)
	at org.apache.catalina.manager.ManagerServlet.deploy(ManagerServlet.java:849)
	at org.apache.catalina.manager.ManagerServlet.doGet(ManagerServlet.java:351)
	at javax.servlet.http.HttpServlet.service(HttpServlet.java:617)
	at javax.servlet.http.HttpServlet.service(HttpServlet.java:717)
	at org.apache.catalina.core.ApplicationFilterChain.internalDoFilter(ApplicationFilterChain.java:290)
	at org.apache.catalina.core.ApplicationFilterChain.doFilter(ApplicationFilterChain.java:206)
	at org.apache.catalina.core.StandardWrapperValve.invoke(StandardWrapperValve.java:233)
	at org.apache.catalina.core.StandardContextValve.invoke(StandardContextValve.java:191)
	at org.apache.catalina.authenticator.AuthenticatorBase.invoke(AuthenticatorBase.java:563)
	at org.apache.catalina.core.StandardHostValve.invoke(StandardHostValve.java:127)
	at org.apache.catalina.valves.ErrorReportValve.invoke(ErrorReportValve.java:102)
	at org.apache.catalina.core.StandardEngineValve.invoke(StandardEngineValve.java:109)
	at org.apache.catalina.connector.CoyoteAdapter.service(CoyoteAdapter.java:298)
	at org.apache.coyote.http11.Http11AprProcessor.process(Http11AprProcessor.java:861)
	at org.apache.coyote.http11.Http11AprProtocol$Http11ConnectionHandler.process(Http11AprProtocol.java:579)
	at org.apache.tomcat.util.net.AprEndpoint$Worker.run(AprEndpoint.java:1584)
	at java.lang.Thread.run(Thread.java:619)
Caused by: java.lang.IllegalArgumentException: Invalid <url-pattern> null in servlet mapping
	at org.apache.catalina.core.StandardContext.addServletMapping(StandardContext.java:2675)
	at org.apache.catalina.core.StandardContext.addServletMapping(StandardContext.java:2651)
	... 54 more
13/11/2010 01:01:53 org.apache.catalina.startup.ContextConfig applicationWebConfig
GRAVE: Parse error in application web.xml file at jndi:/localhost/WEB-INF/web.xml
java.lang.IllegalArgumentException: Invalid <url-pattern> null in servlet mapping
	at org.apache.tomcat.util.digester.Digester.createSAXException(Digester.java:2806)
	at org.apache.tomcat.util.digester.Digester.createSAXException(Digester.java:2832)
	at org.apache.tomcat.util.digester.Digester.endElement(Digester.java:1141)
	at com.sun.org.apache.xerces.internal.parsers.AbstractSAXParser.endElement(AbstractSAXParser.java:601)
	at com.sun.org.apache.xerces.internal.impl.XMLDocumentFragmentScannerImpl.scanEndElement(XMLDocumentFragmentScannerImpl.java:1782)
	at com.sun.org.apache.xerces.internal.impl.XMLDocumentFragmentScannerImpl$FragmentContentDriver.next(XMLDocumentFragmentScannerImpl.java:2938)
	at com.sun.org.apache.xerces.internal.impl.XMLDocumentScannerImpl.next(XMLDocumentScannerImpl.java:648)
	at com.sun.org.apache.xerces.internal.impl.XMLDocumentFragmentScannerImpl.scanDocument(XMLDocumentFragmentScannerImpl.java:511)
	at com.sun.org.apache.xerces.internal.parsers.XML11Configuration.parse(XML11Configuration.java:808)
	at com.sun.org.apache.xerces.internal.parsers.XML11Configuration.parse(XML11Configuration.java:737)
	at com.sun.org.apache.xerces.internal.parsers.XMLParser.parse(XMLParser.java:119)
	at com.sun.org.apache.xerces.internal.parsers.AbstractSAXParser.parse(AbstractSAXParser.java:1205)
	at com.sun.org.apache.xerces.internal.jaxp.SAXParserImpl$JAXPSAXParser.parse(SAXParserImpl.java:522)
	at org.apache.tomcat.util.digester.Digester.parse(Digester.java:1642)
	at org.apache.catalina.startup.ContextConfig.applicationWebConfig(ContextConfig.java:365)
	at org.apache.catalina.startup.ContextConfig.start(ContextConfig.java:1076)
	at org.apache.catalina.startup.ContextConfig.lifecycleEvent(ContextConfig.java:261)
	at org.apache.catalina.util.LifecycleSupport.fireLifecycleEvent(LifecycleSupport.java:119)
	at org.apache.catalina.core.StandardContext.start(StandardContext.java:4540)
	at org.apache.catalina.core.ContainerBase.addChildInternal(ContainerBase.java:791)
	at org.apache.catalina.core.ContainerBase.addChild(ContainerBase.java:771)
	at org.apache.catalina.core.StandardHost.addChild(StandardHost.java:546)
	at org.apache.catalina.startup.HostConfig.deployDescriptor(HostConfig.java:637)
	at org.apache.catalina.startup.HostConfig.deployApps(HostConfig.java:521)
	at org.apache.catalina.startup.HostConfig.check(HostConfig.java:1359)
	at sun.reflect.NativeMethodAccessorImpl.invoke0(Native Method)
	at sun.reflect.NativeMethodAccessorImpl.invoke(NativeMethodAccessorImpl.java:39)
	at sun.reflect.DelegatingMethodAccessorImpl.invoke(DelegatingMethodAccessorImpl.java:25)
	at java.lang.reflect.Method.invoke(Method.java:597)
	at org.apache.tomcat.util.modeler.BaseModelMBean.invoke(BaseModelMBean.java:297)
	at com.sun.jmx.interceptor.DefaultMBeanServerInterceptor.invoke(DefaultMBeanServerInterceptor.java:836)
	at com.sun.jmx.mbeanserver.JmxMBeanServer.invoke(JmxMBeanServer.java:761)
	at org.apache.catalina.manager.ManagerServlet.check(ManagerServlet.java:1500)
	at org.apache.catalina.manager.ManagerServlet.deploy(ManagerServlet.java:849)
	at org.apache.catalina.manager.ManagerServlet.doGet(ManagerServlet.java:351)
	at javax.servlet.http.HttpServlet.service(HttpServlet.java:617)
	at javax.servlet.http.HttpServlet.service(HttpServlet.java:717)
	at org.apache.catalina.core.ApplicationFilterChain.internalDoFilter(ApplicationFilterChain.java:290)
	at org.apache.catalina.core.ApplicationFilterChain.doFilter(ApplicationFilterChain.java:206)
	at org.apache.catalina.core.StandardWrapperValve.invoke(StandardWrapperValve.java:233)
	at org.apache.catalina.core.StandardContextValve.invoke(StandardContextValve.java:191)
	at org.apache.catalina.authenticator.AuthenticatorBase.invoke(AuthenticatorBase.java:563)
	at org.apache.catalina.core.StandardHostValve.invoke(StandardHostValve.java:127)
	at org.apache.catalina.valves.ErrorReportValve.invoke(ErrorReportValve.java:102)
	at org.apache.catalina.core.StandardEngineValve.invoke(StandardEngineValve.java:109)
	at org.apache.catalina.connector.CoyoteAdapter.service(CoyoteAdapter.java:298)
	at org.apache.coyote.http11.Http11AprProcessor.process(Http11AprProcessor.java:861)
	at org.apache.coyote.http11.Http11AprProtocol$Http11ConnectionHandler.process(Http11AprProtocol.java:579)
	at org.apache.tomcat.util.net.AprEndpoint$Worker.run(AprEndpoint.java:1584)
	at java.lang.Thread.run(Thread.java:619)
Caused by: java.lang.IllegalArgumentException: Invalid <url-pattern> null in servlet mapping
	at org.apache.catalina.core.StandardContext.addServletMapping(StandardContext.java:2675)
	at org.apache.catalina.core.StandardContext.addServletMapping(StandardContext.java:2651)
	at sun.reflect.GeneratedMethodAccessor18.invoke(Unknown Source)
	at sun.reflect.DelegatingMethodAccessorImpl.invoke(DelegatingMethodAccessorImpl.java:25)
	at java.lang.reflect.Method.invoke(Method.java:597)
	at org.apache.tomcat.util.IntrospectionUtils.callMethodN(IntrospectionUtils.java:959)
	at org.apache.catalina.startup.CallMethodMultiRule.end(WebRuleSet.java:775)
	at org.apache.tomcat.util.digester.Rule.end(Rule.java:229)
	at org.apache.tomcat.util.digester.Digester.endElement(Digester.java:1138)
	... 47 more
13/11/2010 01:01:53 org.apache.catalina.startup.ContextConfig applicationWebConfig
GRAVE: Occurred at line 82 column 23
13/11/2010 01:01:53 org.apache.catalina.startup.ContextConfig start
GRAVE: Marking this application unavailable due to previous error(s)
13/11/2010 01:01:53 org.apache.catalina.core.StandardContext start
GRAVE: Error getConfigured
13/11/2010 01:01:53 org.apache.catalina.core.StandardContext start
GRAVE: Context [] startup failed due to previous errors
13/11/2010 01:02:21 org.apache.catalina.core.StandardContext stop
INFO: Container org.apache.catalina.core.ContainerBase.[Catalina].[localhost].[/] has not been started
13/11/2010 01:02:21 org.apache.catalina.startup.HostConfig checkResources
INFO: Undeploying context []
13/11/2010 01:02:21 org.apache.catalina.startup.HostConfig deployDescriptor
INFO: Deploying configuration descriptor ROOT.xml
13/11/2010 01:02:21 org.apache.tomcat.util.digester.Digester endElement
GRAVE: End event threw exception
java.lang.reflect.InvocationTargetException
	at sun.reflect.GeneratedMethodAccessor18.invoke(Unknown Source)
	at sun.reflect.DelegatingMethodAccessorImpl.invoke(DelegatingMethodAccessorImpl.java:25)
	at java.lang.reflect.Method.invoke(Method.java:597)
	at org.apache.tomcat.util.IntrospectionUtils.callMethodN(IntrospectionUtils.java:959)
	at org.apache.catalina.startup.CallMethodMultiRule.end(WebRuleSet.java:775)
	at org.apache.tomcat.util.digester.Rule.end(Rule.java:229)
	at org.apache.tomcat.util.digester.Digester.endElement(Digester.java:1138)
	at com.sun.org.apache.xerces.internal.parsers.AbstractSAXParser.endElement(AbstractSAXParser.java:601)
	at com.sun.org.apache.xerces.internal.impl.XMLDocumentFragmentScannerImpl.scanEndElement(XMLDocumentFragmentScannerImpl.java:1782)
	at com.sun.org.apache.xerces.internal.impl.XMLDocumentFragmentScannerImpl$FragmentContentDriver.next(XMLDocumentFragmentScannerImpl.java:2938)
	at com.sun.org.apache.xerces.internal.impl.XMLDocumentScannerImpl.next(XMLDocumentScannerImpl.java:648)
	at com.sun.org.apache.xerces.internal.impl.XMLDocumentFragmentScannerImpl.scanDocument(XMLDocumentFragmentScannerImpl.java:511)
	at com.sun.org.apache.xerces.internal.parsers.XML11Configuration.parse(XML11Configuration.java:808)
	at com.sun.org.apache.xerces.internal.parsers.XML11Configuration.parse(XML11Configuration.java:737)
	at com.sun.org.apache.xerces.internal.parsers.XMLParser.parse(XMLParser.java:119)
	at com.sun.org.apache.xerces.internal.parsers.AbstractSAXParser.parse(AbstractSAXParser.java:1205)
	at com.sun.org.apache.xerces.internal.jaxp.SAXParserImpl$JAXPSAXParser.parse(SAXParserImpl.java:522)
	at org.apache.tomcat.util.digester.Digester.parse(Digester.java:1642)
	at org.apache.catalina.startup.ContextConfig.applicationWebConfig(ContextConfig.java:365)
	at org.apache.catalina.startup.ContextConfig.start(ContextConfig.java:1076)
	at org.apache.catalina.startup.ContextConfig.lifecycleEvent(ContextConfig.java:261)
	at org.apache.catalina.util.LifecycleSupport.fireLifecycleEvent(LifecycleSupport.java:119)
	at org.apache.catalina.core.StandardContext.start(StandardContext.java:4540)
	at org.apache.catalina.core.ContainerBase.addChildInternal(ContainerBase.java:791)
	at org.apache.catalina.core.ContainerBase.addChild(ContainerBase.java:771)
	at org.apache.catalina.core.StandardHost.addChild(StandardHost.java:546)
	at org.apache.catalina.startup.HostConfig.deployDescriptor(HostConfig.java:637)
	at org.apache.catalina.startup.HostConfig.deployApps(HostConfig.java:521)
	at org.apache.catalina.startup.HostConfig.check(HostConfig.java:1359)
	at sun.reflect.GeneratedMethodAccessor43.invoke(Unknown Source)
	at sun.reflect.DelegatingMethodAccessorImpl.invoke(DelegatingMethodAccessorImpl.java:25)
	at java.lang.reflect.Method.invoke(Method.java:597)
	at org.apache.tomcat.util.modeler.BaseModelMBean.invoke(BaseModelMBean.java:297)
	at com.sun.jmx.interceptor.DefaultMBeanServerInterceptor.invoke(DefaultMBeanServerInterceptor.java:836)
	at com.sun.jmx.mbeanserver.JmxMBeanServer.invoke(JmxMBeanServer.java:761)
	at org.apache.catalina.manager.ManagerServlet.check(ManagerServlet.java:1500)
	at org.apache.catalina.manager.ManagerServlet.deploy(ManagerServlet.java:849)
	at org.apache.catalina.manager.ManagerServlet.doGet(ManagerServlet.java:351)
	at javax.servlet.http.HttpServlet.service(HttpServlet.java:617)
	at javax.servlet.http.HttpServlet.service(HttpServlet.java:717)
	at org.apache.catalina.core.ApplicationFilterChain.internalDoFilter(ApplicationFilterChain.java:290)
	at org.apache.catalina.core.ApplicationFilterChain.doFilter(ApplicationFilterChain.java:206)
	at org.apache.catalina.core.StandardWrapperValve.invoke(StandardWrapperValve.java:233)
	at org.apache.catalina.core.StandardContextValve.invoke(StandardContextValve.java:191)
	at org.apache.catalina.authenticator.AuthenticatorBase.invoke(AuthenticatorBase.java:563)
	at org.apache.catalina.core.StandardHostValve.invoke(StandardHostValve.java:127)
	at org.apache.catalina.valves.ErrorReportValve.invoke(ErrorReportValve.java:102)
	at org.apache.catalina.core.StandardEngineValve.invoke(StandardEngineValve.java:109)
	at org.apache.catalina.connector.CoyoteAdapter.service(CoyoteAdapter.java:298)
	at org.apache.coyote.http11.Http11AprProcessor.process(Http11AprProcessor.java:861)
	at org.apache.coyote.http11.Http11AprProtocol$Http11ConnectionHandler.process(Http11AprProtocol.java:579)
	at org.apache.tomcat.util.net.AprEndpoint$Worker.run(AprEndpoint.java:1584)
	at java.lang.Thread.run(Thread.java:619)
Caused by: java.lang.IllegalArgumentException: Invalid <url-pattern> null in servlet mapping
	at org.apache.catalina.core.StandardContext.addServletMapping(StandardContext.java:2675)
	at org.apache.catalina.core.StandardContext.addServletMapping(StandardContext.java:2651)
	... 53 more
13/11/2010 01:02:21 org.apache.catalina.startup.ContextConfig applicationWebConfig
GRAVE: Parse error in application web.xml file at jndi:/localhost/WEB-INF/web.xml
java.lang.IllegalArgumentException: Invalid <url-pattern> null in servlet mapping
	at org.apache.tomcat.util.digester.Digester.createSAXException(Digester.java:2806)
	at org.apache.tomcat.util.digester.Digester.createSAXException(Digester.java:2832)
	at org.apache.tomcat.util.digester.Digester.endElement(Digester.java:1141)
	at com.sun.org.apache.xerces.internal.parsers.AbstractSAXParser.endElement(AbstractSAXParser.java:601)
	at com.sun.org.apache.xerces.internal.impl.XMLDocumentFragmentScannerImpl.scanEndElement(XMLDocumentFragmentScannerImpl.java:1782)
	at com.sun.org.apache.xerces.internal.impl.XMLDocumentFragmentScannerImpl$FragmentContentDriver.next(XMLDocumentFragmentScannerImpl.java:2938)
	at com.sun.org.apache.xerces.internal.impl.XMLDocumentScannerImpl.next(XMLDocumentScannerImpl.java:648)
	at com.sun.org.apache.xerces.internal.impl.XMLDocumentFragmentScannerImpl.scanDocument(XMLDocumentFragmentScannerImpl.java:511)
	at com.sun.org.apache.xerces.internal.parsers.XML11Configuration.parse(XML11Configuration.java:808)
	at com.sun.org.apache.xerces.internal.parsers.XML11Configuration.parse(XML11Configuration.java:737)
	at com.sun.org.apache.xerces.internal.parsers.XMLParser.parse(XMLParser.java:119)
	at com.sun.org.apache.xerces.internal.parsers.AbstractSAXParser.parse(AbstractSAXParser.java:1205)
	at com.sun.org.apache.xerces.internal.jaxp.SAXParserImpl$JAXPSAXParser.parse(SAXParserImpl.java:522)
	at org.apache.tomcat.util.digester.Digester.parse(Digester.java:1642)
	at org.apache.catalina.startup.ContextConfig.applicationWebConfig(ContextConfig.java:365)
	at org.apache.catalina.startup.ContextConfig.start(ContextConfig.java:1076)
	at org.apache.catalina.startup.ContextConfig.lifecycleEvent(ContextConfig.java:261)
	at org.apache.catalina.util.LifecycleSupport.fireLifecycleEvent(LifecycleSupport.java:119)
	at org.apache.catalina.core.StandardContext.start(StandardContext.java:4540)
	at org.apache.catalina.core.ContainerBase.addChildInternal(ContainerBase.java:791)
	at org.apache.catalina.core.ContainerBase.addChild(ContainerBase.java:771)
	at org.apache.catalina.core.StandardHost.addChild(StandardHost.java:546)
	at org.apache.catalina.startup.HostConfig.deployDescriptor(HostConfig.java:637)
	at org.apache.catalina.startup.HostConfig.deployApps(HostConfig.java:521)
	at org.apache.catalina.startup.HostConfig.check(HostConfig.java:1359)
	at sun.reflect.GeneratedMethodAccessor43.invoke(Unknown Source)
	at sun.reflect.DelegatingMethodAccessorImpl.invoke(DelegatingMethodAccessorImpl.java:25)
	at java.lang.reflect.Method.invoke(Method.java:597)
	at org.apache.tomcat.util.modeler.BaseModelMBean.invoke(BaseModelMBean.java:297)
	at com.sun.jmx.interceptor.DefaultMBeanServerInterceptor.invoke(DefaultMBeanServerInterceptor.java:836)
	at com.sun.jmx.mbeanserver.JmxMBeanServer.invoke(JmxMBeanServer.java:761)
	at org.apache.catalina.manager.ManagerServlet.check(ManagerServlet.java:1500)
	at org.apache.catalina.manager.ManagerServlet.deploy(ManagerServlet.java:849)
	at org.apache.catalina.manager.ManagerServlet.doGet(ManagerServlet.java:351)
	at javax.servlet.http.HttpServlet.service(HttpServlet.java:617)
	at javax.servlet.http.HttpServlet.service(HttpServlet.java:717)
	at org.apache.catalina.core.ApplicationFilterChain.internalDoFilter(ApplicationFilterChain.java:290)
	at org.apache.catalina.core.ApplicationFilterChain.doFilter(ApplicationFilterChain.java:206)
	at org.apache.catalina.core.StandardWrapperValve.invoke(StandardWrapperValve.java:233)
	at org.apache.catalina.core.StandardContextValve.invoke(StandardContextValve.java:191)
	at org.apache.catalina.authenticator.AuthenticatorBase.invoke(AuthenticatorBase.java:563)
	at org.apache.catalina.core.StandardHostValve.invoke(StandardHostValve.java:127)
	at org.apache.catalina.valves.ErrorReportValve.invoke(ErrorReportValve.java:102)
	at org.apache.catalina.core.StandardEngineValve.invoke(StandardEngineValve.java:109)
	at org.apache.catalina.connector.CoyoteAdapter.service(CoyoteAdapter.java:298)
	at org.apache.coyote.http11.Http11AprProcessor.process(Http11AprProcessor.java:861)
	at org.apache.coyote.http11.Http11AprProtocol$Http11ConnectionHandler.process(Http11AprProtocol.java:579)
	at org.apache.tomcat.util.net.AprEndpoint$Worker.run(AprEndpoint.java:1584)
	at java.lang.Thread.run(Thread.java:619)
Caused by: java.lang.IllegalArgumentException: Invalid <url-pattern> null in servlet mapping
	at org.apache.catalina.core.StandardContext.addServletMapping(StandardContext.java:2675)
	at org.apache.catalina.core.StandardContext.addServletMapping(StandardContext.java:2651)
	at sun.reflect.GeneratedMethodAccessor18.invoke(Unknown Source)
	at sun.reflect.DelegatingMethodAccessorImpl.invoke(DelegatingMethodAccessorImpl.java:25)
	at java.lang.reflect.Method.invoke(Method.java:597)
	at org.apache.tomcat.util.IntrospectionUtils.callMethodN(IntrospectionUtils.java:959)
	at org.apache.catalina.startup.CallMethodMultiRule.end(WebRuleSet.java:775)
	at org.apache.tomcat.util.digester.Rule.end(Rule.java:229)
	at org.apache.tomcat.util.digester.Digester.endElement(Digester.java:1138)
	... 46 more
13/11/2010 01:02:21 org.apache.catalina.startup.ContextConfig applicationWebConfig
GRAVE: Occurred at line 82 column 23
13/11/2010 01:02:21 org.apache.catalina.startup.ContextConfig start
GRAVE: Marking this application unavailable due to previous error(s)
13/11/2010 01:02:21 org.apache.catalina.core.StandardContext start
GRAVE: Error getConfigured
13/11/2010 01:02:21 org.apache.catalina.core.StandardContext start
GRAVE: Context [] startup failed due to previous errors
13/11/2010 01:03:27 org.apache.catalina.core.StandardContext stop
INFO: Container org.apache.catalina.core.ContainerBase.[Catalina].[localhost].[/] has not been started
13/11/2010 01:03:27 org.apache.catalina.startup.HostConfig checkResources
INFO: Undeploying context []
13/11/2010 01:03:27 org.apache.catalina.startup.HostConfig deployDescriptor
INFO: Deploying configuration descriptor ROOT.xml
13/11/2010 01:03:28 org.apache.catalina.core.StandardContext start
INFO: Container org.apache.catalina.core.ContainerBase.[Catalina].[localhost].[/] has already been started
13/11/2010 01:04:54 org.apache.catalina.startup.HostConfig checkResources
INFO: Undeploying context []
13/11/2010 01:04:54 org.apache.catalina.startup.HostConfig deployDescriptor
INFO: Deploying configuration descriptor ROOT.xml
13/11/2010 01:04:54 org.apache.catalina.core.StandardContext start
INFO: Container org.apache.catalina.core.ContainerBase.[Catalina].[localhost].[/] has already been started
13/11/2010 01:08:29 org.apache.catalina.startup.HostConfig checkResources
INFO: Undeploying context []
13/11/2010 01:08:29 org.apache.catalina.startup.HostConfig deployDescriptor
INFO: Deploying configuration descriptor ROOT.xml
13/11/2010 01:08:29 org.apache.catalina.core.StandardContext start
INFO: Container org.apache.catalina.core.ContainerBase.[Catalina].[localhost].[/] has already been started
13/11/2010 01:09:48 org.apache.catalina.startup.HostConfig checkResources
INFO: Undeploying context []
13/11/2010 01:09:48 org.apache.catalina.startup.HostConfig deployDescriptor
INFO: Deploying configuration descriptor ROOT.xml
13/11/2010 01:09:48 org.apache.catalina.core.StandardContext start
INFO: Container org.apache.catalina.core.ContainerBase.[Catalina].[localhost].[/] has already been started
13/11/2010 01:10:30 org.apache.catalina.startup.HostConfig checkResources
INFO: Undeploying context []
13/11/2010 01:10:30 org.apache.catalina.startup.HostConfig deployDescriptor
INFO: Deploying configuration descriptor ROOT.xml
13/11/2010 01:10:30 org.apache.catalina.core.StandardContext start
INFO: Container org.apache.catalina.core.ContainerBase.[Catalina].[localhost].[/] has already been started
13/11/2010 01:11:28 org.apache.catalina.startup.HostConfig checkResources
INFO: Undeploying context []
13/11/2010 01:11:28 org.apache.catalina.startup.HostConfig deployDescriptor
INFO: Deploying configuration descriptor ROOT.xml
13/11/2010 01:11:28 org.apache.catalina.core.StandardContext start
INFO: Container org.apache.catalina.core.ContainerBase.[Catalina].[localhost].[/] has already been started
13/11/2010 01:12:29 org.apache.catalina.startup.HostConfig checkResources
INFO: Undeploying context []
13/11/2010 01:12:29 org.apache.catalina.startup.HostConfig deployDescriptor
INFO: Deploying configuration descriptor ROOT.xml
13/11/2010 01:12:29 org.apache.catalina.core.StandardContext start
INFO: Container org.apache.catalina.core.ContainerBase.[Catalina].[localhost].[/] has already been started
13/11/2010 01:14:49 org.apache.catalina.startup.HostConfig checkResources
INFO: Undeploying context []
13/11/2010 01:14:49 org.apache.catalina.startup.HostConfig deployDescriptor
INFO: Deploying configuration descriptor ROOT.xml
13/11/2010 01:14:49 org.apache.catalina.core.StandardContext start
INFO: Container org.apache.catalina.core.ContainerBase.[Catalina].[localhost].[/] has already been started
13/11/2010 01:16:58 org.apache.catalina.startup.HostConfig checkResources
INFO: Undeploying context []
13/11/2010 01:16:58 org.apache.catalina.startup.HostConfig deployDescriptor
INFO: Deploying configuration descriptor ROOT.xml
13/11/2010 01:16:58 org.apache.catalina.core.StandardContext start
INFO: Container org.apache.catalina.core.ContainerBase.[Catalina].[localhost].[/] has already been started
13/11/2010 01:23:13 org.apache.catalina.startup.HostConfig checkResources
INFO: Undeploying context []
13/11/2010 01:23:13 org.apache.catalina.startup.HostConfig deployDescriptor
INFO: Deploying configuration descriptor ROOT.xml
13/11/2010 01:23:13 org.apache.catalina.core.StandardContext start
INFO: Container org.apache.catalina.core.ContainerBase.[Catalina].[localhost].[/] has already been started
13/11/2010 01:24:03 org.apache.catalina.startup.HostConfig checkResources
INFO: Undeploying context []
13/11/2010 01:24:03 org.apache.catalina.startup.HostConfig deployDescriptor
INFO: Deploying configuration descriptor ROOT.xml
13/11/2010 01:24:03 org.apache.catalina.core.StandardContext start
INFO: Container org.apache.catalina.core.ContainerBase.[Catalina].[localhost].[/] has already been started
13/11/2010 01:24:40 org.apache.catalina.startup.HostConfig checkResources
INFO: Undeploying context []
13/11/2010 01:24:40 org.apache.catalina.startup.HostConfig deployDescriptor
INFO: Deploying configuration descriptor ROOT.xml
13/11/2010 01:24:40 org.apache.catalina.core.StandardContext start
INFO: Container org.apache.catalina.core.ContainerBase.[Catalina].[localhost].[/] has already been started
13/11/2010 01:26:37 org.apache.catalina.startup.HostConfig checkResources
INFO: Undeploying context []
13/11/2010 01:26:37 org.apache.catalina.startup.HostConfig deployDescriptor
INFO: Deploying configuration descriptor ROOT.xml
13/11/2010 01:26:37 org.apache.catalina.core.StandardContext start
INFO: Container org.apache.catalina.core.ContainerBase.[Catalina].[localhost].[/] has already been started
13/11/2010 01:27:27 org.apache.catalina.startup.HostConfig checkResources
INFO: Undeploying context []
13/11/2010 01:27:27 org.apache.catalina.startup.HostConfig deployDescriptor
INFO: Deploying configuration descriptor ROOT.xml
13/11/2010 01:27:27 org.apache.catalina.core.StandardContext start
INFO: Container org.apache.catalina.core.ContainerBase.[Catalina].[localhost].[/] has already been started
13/11/2010 01:28:45 org.apache.catalina.startup.HostConfig checkResources
INFO: Undeploying context []
13/11/2010 01:28:45 org.apache.catalina.startup.HostConfig deployDescriptor
INFO: Deploying configuration descriptor ROOT.xml
13/11/2010 01:28:46 org.apache.catalina.core.StandardContext start
INFO: Container org.apache.catalina.core.ContainerBase.[Catalina].[localhost].[/] has already been started
13/11/2010 01:31:20 org.apache.catalina.startup.HostConfig checkResources
INFO: Undeploying context []
13/11/2010 01:31:20 org.apache.catalina.startup.HostConfig deployDescriptor
INFO: Deploying configuration descriptor ROOT.xml
13/11/2010 01:31:20 org.apache.catalina.core.StandardContext start
INFO: Container org.apache.catalina.core.ContainerBase.[Catalina].[localhost].[/] has already been started
13/11/2010 01:31:29 org.apache.catalina.startup.HostConfig checkResources
INFO: Undeploying context []
13/11/2010 01:31:29 org.apache.catalina.startup.HostConfig deployDescriptor
INFO: Deploying configuration descriptor ROOT.xml
13/11/2010 01:31:29 org.apache.catalina.core.StandardContext start
INFO: Container org.apache.catalina.core.ContainerBase.[Catalina].[localhost].[/] has already been started
13/11/2010 01:34:10 org.apache.catalina.startup.HostConfig checkResources
INFO: Reloading context []
13/11/2010 01:34:45 org.apache.catalina.startup.HostConfig checkResources
INFO: Undeploying context []
13/11/2010 01:34:45 org.apache.catalina.startup.HostConfig deployDescriptor
INFO: Deploying configuration descriptor ROOT.xml
13/11/2010 01:34:45 org.apache.catalina.core.StandardContext start
INFO: Container org.apache.catalina.core.ContainerBase.[Catalina].[localhost].[/] has already been started
13/11/2010 01:35:22 org.apache.catalina.startup.HostConfig checkResources
INFO: Undeploying context []
13/11/2010 01:35:22 org.apache.catalina.startup.HostConfig deployDescriptor
INFO: Deploying configuration descriptor ROOT.xml
13/11/2010 01:35:22 org.apache.catalina.core.StandardContext start
INFO: Container org.apache.catalina.core.ContainerBase.[Catalina].[localhost].[/] has already been started
13/11/2010 01:35:56 org.apache.catalina.startup.HostConfig checkResources
INFO: Undeploying context []
13/11/2010 01:35:56 org.apache.catalina.startup.HostConfig deployDescriptor
INFO: Deploying configuration descriptor ROOT.xml
13/11/2010 01:35:56 org.apache.catalina.core.StandardContext start
INFO: Container org.apache.catalina.core.ContainerBase.[Catalina].[localhost].[/] has already been started
13/11/2010 01:36:38 org.apache.catalina.startup.HostConfig checkResources
INFO: Undeploying context []
13/11/2010 01:36:38 org.apache.catalina.startup.HostConfig deployDescriptor
INFO: Deploying configuration descriptor ROOT.xml
13/11/2010 01:36:38 org.apache.catalina.core.StandardContext start
INFO: Container org.apache.catalina.core.ContainerBase.[Catalina].[localhost].[/] has already been started
13/11/2010 01:39:18 org.apache.catalina.startup.HostConfig checkResources
INFO: Undeploying context []
13/11/2010 01:39:18 org.apache.catalina.startup.HostConfig deployDescriptor
INFO: Deploying configuration descriptor ROOT.xml
13/11/2010 01:39:18 org.apache.catalina.core.StandardContext start
INFO: Container org.apache.catalina.core.ContainerBase.[Catalina].[localhost].[/] has already been started
13/11/2010 01:41:21 org.apache.catalina.startup.HostConfig checkResources
INFO: Undeploying context []
13/11/2010 01:41:21 org.apache.catalina.startup.HostConfig deployDescriptor
INFO: Deploying configuration descriptor ROOT.xml
13/11/2010 01:41:21 org.apache.catalina.core.StandardContext start
INFO: Container org.apache.catalina.core.ContainerBase.[Catalina].[localhost].[/] has already been started
13/11/2010 01:43:00 org.apache.catalina.core.StandardWrapper unload
INFO: Waiting for 30 instance(s) to be deallocated
13/11/2010 01:43:01 org.apache.catalina.core.StandardWrapper unload
INFO: Waiting for 30 instance(s) to be deallocated
13/11/2010 01:43:02 org.apache.catalina.startup.HostConfig checkResources
INFO: Undeploying context []
13/11/2010 01:43:03 org.apache.catalina.startup.HostConfig deployDescriptor
INFO: Deploying configuration descriptor ROOT.xml
13/11/2010 01:43:03 org.apache.catalina.core.StandardContext start
INFO: Container org.apache.catalina.core.ContainerBase.[Catalina].[localhost].[/] has already been started
13/11/2010 01:44:47 org.apache.catalina.startup.HostConfig checkResources
INFO: Undeploying context []
13/11/2010 01:44:47 org.apache.catalina.startup.HostConfig deployDescriptor
INFO: Deploying configuration descriptor ROOT.xml
13/11/2010 01:44:47 org.apache.catalina.core.StandardContext start
INFO: Container org.apache.catalina.core.ContainerBase.[Catalina].[localhost].[/] has already been started
13/11/2010 01:45:40 org.apache.catalina.startup.HostConfig checkResources
INFO: Reloading context []
13/11/2010 01:46:30 org.apache.catalina.startup.HostConfig checkResources
INFO: Undeploying context []
13/11/2010 01:46:30 org.apache.catalina.startup.HostConfig deployDescriptor
INFO: Deploying configuration descriptor ROOT.xml
13/11/2010 01:46:30 org.apache.catalina.core.StandardContext start
INFO: Container org.apache.catalina.core.ContainerBase.[Catalina].[localhost].[/] has already been started
13/11/2010 01:49:00 org.apache.catalina.startup.HostConfig checkResources
INFO: Reloading context []
13/11/2010 01:51:02 org.apache.catalina.startup.HostConfig checkResources
INFO: Undeploying context []
13/11/2010 01:51:02 org.apache.catalina.startup.HostConfig deployDescriptor
INFO: Deploying configuration descriptor ROOT.xml
13/11/2010 01:51:02 org.apache.catalina.core.StandardContext start
INFO: Container org.apache.catalina.core.ContainerBase.[Catalina].[localhost].[/] has already been started
13/11/2010 02:01:58 org.apache.catalina.startup.HostConfig checkResources
INFO: Undeploying context []
13/11/2010 02:01:58 org.apache.catalina.startup.HostConfig deployDescriptor
INFO: Deploying configuration descriptor ROOT.xml
13/11/2010 02:01:58 org.apache.catalina.core.StandardContext start
INFO: Container org.apache.catalina.core.ContainerBase.[Catalina].[localhost].[/] has already been started
13/11/2010 02:02:52 org.apache.coyote.http11.Http11AprProtocol pause
INFO: Pausing Coyote HTTP/1.1 on http-8080
13/11/2010 02:02:52 org.apache.coyote.ajp.AjpAprProtocol pause
INFO: Pausing Coyote AJP/1.3 on ajp-8009
13/11/2010 02:02:53 org.apache.catalina.core.StandardService stop
INFO: Stopping service Catalina
13/11/2010 02:02:53 org.apache.coyote.http11.Http11AprProtocol destroy
INFO: Stopping Coyote HTTP/1.1 on http-8080
13/11/2010 02:02:53 org.apache.coyote.ajp.AjpAprProtocol destroy
INFO: Stopping Coyote AJP/1.3 on ajp-8009
13/11/2010 02:09:33 org.apache.catalina.core.AprLifecycleListener init
INFO: Loaded APR based Apache Tomcat Native library 1.1.20.
13/11/2010 02:09:33 org.apache.catalina.core.AprLifecycleListener init
INFO: APR capabilities: IPv6 [true], sendfile [true], accept filters [false], random [true].
13/11/2010 02:09:34 org.apache.coyote.http11.Http11AprProtocol init
INFO: Initializing Coyote HTTP/1.1 on http-8080
13/11/2010 02:09:34 org.apache.coyote.ajp.AjpAprProtocol init
INFO: Initializing Coyote AJP/1.3 on ajp-8009
13/11/2010 02:09:34 org.apache.catalina.startup.Catalina load
INFO: Initialization processed in 1055 ms
13/11/2010 02:09:34 org.apache.catalina.core.StandardService start
INFO: Starting service Catalina
13/11/2010 02:09:34 org.apache.catalina.core.StandardEngine start
INFO: Starting Servlet Engine: Apache Tomcat/6.0.29
13/11/2010 02:09:34 org.apache.catalina.startup.HostConfig deployDescriptor
INFO: Deploying configuration descriptor host-manager.xml
13/11/2010 02:09:34 org.apache.catalina.startup.HostConfig deployDescriptor
INFO: Deploying configuration descriptor manager.xml
13/11/2010 02:09:34 org.apache.catalina.startup.HostConfig deployDescriptor
INFO: Deploying configuration descriptor ROOT.xml
13/11/2010 02:09:35 org.apache.catalina.startup.HostConfig deployDirectory
INFO: Deploying web application directory docs
13/11/2010 02:09:35 org.apache.catalina.startup.HostConfig deployDirectory
INFO: Deploying web application directory examples
13/11/2010 02:09:35 org.apache.coyote.http11.Http11AprProtocol start
INFO: Starting Coyote HTTP/1.1 on http-8080
13/11/2010 02:09:35 org.apache.coyote.ajp.AjpAprProtocol start
INFO: Starting Coyote AJP/1.3 on ajp-8009
13/11/2010 02:09:35 org.apache.catalina.startup.Catalina start
INFO: Server startup in 1123 ms
13/11/2010 02:09:36 org.apache.catalina.startup.HostConfig checkResources
INFO: Undeploying context []
13/11/2010 02:09:36 org.apache.catalina.startup.HostConfig deployDescriptor
INFO: Deploying configuration descriptor ROOT.xml
13/11/2010 02:09:36 org.apache.catalina.core.StandardContext start
INFO: Container org.apache.catalina.core.ContainerBase.[Catalina].[localhost].[/] has already been started
13/11/2010 02:12:26 org.apache.catalina.startup.HostConfig checkResources
INFO: Undeploying context []
13/11/2010 02:12:26 org.apache.catalina.startup.HostConfig deployDescriptor
INFO: Deploying configuration descriptor ROOT.xml
13/11/2010 02:12:26 org.apache.catalina.core.StandardContext start
INFO: Container org.apache.catalina.core.ContainerBase.[Catalina].[localhost].[/] has already been started
13/11/2010 02:19:34 org.apache.catalina.startup.HostConfig checkResources
INFO: Undeploying context []
13/11/2010 02:19:34 org.apache.catalina.startup.HostConfig deployDescriptor
INFO: Deploying configuration descriptor ROOT.xml
13/11/2010 02:19:34 org.apache.catalina.core.StandardContext start
INFO: Container org.apache.catalina.core.ContainerBase.[Catalina].[localhost].[/] has already been started
13/11/2010 02:21:51 org.apache.coyote.http11.Http11AprProtocol pause
INFO: Pausing Coyote HTTP/1.1 on http-8080
13/11/2010 02:21:51 org.apache.coyote.ajp.AjpAprProtocol pause
INFO: Pausing Coyote AJP/1.3 on ajp-8009
13/11/2010 02:21:52 org.apache.catalina.core.StandardService stop
INFO: Stopping service Catalina
13/11/2010 02:21:52 org.apache.coyote.http11.Http11AprProtocol destroy
INFO: Stopping Coyote HTTP/1.1 on http-8080
13/11/2010 02:21:52 org.apache.coyote.ajp.AjpAprProtocol destroy
INFO: Stopping Coyote AJP/1.3 on ajp-8009
13/11/2010 02:21:58 org.apache.catalina.core.AprLifecycleListener init
INFO: Loaded APR based Apache Tomcat Native library 1.1.20.
13/11/2010 02:21:58 org.apache.catalina.core.AprLifecycleListener init
INFO: APR capabilities: IPv6 [true], sendfile [true], accept filters [false], random [true].
13/11/2010 02:21:59 org.apache.coyote.http11.Http11AprProtocol init
INFO: Initializing Coyote HTTP/1.1 on http-8080
13/11/2010 02:21:59 org.apache.coyote.ajp.AjpAprProtocol init
INFO: Initializing Coyote AJP/1.3 on ajp-8009
13/11/2010 02:21:59 org.apache.catalina.startup.Catalina load
INFO: Initialization processed in 1050 ms
13/11/2010 02:21:59 org.apache.catalina.core.StandardService start
INFO: Starting service Catalina
13/11/2010 02:21:59 org.apache.catalina.core.StandardEngine start
INFO: Starting Servlet Engine: Apache Tomcat/6.0.29
13/11/2010 02:21:59 org.apache.catalina.startup.HostConfig deployDescriptor
INFO: Deploying configuration descriptor host-manager.xml
13/11/2010 02:21:59 org.apache.catalina.startup.HostConfig deployDescriptor
INFO: Deploying configuration descriptor manager.xml
13/11/2010 02:21:59 org.apache.catalina.startup.HostConfig deployDescriptor
INFO: Deploying configuration descriptor ROOT.xml
13/11/2010 02:21:59 org.apache.catalina.startup.HostConfig deployDirectory
INFO: Deploying web application directory docs
13/11/2010 02:21:59 org.apache.catalina.startup.HostConfig deployDirectory
INFO: Deploying web application directory examples
13/11/2010 02:22:00 org.apache.coyote.http11.Http11AprProtocol start
INFO: Starting Coyote HTTP/1.1 on http-8080
13/11/2010 02:22:00 org.apache.coyote.ajp.AjpAprProtocol start
INFO: Starting Coyote AJP/1.3 on ajp-8009
13/11/2010 02:22:00 org.apache.catalina.startup.Catalina start
INFO: Server startup in 1092 ms
13/11/2010 02:22:00 org.apache.catalina.startup.HostConfig checkResources
INFO: Undeploying context []
13/11/2010 02:22:00 org.apache.catalina.startup.HostConfig deployDescriptor
INFO: Deploying configuration descriptor ROOT.xml
13/11/2010 02:22:00 org.apache.catalina.core.StandardContext start
INFO: Container org.apache.catalina.core.ContainerBase.[Catalina].[localhost].[/] has already been started
13/11/2010 02:24:52 org.apache.catalina.startup.HostConfig checkResources
INFO: Undeploying context []
13/11/2010 02:24:52 org.apache.catalina.startup.HostConfig deployDescriptor
INFO: Deploying configuration descriptor ROOT.xml
13/11/2010 02:24:53 org.apache.catalina.core.StandardContext start
INFO: Container org.apache.catalina.core.ContainerBase.[Catalina].[localhost].[/] has already been started
13/11/2010 02:26:52 org.apache.catalina.startup.HostConfig checkResources
INFO: Undeploying context []
13/11/2010 02:26:52 org.apache.catalina.startup.HostConfig deployDescriptor
INFO: Deploying configuration descriptor ROOT.xml
13/11/2010 02:26:52 org.apache.catalina.core.StandardContext start
INFO: Container org.apache.catalina.core.ContainerBase.[Catalina].[localhost].[/] has already been started
13/11/2010 02:29:44 org.apache.catalina.startup.HostConfig checkResources
INFO: Undeploying context []
13/11/2010 02:29:44 org.apache.catalina.startup.HostConfig deployDescriptor
INFO: Deploying configuration descriptor ROOT.xml
13/11/2010 02:29:44 org.apache.catalina.core.StandardContext start
INFO: Container org.apache.catalina.core.ContainerBase.[Catalina].[localhost].[/] has already been started
13/11/2010 02:32:24 org.apache.catalina.startup.HostConfig checkResources
INFO: Undeploying context []
13/11/2010 02:32:24 org.apache.catalina.startup.HostConfig deployDescriptor
INFO: Deploying configuration descriptor ROOT.xml
13/11/2010 02:32:24 org.apache.catalina.core.StandardContext start
INFO: Container org.apache.catalina.core.ContainerBase.[Catalina].[localhost].[/] has already been started
13/11/2010 02:36:49 org.apache.coyote.http11.Http11AprProtocol pause
INFO: Pausing Coyote HTTP/1.1 on http-8080
13/11/2010 02:36:49 org.apache.coyote.ajp.AjpAprProtocol pause
INFO: Pausing Coyote AJP/1.3 on ajp-8009
13/11/2010 02:36:50 org.apache.catalina.core.StandardService stop
INFO: Stopping service Catalina
13/11/2010 02:36:50 org.apache.coyote.http11.Http11AprProtocol destroy
INFO: Stopping Coyote HTTP/1.1 on http-8080
13/11/2010 02:36:50 org.apache.coyote.ajp.AjpAprProtocol destroy
INFO: Stopping Coyote AJP/1.3 on ajp-8009
13/11/2010 02:36:54 org.apache.catalina.core.AprLifecycleListener init
INFO: Loaded APR based Apache Tomcat Native library 1.1.20.
13/11/2010 02:36:54 org.apache.catalina.core.AprLifecycleListener init
INFO: APR capabilities: IPv6 [true], sendfile [true], accept filters [false], random [true].
13/11/2010 02:36:55 org.apache.coyote.http11.Http11AprProtocol init
INFO: Initializing Coyote HTTP/1.1 on http-8080
13/11/2010 02:36:55 org.apache.coyote.ajp.AjpAprProtocol init
INFO: Initializing Coyote AJP/1.3 on ajp-8009
13/11/2010 02:36:55 org.apache.catalina.startup.Catalina load
INFO: Initialization processed in 1224 ms
13/11/2010 02:36:55 org.apache.catalina.core.StandardService start
INFO: Starting service Catalina
13/11/2010 02:36:55 org.apache.catalina.core.StandardEngine start
INFO: Starting Servlet Engine: Apache Tomcat/6.0.29
13/11/2010 02:36:55 org.apache.catalina.startup.HostConfig deployDescriptor
INFO: Deploying configuration descriptor host-manager.xml
13/11/2010 02:36:55 org.apache.catalina.startup.HostConfig deployDescriptor
INFO: Deploying configuration descriptor manager.xml
13/11/2010 02:36:55 org.apache.catalina.startup.HostConfig deployDescriptor
INFO: Deploying configuration descriptor ROOT.xml
13/11/2010 02:36:56 org.apache.catalina.startup.HostConfig deployDirectory
INFO: Deploying web application directory docs
13/11/2010 02:36:56 org.apache.catalina.startup.HostConfig deployDirectory
INFO: Deploying web application directory examples
13/11/2010 02:36:56 org.apache.coyote.http11.Http11AprProtocol start
INFO: Starting Coyote HTTP/1.1 on http-8080
13/11/2010 02:36:56 org.apache.coyote.ajp.AjpAprProtocol start
INFO: Starting Coyote AJP/1.3 on ajp-8009
13/11/2010 02:36:56 org.apache.catalina.startup.Catalina start
INFO: Server startup in 1213 ms
13/11/2010 02:36:59 org.apache.catalina.startup.HostConfig checkResources
INFO: Undeploying context []
13/11/2010 02:36:59 org.apache.catalina.startup.HostConfig deployDescriptor
INFO: Deploying configuration descriptor ROOT.xml
13/11/2010 02:36:59 org.apache.catalina.core.StandardContext start
INFO: Container org.apache.catalina.core.ContainerBase.[Catalina].[localhost].[/] has already been started
13/11/2010 02:37:56 org.apache.catalina.startup.HostConfig checkResources
INFO: Undeploying context []
13/11/2010 02:37:56 org.apache.catalina.startup.HostConfig deployDescriptor
INFO: Deploying configuration descriptor ROOT.xml
13/11/2010 02:37:56 org.apache.catalina.core.StandardContext start
INFO: Container org.apache.catalina.core.ContainerBase.[Catalina].[localhost].[/] has already been started
13/11/2010 02:44:11 org.apache.catalina.startup.HostConfig checkResources
INFO: Undeploying context []
13/11/2010 02:44:11 org.apache.catalina.startup.HostConfig deployDescriptor
INFO: Deploying configuration descriptor ROOT.xml
13/11/2010 02:44:12 org.apache.catalina.core.StandardContext start
INFO: Container org.apache.catalina.core.ContainerBase.[Catalina].[localhost].[/] has already been started
13/11/2010 02:46:16 org.apache.catalina.startup.HostConfig checkResources
INFO: Undeploying context []
13/11/2010 02:46:16 org.apache.catalina.startup.HostConfig deployDescriptor
INFO: Deploying configuration descriptor ROOT.xml
13/11/2010 02:46:16 org.apache.catalina.core.StandardContext start
INFO: Container org.apache.catalina.core.ContainerBase.[Catalina].[localhost].[/] has already been started
13/11/2010 02:49:24 org.apache.catalina.startup.HostConfig checkResources
INFO: Undeploying context []
13/11/2010 02:49:24 org.apache.catalina.startup.HostConfig deployDescriptor
INFO: Deploying configuration descriptor ROOT.xml
13/11/2010 02:49:24 org.apache.catalina.core.StandardContext start
INFO: Container org.apache.catalina.core.ContainerBase.[Catalina].[localhost].[/] has already been started
13/11/2010 02:57:16 org.apache.catalina.startup.HostConfig checkResources
INFO: Undeploying context []
13/11/2010 02:57:16 org.apache.catalina.startup.HostConfig deployDescriptor
INFO: Deploying configuration descriptor ROOT.xml
13/11/2010 02:57:16 org.apache.catalina.core.StandardContext start
INFO: Container org.apache.catalina.core.ContainerBase.[Catalina].[localhost].[/] has already been started
13/11/2010 02:58:20 org.apache.catalina.startup.HostConfig checkResources
INFO: Undeploying context []
13/11/2010 02:58:20 org.apache.catalina.startup.HostConfig deployDescriptor
INFO: Deploying configuration descriptor ROOT.xml
13/11/2010 02:58:20 org.apache.catalina.core.StandardContext start
INFO: Container org.apache.catalina.core.ContainerBase.[Catalina].[localhost].[/] has already been started
13/11/2010 03:00:50 org.apache.catalina.startup.HostConfig checkResources
INFO: Undeploying context []
13/11/2010 03:00:50 org.apache.catalina.startup.HostConfig deployDescriptor
INFO: Deploying configuration descriptor ROOT.xml
13/11/2010 03:00:50 org.apache.catalina.core.StandardContext start
INFO: Container org.apache.catalina.core.ContainerBase.[Catalina].[localhost].[/] has already been started
13/11/2010 03:06:11 org.apache.coyote.http11.Http11AprProtocol pause
INFO: Pausing Coyote HTTP/1.1 on http-8080
13/11/2010 03:06:11 org.apache.coyote.ajp.AjpAprProtocol pause
INFO: Pausing Coyote AJP/1.3 on ajp-8009
13/11/2010 03:06:12 org.apache.catalina.core.StandardService stop
INFO: Stopping service Catalina
13/11/2010 03:06:12 org.apache.coyote.http11.Http11AprProtocol destroy
INFO: Stopping Coyote HTTP/1.1 on http-8080
13/11/2010 03:06:12 org.apache.coyote.ajp.AjpAprProtocol destroy
INFO: Stopping Coyote AJP/1.3 on ajp-8009
