14/10/2010 04:53:33 org.apache.catalina.core.ApplicationContext log
INFO: SessionListener: contextDestroyed()
14/10/2010 04:53:33 org.apache.catalina.core.ApplicationContext log
INFO: ContextListener: contextDestroyed()
14/10/2010 19:12:14 org.apache.catalina.core.ApplicationContext log
INFO: ContextListener: contextInitialized()
14/10/2010 19:12:14 org.apache.catalina.core.ApplicationContext log
INFO: SessionListener: contextInitialized()
14/10/2010 19:21:34 org.apache.catalina.core.ApplicationDispatcher invoke
WARNING: Servlet jsp is currently unavailable
14/10/2010 19:37:11 org.apache.catalina.core.StandardWrapperValve invoke
SEVERE: Servlet.service() for servlet jsp threw exception
org.apache.jasper.JasperException: Unable to compile class for JSP: 

An error occurred at line: 8 in the jsp file: /editarPerfil.jsp
The method LoadCampos() is undefined for the type editarPerfil_jsp
5: 
6: 
7: <%
8:         LoadCampos();
9: 
10: %>
11: 


Stacktrace:
	at org.apache.jasper.compiler.DefaultErrorHandler.javacError(DefaultErrorHandler.java:92)
	at org.apache.jasper.compiler.ErrorDispatcher.javacError(ErrorDispatcher.java:330)
	at org.apache.jasper.compiler.JDTCompiler.generateClass(JDTCompiler.java:439)
	at org.apache.jasper.compiler.Compiler.compile(Compiler.java:349)
	at org.apache.jasper.compiler.Compiler.compile(Compiler.java:327)
	at org.apache.jasper.compiler.Compiler.compile(Compiler.java:314)
	at org.apache.jasper.JspCompilationContext.compile(JspCompilationContext.java:592)
	at org.apache.jasper.servlet.JspServletWrapper.service(JspServletWrapper.java:317)
	at org.apache.jasper.servlet.JspServlet.serviceJspFile(JspServlet.java:313)
	at org.apache.jasper.servlet.JspServlet.service(JspServlet.java:260)
	at javax.servlet.http.HttpServlet.service(HttpServlet.java:717)
	at org.apache.catalina.core.ApplicationFilterChain.internalDoFilter(ApplicationFilterChain.java:290)
	at org.apache.catalina.core.ApplicationFilterChain.doFilter(ApplicationFilterChain.java:206)
	at org.apache.catalina.core.StandardWrapperValve.invoke(StandardWrapperValve.java:233)
	at org.apache.catalina.core.StandardContextValve.invoke(StandardContextValve.java:191)
	at org.apache.catalina.core.StandardHostValve.invoke(StandardHostValve.java:127)
	at org.apache.catalina.valves.ErrorReportValve.invoke(ErrorReportValve.java:102)
	at org.apache.catalina.core.StandardEngineValve.invoke(StandardEngineValve.java:109)
	at org.apache.catalina.connector.CoyoteAdapter.service(CoyoteAdapter.java:298)
	at org.apache.coyote.http11.Http11Processor.process(Http11Processor.java:857)
	at org.apache.coyote.http11.Http11Protocol$Http11ConnectionHandler.process(Http11Protocol.java:588)
	at org.apache.tomcat.util.net.JIoEndpoint$Worker.run(JIoEndpoint.java:489)
	at java.lang.Thread.run(Thread.java:619)
14/10/2010 19:47:56 org.apache.catalina.core.ApplicationContext log
INFO: SessionListener: contextDestroyed()
14/10/2010 19:47:56 org.apache.catalina.core.ApplicationContext log
INFO: ContextListener: contextDestroyed()
14/10/2010 19:48:06 org.apache.catalina.core.ApplicationContext log
INFO: ContextListener: contextInitialized()
14/10/2010 19:48:06 org.apache.catalina.core.ApplicationContext log
INFO: SessionListener: contextInitialized()
14/10/2010 20:59:06 org.apache.catalina.core.ApplicationContext log
INFO: SessionListener: contextDestroyed()
14/10/2010 20:59:06 org.apache.catalina.core.ApplicationContext log
INFO: ContextListener: contextDestroyed()
