11/11/2010 01:16:03 org.apache.catalina.core.ApplicationContext log
INFO: ContextListener: contextInitialized()
11/11/2010 01:16:03 org.apache.catalina.core.ApplicationContext log
INFO: SessionListener: contextInitialized()
11/11/2010 01:17:47 org.apache.catalina.core.StandardWrapperValve invoke
GRAVE: Servlet.service() for servlet EditarPerfil threw exception
java.lang.NullPointerException
	at deriva.app.EditarPerfil.loadCampos(EditarPerfil.java:44)
	at deriva.app.EditarPerfil.processRequest(EditarPerfil.java:21)
	at deriva.app.EditarPerfil.doGet(EditarPerfil.java:30)
	at javax.servlet.http.HttpServlet.service(HttpServlet.java:617)
	at javax.servlet.http.HttpServlet.service(HttpServlet.java:717)
	at org.apache.catalina.core.ApplicationFilterChain.internalDoFilter(ApplicationFilterChain.java:290)
	at org.apache.catalina.core.ApplicationFilterChain.doFilter(ApplicationFilterChain.java:206)
	at org.apache.catalina.core.StandardWrapperValve.invoke(StandardWrapperValve.java:233)
	at org.apache.catalina.core.StandardContextValve.invoke(StandardContextValve.java:191)
	at org.apache.catalina.core.StandardHostValve.invoke(StandardHostValve.java:127)
	at org.apache.catalina.valves.ErrorReportValve.invoke(ErrorReportValve.java:102)
	at org.apache.catalina.core.StandardEngineValve.invoke(StandardEngineValve.java:109)
	at org.apache.catalina.connector.CoyoteAdapter.service(CoyoteAdapter.java:298)
	at org.apache.coyote.http11.Http11AprProcessor.process(Http11AprProcessor.java:861)
	at org.apache.coyote.http11.Http11AprProtocol$Http11ConnectionHandler.process(Http11AprProtocol.java:579)
	at org.apache.tomcat.util.net.AprEndpoint$Worker.run(AprEndpoint.java:1584)
	at java.lang.Thread.run(Thread.java:619)
11/11/2010 01:51:14 org.apache.catalina.core.ApplicationContext log
INFO: SessionListener: contextDestroyed()
11/11/2010 01:51:14 org.apache.catalina.core.ApplicationContext log
INFO: ContextListener: contextDestroyed()
11/11/2010 21:18:53 org.apache.catalina.core.ApplicationContext log
INFO: ContextListener: contextInitialized()
11/11/2010 21:18:53 org.apache.catalina.core.ApplicationContext log
INFO: SessionListener: contextInitialized()
11/11/2010 21:19:03 org.apache.catalina.core.StandardWrapperValve invoke
GRAVE: Servlet.service() for servlet SignIn threw exception
java.lang.IllegalArgumentException: Path index.jsp does not start with a "/" character
	at org.apache.catalina.core.ApplicationContext.getRequestDispatcher(ApplicationContext.java:370)
	at org.apache.catalina.core.ApplicationContextFacade.getRequestDispatcher(ApplicationContextFacade.java:196)
	at deriva.app.SignIn.processRequest(SignIn.java:52)
	at deriva.app.SignIn.doPost(SignIn.java:65)
	at javax.servlet.http.HttpServlet.service(HttpServlet.java:637)
	at javax.servlet.http.HttpServlet.service(HttpServlet.java:717)
	at org.apache.catalina.core.ApplicationFilterChain.internalDoFilter(ApplicationFilterChain.java:290)
	at org.apache.catalina.core.ApplicationFilterChain.doFilter(ApplicationFilterChain.java:206)
	at org.apache.catalina.core.StandardWrapperValve.invoke(StandardWrapperValve.java:233)
	at org.apache.catalina.core.StandardContextValve.invoke(StandardContextValve.java:191)
	at org.apache.catalina.core.StandardHostValve.invoke(StandardHostValve.java:127)
	at org.apache.catalina.valves.ErrorReportValve.invoke(ErrorReportValve.java:102)
	at org.apache.catalina.core.StandardEngineValve.invoke(StandardEngineValve.java:109)
	at org.apache.catalina.connector.CoyoteAdapter.service(CoyoteAdapter.java:298)
	at org.apache.coyote.http11.Http11AprProcessor.process(Http11AprProcessor.java:861)
	at org.apache.coyote.http11.Http11AprProtocol$Http11ConnectionHandler.process(Http11AprProtocol.java:579)
	at org.apache.tomcat.util.net.AprEndpoint$Worker.run(AprEndpoint.java:1584)
	at java.lang.Thread.run(Thread.java:619)
11/11/2010 23:52:53 org.apache.catalina.core.ApplicationContext log
INFO: SessionListener: contextDestroyed()
11/11/2010 23:52:53 org.apache.catalina.core.ApplicationContext log
INFO: ContextListener: contextDestroyed()
