13/10/2010 03:06:51 org.apache.catalina.core.ApplicationContext log
INFO: ContextListener: contextInitialized()
13/10/2010 03:06:51 org.apache.catalina.core.ApplicationContext log
INFO: SessionListener: contextInitialized()
13/10/2010 03:16:22 org.apache.catalina.core.ApplicationContext log
INFO: SessionListener: contextDestroyed()
13/10/2010 03:16:22 org.apache.catalina.core.ApplicationContext log
INFO: ContextListener: contextDestroyed()
13/10/2010 03:16:28 org.apache.catalina.core.ApplicationContext log
INFO: ContextListener: contextInitialized()
13/10/2010 03:16:28 org.apache.catalina.core.ApplicationContext log
INFO: SessionListener: contextInitialized()
13/10/2010 03:18:56 org.apache.catalina.core.StandardWrapperValve invoke
GRAVE: Servlet.service() for servlet jsp threw exception
java.lang.NullPointerException
	at deriva.db.userDAO.ListarUsuarios(userDAO.java:391)
	at org.apache.jsp.ListaUsuarios_jsp._jspService(ListaUsuarios_jsp.java:79)
	at org.apache.jasper.runtime.HttpJspBase.service(HttpJspBase.java:70)
	at javax.servlet.http.HttpServlet.service(HttpServlet.java:717)
	at org.apache.jasper.servlet.JspServletWrapper.service(JspServletWrapper.java:377)
	at org.apache.jasper.servlet.JspServlet.serviceJspFile(JspServlet.java:313)
	at org.apache.jasper.servlet.JspServlet.service(JspServlet.java:260)
	at javax.servlet.http.HttpServlet.service(HttpServlet.java:717)
	at org.apache.catalina.core.ApplicationFilterChain.internalDoFilter(ApplicationFilterChain.java:290)
	at org.apache.catalina.core.ApplicationFilterChain.doFilter(ApplicationFilterChain.java:206)
	at org.apache.catalina.core.StandardWrapperValve.invoke(StandardWrapperValve.java:233)
	at org.apache.catalina.core.StandardContextValve.invoke(StandardContextValve.java:191)
	at org.apache.catalina.core.StandardHostValve.invoke(StandardHostValve.java:127)
	at org.apache.catalina.valves.ErrorReportValve.invoke(ErrorReportValve.java:102)
	at org.apache.catalina.core.StandardEngineValve.invoke(StandardEngineValve.java:109)
	at org.apache.catalina.connector.CoyoteAdapter.service(CoyoteAdapter.java:298)
	at org.apache.coyote.http11.Http11AprProcessor.process(Http11AprProcessor.java:861)
	at org.apache.coyote.http11.Http11AprProtocol$Http11ConnectionHandler.process(Http11AprProtocol.java:579)
	at org.apache.tomcat.util.net.AprEndpoint$Worker.run(AprEndpoint.java:1584)
	at java.lang.Thread.run(Thread.java:619)
13/10/2010 03:19:56 org.apache.catalina.core.StandardWrapperValve invoke
GRAVE: Servlet.service() for servlet jsp threw exception
java.lang.NullPointerException
	at deriva.db.userDAO.ListarUsuarios(userDAO.java:391)
	at org.apache.jsp.ListaUsuarios_jsp._jspService(ListaUsuarios_jsp.java:79)
	at org.apache.jasper.runtime.HttpJspBase.service(HttpJspBase.java:70)
	at javax.servlet.http.HttpServlet.service(HttpServlet.java:717)
	at org.apache.jasper.servlet.JspServletWrapper.service(JspServletWrapper.java:377)
	at org.apache.jasper.servlet.JspServlet.serviceJspFile(JspServlet.java:313)
	at org.apache.jasper.servlet.JspServlet.service(JspServlet.java:260)
	at javax.servlet.http.HttpServlet.service(HttpServlet.java:717)
	at org.apache.catalina.core.ApplicationFilterChain.internalDoFilter(ApplicationFilterChain.java:290)
	at org.apache.catalina.core.ApplicationFilterChain.doFilter(ApplicationFilterChain.java:206)
	at org.apache.catalina.core.StandardWrapperValve.invoke(StandardWrapperValve.java:233)
	at org.apache.catalina.core.StandardContextValve.invoke(StandardContextValve.java:191)
	at org.apache.catalina.core.StandardHostValve.invoke(StandardHostValve.java:127)
	at org.apache.catalina.valves.ErrorReportValve.invoke(ErrorReportValve.java:102)
	at org.apache.catalina.core.StandardEngineValve.invoke(StandardEngineValve.java:109)
	at org.apache.catalina.connector.CoyoteAdapter.service(CoyoteAdapter.java:298)
	at org.apache.coyote.http11.Http11AprProcessor.process(Http11AprProcessor.java:861)
	at org.apache.coyote.http11.Http11AprProtocol$Http11ConnectionHandler.process(Http11AprProtocol.java:579)
	at org.apache.tomcat.util.net.AprEndpoint$Worker.run(AprEndpoint.java:1584)
	at java.lang.Thread.run(Thread.java:619)
13/10/2010 03:36:41 org.apache.catalina.core.ApplicationContext log
INFO: SessionListener: contextDestroyed()
13/10/2010 03:36:41 org.apache.catalina.core.ApplicationContext log
INFO: ContextListener: contextDestroyed()
13/10/2010 17:05:03 org.apache.catalina.core.ApplicationContext log
INFO: ContextListener: contextInitialized()
13/10/2010 17:05:03 org.apache.catalina.core.ApplicationContext log
INFO: SessionListener: contextInitialized()
