04/11/2010 16:09:19 org.apache.catalina.core.ApplicationContext log
INFO: ContextListener: contextInitialized()
04/11/2010 16:09:19 org.apache.catalina.core.ApplicationContext log
INFO: SessionListener: contextInitialized()
04/11/2010 16:41:01 org.apache.catalina.core.StandardWrapperValve invoke
GRAVE: Servlet.service() for servlet EditarPerfil threw exception
java.lang.NullPointerException
	at deriva.app.EditarPerfil.loadCampos(EditarPerfil.java:44)
	at deriva.app.EditarPerfil.processRequest(EditarPerfil.java:21)
	at deriva.app.EditarPerfil.doGet(EditarPerfil.java:30)
	at javax.servlet.http.HttpServlet.service(HttpServlet.java:617)
	at javax.servlet.http.HttpServlet.service(HttpServlet.java:717)
	at org.apache.catalina.core.ApplicationFilterChain.internalDoFilter(ApplicationFilterChain.java:290)
	at org.apache.catalina.core.ApplicationFilterChain.doFilter(ApplicationFilterChain.java:206)
	at org.apache.catalina.core.StandardWrapperValve.invoke(StandardWrapperValve.java:233)
	at org.apache.catalina.core.StandardContextValve.invoke(StandardContextValve.java:191)
	at org.apache.catalina.core.StandardHostValve.invoke(StandardHostValve.java:127)
	at org.apache.catalina.valves.ErrorReportValve.invoke(ErrorReportValve.java:102)
	at org.apache.catalina.core.StandardEngineValve.invoke(StandardEngineValve.java:109)
	at org.apache.catalina.connector.CoyoteAdapter.service(CoyoteAdapter.java:298)
	at org.apache.coyote.http11.Http11AprProcessor.process(Http11AprProcessor.java:861)
	at org.apache.coyote.http11.Http11AprProtocol$Http11ConnectionHandler.process(Http11AprProtocol.java:579)
	at org.apache.tomcat.util.net.AprEndpoint$Worker.run(AprEndpoint.java:1584)
	at java.lang.Thread.run(Thread.java:619)
04/11/2010 16:41:51 org.apache.catalina.core.ApplicationContext log
INFO: SessionListener: contextDestroyed()
04/11/2010 16:41:51 org.apache.catalina.core.ApplicationContext log
INFO: ContextListener: contextDestroyed()
