09/11/2010 23:55:24 org.apache.catalina.core.ApplicationContext log
INFO: Manager: init: Associated with Deployer 'Catalina:type=Deployer,host=localhost'
09/11/2010 23:55:24 org.apache.catalina.core.ApplicationContext log
INFO: Manager: init: Global resources are available
09/11/2010 23:55:24 org.apache.catalina.core.ApplicationContext log
INFO: Manager: list: Listing contexts for virtual host 'localhost'
09/11/2010 23:55:24 org.apache.catalina.core.ApplicationContext log
INFO: Manager: list: Listing contexts for virtual host 'localhost'
09/11/2010 23:55:24 org.apache.catalina.core.ApplicationContext log
INFO: Manager: undeploy: Undeploying web application at '/'
09/11/2010 23:55:24 org.apache.catalina.core.ApplicationContext log
INFO: Manager: install: Installing context configuration at 'file:/E:/Users/HAL/AppData/Local/Temp/context7717549783375653364.xml'
09/11/2010 23:55:24 org.apache.catalina.core.ApplicationContext log
INFO: Manager: start: Starting web application at '/'
09/11/2010 23:57:35 org.apache.catalina.core.ApplicationContext log
INFO: Manager: list: Listing contexts for virtual host 'localhost'
09/11/2010 23:57:37 org.apache.catalina.core.ApplicationContext log
INFO: Manager: list: Listing contexts for virtual host 'localhost'
09/11/2010 23:57:37 org.apache.catalina.core.ApplicationContext log
INFO: Manager: list: Listing contexts for virtual host 'localhost'
09/11/2010 23:57:37 org.apache.catalina.core.ApplicationContext log
INFO: Manager: undeploy: Undeploying web application at '/'
09/11/2010 23:57:38 org.apache.catalina.core.ApplicationContext log
INFO: Manager: install: Installing context configuration at 'file:/E:/Users/HAL/AppData/Local/Temp/context6179777661465204646.xml'
09/11/2010 23:57:38 org.apache.catalina.core.ApplicationContext log
INFO: Manager: start: Starting web application at '/'
