24/10/2010 19:10:50 org.apache.catalina.core.ApplicationContext log
INFO: Manager: init: Associated with Deployer 'Catalina:type=Deployer,host=localhost'
24/10/2010 19:10:50 org.apache.catalina.core.ApplicationContext log
INFO: Manager: init: Global resources are available
24/10/2010 19:10:50 org.apache.catalina.core.ApplicationContext log
INFO: Manager: list: Listing contexts for virtual host 'localhost'
24/10/2010 19:10:50 org.apache.catalina.core.ApplicationContext log
INFO: Manager: list: Listing contexts for virtual host 'localhost'
24/10/2010 19:10:50 org.apache.catalina.core.ApplicationContext log
INFO: Manager: undeploy: Undeploying web application at '/'
24/10/2010 19:10:51 org.apache.catalina.core.ApplicationContext log
INFO: Manager: install: Installing context configuration at 'file:/E:/Users/HAL/AppData/Local/Temp/context3576322771371886691.xml'
24/10/2010 19:10:51 org.apache.catalina.core.ApplicationContext log
INFO: Manager: start: Starting web application at '/'
24/10/2010 19:17:12 org.apache.catalina.core.ApplicationContext log
INFO: Manager: list: Listing contexts for virtual host 'localhost'
24/10/2010 19:17:12 org.apache.catalina.core.ApplicationContext log
INFO: Manager: list: Listing contexts for virtual host 'localhost'
24/10/2010 19:17:12 org.apache.catalina.core.ApplicationContext log
INFO: Manager: undeploy: Undeploying web application at '/'
24/10/2010 19:17:13 org.apache.catalina.core.ApplicationContext log
INFO: Manager: install: Installing context configuration at 'file:/E:/Users/HAL/AppData/Local/Temp/context5758105417128557449.xml'
24/10/2010 19:17:13 org.apache.catalina.core.ApplicationContext log
INFO: Manager: start: Starting web application at '/'
24/10/2010 19:19:09 org.apache.catalina.core.ApplicationContext log
INFO: Manager: list: Listing contexts for virtual host 'localhost'
24/10/2010 19:19:10 org.apache.catalina.core.ApplicationContext log
INFO: Manager: list: Listing contexts for virtual host 'localhost'
24/10/2010 19:19:10 org.apache.catalina.core.ApplicationContext log
INFO: Manager: list: Listing contexts for virtual host 'localhost'
24/10/2010 19:19:10 org.apache.catalina.core.ApplicationContext log
INFO: Manager: undeploy: Undeploying web application at '/'
24/10/2010 19:19:11 org.apache.catalina.core.ApplicationContext log
INFO: Manager: install: Installing context configuration at 'file:/E:/Users/HAL/AppData/Local/Temp/context1119842447228928707.xml'
24/10/2010 19:19:11 org.apache.catalina.core.ApplicationContext log
INFO: Manager: start: Starting web application at '/'
24/10/2010 20:12:19 org.apache.catalina.core.ApplicationContext log
INFO: Manager: list: Listing contexts for virtual host 'localhost'
24/10/2010 20:12:19 org.apache.catalina.core.ApplicationContext log
INFO: Manager: list: Listing contexts for virtual host 'localhost'
24/10/2010 20:12:19 org.apache.catalina.core.ApplicationContext log
INFO: Manager: undeploy: Undeploying web application at '/'
24/10/2010 20:12:19 org.apache.catalina.core.ApplicationContext log
INFO: Manager: install: Installing context configuration at 'file:/E:/Users/HAL/AppData/Local/Temp/context1563169367050600296.xml'
24/10/2010 20:12:20 org.apache.catalina.core.ApplicationContext log
INFO: Manager: start: Starting web application at '/'
24/10/2010 20:14:14 org.apache.catalina.core.ApplicationContext log
INFO: Manager: list: Listing contexts for virtual host 'localhost'
24/10/2010 20:14:18 org.apache.catalina.core.ApplicationContext log
INFO: Manager: list: Listing contexts for virtual host 'localhost'
24/10/2010 20:14:18 org.apache.catalina.core.ApplicationContext log
INFO: Manager: list: Listing contexts for virtual host 'localhost'
24/10/2010 20:14:18 org.apache.catalina.core.ApplicationContext log
INFO: Manager: undeploy: Undeploying web application at '/'
24/10/2010 20:14:19 org.apache.catalina.core.ApplicationContext log
INFO: Manager: install: Installing context configuration at 'file:/E:/Users/HAL/AppData/Local/Temp/context3700762487028069402.xml'
24/10/2010 20:14:19 org.apache.catalina.core.ApplicationContext log
INFO: Manager: start: Starting web application at '/'
24/10/2010 20:15:17 org.apache.catalina.core.ApplicationContext log
INFO: Manager: list: Listing contexts for virtual host 'localhost'
24/10/2010 20:15:18 org.apache.catalina.core.ApplicationContext log
INFO: Manager: list: Listing contexts for virtual host 'localhost'
24/10/2010 20:15:18 org.apache.catalina.core.ApplicationContext log
INFO: Manager: list: Listing contexts for virtual host 'localhost'
24/10/2010 20:15:18 org.apache.catalina.core.ApplicationContext log
INFO: Manager: undeploy: Undeploying web application at '/'
24/10/2010 20:15:18 org.apache.catalina.core.ApplicationContext log
INFO: Manager: install: Installing context configuration at 'file:/E:/Users/HAL/AppData/Local/Temp/context936962254295526138.xml'
24/10/2010 20:15:19 org.apache.catalina.core.ApplicationContext log
INFO: Manager: start: Starting web application at '/'
24/10/2010 20:17:54 org.apache.catalina.core.ApplicationContext log
INFO: Manager: init: Associated with Deployer 'Catalina:type=Deployer,host=localhost'
24/10/2010 20:17:54 org.apache.catalina.core.ApplicationContext log
INFO: Manager: init: Global resources are available
24/10/2010 20:17:54 org.apache.catalina.core.ApplicationContext log
INFO: Manager: list: Listing contexts for virtual host 'localhost'
24/10/2010 20:17:54 org.apache.catalina.core.ApplicationContext log
INFO: Manager: undeploy: Undeploying web application at '/'
24/10/2010 20:17:55 org.apache.catalina.core.ApplicationContext log
INFO: Manager: install: Installing context configuration at 'file:/E:/Users/HAL/AppData/Local/Temp/context5270367888220034519.xml'
24/10/2010 20:17:55 org.apache.catalina.core.ApplicationContext log
INFO: Manager: start: Starting web application at '/'
24/10/2010 20:18:09 org.apache.catalina.core.ApplicationContext log
INFO: Manager: list: Listing contexts for virtual host 'localhost'
24/10/2010 20:18:13 org.apache.catalina.core.ApplicationContext log
INFO: Manager: list: Listing contexts for virtual host 'localhost'
24/10/2010 20:18:15 org.apache.catalina.core.ApplicationContext log
INFO: Manager: list: Listing contexts for virtual host 'localhost'
24/10/2010 20:18:15 org.apache.catalina.core.ApplicationContext log
INFO: Manager: list: Listing contexts for virtual host 'localhost'
24/10/2010 20:18:15 org.apache.catalina.core.ApplicationContext log
INFO: Manager: undeploy: Undeploying web application at '/'
24/10/2010 20:18:16 org.apache.catalina.core.ApplicationContext log
INFO: Manager: install: Installing context configuration at 'file:/E:/Users/HAL/AppData/Local/Temp/context2893645691105736209.xml'
24/10/2010 20:18:16 org.apache.catalina.core.ApplicationContext log
INFO: Manager: start: Starting web application at '/'
