04/11/2010 16:09:20 org.apache.catalina.core.ApplicationContext log
INFO: Manager: init: Associated with Deployer 'Catalina:type=Deployer,host=localhost'
04/11/2010 16:09:20 org.apache.catalina.core.ApplicationContext log
INFO: Manager: init: Global resources are available
04/11/2010 16:09:20 org.apache.catalina.core.ApplicationContext log
INFO: Manager: list: Listing contexts for virtual host 'localhost'
04/11/2010 16:09:20 org.apache.catalina.core.ApplicationContext log
INFO: Manager: list: Listing contexts for virtual host 'localhost'
04/11/2010 16:09:20 org.apache.catalina.core.ApplicationContext log
INFO: Manager: undeploy: Undeploying web application at '/'
04/11/2010 16:09:20 org.apache.catalina.core.ApplicationContext log
INFO: Manager: install: Installing context configuration at 'file:/E:/Users/HAL/AppData/Local/Temp/context3368486884916170550.xml'
04/11/2010 16:09:21 org.apache.catalina.core.ApplicationContext log
INFO: Manager: start: Starting web application at '/'
04/11/2010 16:10:48 org.apache.catalina.core.ApplicationContext log
INFO: Manager: list: Listing contexts for virtual host 'localhost'
04/11/2010 16:10:49 org.apache.catalina.core.ApplicationContext log
INFO: Manager: list: Listing contexts for virtual host 'localhost'
04/11/2010 16:10:49 org.apache.catalina.core.ApplicationContext log
INFO: Manager: list: Listing contexts for virtual host 'localhost'
04/11/2010 16:10:49 org.apache.catalina.core.ApplicationContext log
INFO: Manager: undeploy: Undeploying web application at '/'
04/11/2010 16:10:50 org.apache.catalina.core.ApplicationContext log
INFO: Manager: install: Installing context configuration at 'file:/E:/Users/HAL/AppData/Local/Temp/context7982150110826482125.xml'
04/11/2010 16:10:50 org.apache.catalina.core.ApplicationContext log
INFO: Manager: start: Starting web application at '/'
04/11/2010 16:14:34 org.apache.catalina.core.ApplicationContext log
INFO: Manager: list: Listing contexts for virtual host 'localhost'
04/11/2010 16:14:35 org.apache.catalina.core.ApplicationContext log
INFO: Manager: list: Listing contexts for virtual host 'localhost'
04/11/2010 16:14:35 org.apache.catalina.core.ApplicationContext log
INFO: Manager: list: Listing contexts for virtual host 'localhost'
04/11/2010 16:14:35 org.apache.catalina.core.ApplicationContext log
INFO: Manager: undeploy: Undeploying web application at '/'
04/11/2010 16:14:36 org.apache.catalina.core.ApplicationContext log
INFO: Manager: install: Installing context configuration at 'file:/E:/Users/HAL/AppData/Local/Temp/context6415791690165372402.xml'
04/11/2010 16:14:36 org.apache.catalina.core.ApplicationContext log
INFO: Manager: start: Starting web application at '/'
04/11/2010 16:17:32 org.apache.catalina.core.ApplicationContext log
INFO: Manager: list: Listing contexts for virtual host 'localhost'
04/11/2010 16:17:32 org.apache.catalina.core.ApplicationContext log
INFO: Manager: list: Listing contexts for virtual host 'localhost'
04/11/2010 16:17:32 org.apache.catalina.core.ApplicationContext log
INFO: Manager: list: Listing contexts for virtual host 'localhost'
04/11/2010 16:17:32 org.apache.catalina.core.ApplicationContext log
INFO: Manager: undeploy: Undeploying web application at '/'
04/11/2010 16:17:33 org.apache.catalina.core.ApplicationContext log
INFO: Manager: install: Installing context configuration at 'file:/E:/Users/HAL/AppData/Local/Temp/context4639284562817946468.xml'
04/11/2010 16:17:33 org.apache.catalina.core.ApplicationContext log
INFO: Manager: start: Starting web application at '/'
04/11/2010 16:19:07 org.apache.catalina.core.ApplicationContext log
INFO: Manager: list: Listing contexts for virtual host 'localhost'
04/11/2010 16:19:23 org.apache.catalina.core.ApplicationContext log
INFO: Manager: list: Listing contexts for virtual host 'localhost'
04/11/2010 16:19:23 org.apache.catalina.core.ApplicationContext log
INFO: Manager: list: Listing contexts for virtual host 'localhost'
04/11/2010 16:19:23 org.apache.catalina.core.ApplicationContext log
INFO: Manager: undeploy: Undeploying web application at '/'
04/11/2010 16:19:24 org.apache.catalina.core.ApplicationContext log
INFO: Manager: install: Installing context configuration at 'file:/E:/Users/HAL/AppData/Local/Temp/context2531505934690903521.xml'
04/11/2010 16:19:24 org.apache.catalina.core.ApplicationContext log
INFO: Manager: start: Starting web application at '/'
04/11/2010 16:20:19 org.apache.catalina.core.ApplicationContext log
INFO: Manager: list: Listing contexts for virtual host 'localhost'
04/11/2010 16:21:21 org.apache.catalina.core.ApplicationContext log
INFO: Manager: list: Listing contexts for virtual host 'localhost'
04/11/2010 16:21:22 org.apache.catalina.core.ApplicationContext log
INFO: Manager: list: Listing contexts for virtual host 'localhost'
04/11/2010 16:21:22 org.apache.catalina.core.ApplicationContext log
INFO: Manager: list: Listing contexts for virtual host 'localhost'
04/11/2010 16:21:22 org.apache.catalina.core.ApplicationContext log
INFO: Manager: undeploy: Undeploying web application at '/'
04/11/2010 16:21:22 org.apache.catalina.core.ApplicationContext log
INFO: Manager: install: Installing context configuration at 'file:/E:/Users/HAL/AppData/Local/Temp/context6649240076217889730.xml'
04/11/2010 16:21:23 org.apache.catalina.core.ApplicationContext log
INFO: Manager: start: Starting web application at '/'
04/11/2010 16:22:32 org.apache.catalina.core.ApplicationContext log
INFO: Manager: list: Listing contexts for virtual host 'localhost'
04/11/2010 16:22:57 org.apache.catalina.core.ApplicationContext log
INFO: Manager: list: Listing contexts for virtual host 'localhost'
04/11/2010 16:22:58 org.apache.catalina.core.ApplicationContext log
INFO: Manager: list: Listing contexts for virtual host 'localhost'
04/11/2010 16:22:58 org.apache.catalina.core.ApplicationContext log
INFO: Manager: list: Listing contexts for virtual host 'localhost'
04/11/2010 16:22:58 org.apache.catalina.core.ApplicationContext log
INFO: Manager: undeploy: Undeploying web application at '/'
04/11/2010 16:22:59 org.apache.catalina.core.ApplicationContext log
INFO: Manager: install: Installing context configuration at 'file:/E:/Users/HAL/AppData/Local/Temp/context4429800417127330506.xml'
04/11/2010 16:22:59 org.apache.catalina.core.ApplicationContext log
INFO: Manager: start: Starting web application at '/'
04/11/2010 16:27:39 org.apache.catalina.core.ApplicationContext log
INFO: Manager: list: Listing contexts for virtual host 'localhost'
04/11/2010 16:27:40 org.apache.catalina.core.ApplicationContext log
INFO: Manager: list: Listing contexts for virtual host 'localhost'
04/11/2010 16:27:40 org.apache.catalina.core.ApplicationContext log
INFO: Manager: list: Listing contexts for virtual host 'localhost'
04/11/2010 16:27:40 org.apache.catalina.core.ApplicationContext log
INFO: Manager: undeploy: Undeploying web application at '/'
04/11/2010 16:27:40 org.apache.catalina.core.ApplicationContext log
INFO: Manager: install: Installing context configuration at 'file:/E:/Users/HAL/AppData/Local/Temp/context4671131304259410570.xml'
04/11/2010 16:27:41 org.apache.catalina.core.ApplicationContext log
INFO: Manager: start: Starting web application at '/'
04/11/2010 16:30:46 org.apache.catalina.core.ApplicationContext log
INFO: Manager: list: Listing contexts for virtual host 'localhost'
04/11/2010 16:30:47 org.apache.catalina.core.ApplicationContext log
INFO: Manager: list: Listing contexts for virtual host 'localhost'
04/11/2010 16:30:47 org.apache.catalina.core.ApplicationContext log
INFO: Manager: list: Listing contexts for virtual host 'localhost'
04/11/2010 16:30:47 org.apache.catalina.core.ApplicationContext log
INFO: Manager: undeploy: Undeploying web application at '/'
04/11/2010 16:30:48 org.apache.catalina.core.ApplicationContext log
INFO: Manager: install: Installing context configuration at 'file:/E:/Users/HAL/AppData/Local/Temp/context6737072507089819433.xml'
04/11/2010 16:30:48 org.apache.catalina.core.ApplicationContext log
INFO: Manager: start: Starting web application at '/'
04/11/2010 16:33:04 org.apache.catalina.core.ApplicationContext log
INFO: Manager: list: Listing contexts for virtual host 'localhost'
04/11/2010 16:33:05 org.apache.catalina.core.ApplicationContext log
INFO: Manager: list: Listing contexts for virtual host 'localhost'
04/11/2010 16:33:05 org.apache.catalina.core.ApplicationContext log
INFO: Manager: list: Listing contexts for virtual host 'localhost'
04/11/2010 16:33:05 org.apache.catalina.core.ApplicationContext log
INFO: Manager: undeploy: Undeploying web application at '/'
04/11/2010 16:33:05 org.apache.catalina.core.ApplicationContext log
INFO: Manager: install: Installing context configuration at 'file:/E:/Users/HAL/AppData/Local/Temp/context2070214476319988259.xml'
04/11/2010 16:33:05 org.apache.catalina.core.ApplicationContext log
INFO: Manager: start: Starting web application at '/'
04/11/2010 16:33:57 org.apache.catalina.core.ApplicationContext log
INFO: Manager: list: Listing contexts for virtual host 'localhost'
04/11/2010 16:33:58 org.apache.catalina.core.ApplicationContext log
INFO: Manager: list: Listing contexts for virtual host 'localhost'
04/11/2010 16:33:58 org.apache.catalina.core.ApplicationContext log
INFO: Manager: list: Listing contexts for virtual host 'localhost'
04/11/2010 16:33:58 org.apache.catalina.core.ApplicationContext log
INFO: Manager: undeploy: Undeploying web application at '/'
04/11/2010 16:33:59 org.apache.catalina.core.ApplicationContext log
INFO: Manager: install: Installing context configuration at 'file:/E:/Users/HAL/AppData/Local/Temp/context7389606412199530358.xml'
04/11/2010 16:33:59 org.apache.catalina.core.ApplicationContext log
INFO: Manager: start: Starting web application at '/'
04/11/2010 16:36:05 org.apache.catalina.core.ApplicationContext log
INFO: Manager: list: Listing contexts for virtual host 'localhost'
04/11/2010 16:36:09 org.apache.catalina.core.ApplicationContext log
INFO: Manager: list: Listing contexts for virtual host 'localhost'
04/11/2010 16:36:13 org.apache.catalina.core.ApplicationContext log
INFO: Manager: list: Listing contexts for virtual host 'localhost'
04/11/2010 16:36:13 org.apache.catalina.core.ApplicationContext log
INFO: Manager: list: Listing contexts for virtual host 'localhost'
04/11/2010 16:36:13 org.apache.catalina.core.ApplicationContext log
INFO: Manager: undeploy: Undeploying web application at '/'
04/11/2010 16:36:14 org.apache.catalina.core.ApplicationContext log
INFO: Manager: install: Installing context configuration at 'file:/E:/Users/HAL/AppData/Local/Temp/context2846118508062056465.xml'
04/11/2010 16:36:14 org.apache.catalina.core.ApplicationContext log
INFO: Manager: start: Starting web application at '/'
04/11/2010 16:38:08 org.apache.catalina.core.ApplicationContext log
INFO: Manager: list: Listing contexts for virtual host 'localhost'
04/11/2010 16:38:09 org.apache.catalina.core.ApplicationContext log
INFO: Manager: list: Listing contexts for virtual host 'localhost'
04/11/2010 16:38:09 org.apache.catalina.core.ApplicationContext log
INFO: Manager: list: Listing contexts for virtual host 'localhost'
04/11/2010 16:38:09 org.apache.catalina.core.ApplicationContext log
INFO: Manager: undeploy: Undeploying web application at '/'
04/11/2010 16:38:10 org.apache.catalina.core.ApplicationContext log
INFO: Manager: install: Installing context configuration at 'file:/E:/Users/HAL/AppData/Local/Temp/context5032529462396492632.xml'
04/11/2010 16:38:10 org.apache.catalina.core.ApplicationContext log
INFO: Manager: start: Starting web application at '/'
04/11/2010 16:39:55 org.apache.catalina.core.ApplicationContext log
INFO: Manager: list: Listing contexts for virtual host 'localhost'
04/11/2010 16:39:56 org.apache.catalina.core.ApplicationContext log
INFO: Manager: list: Listing contexts for virtual host 'localhost'
04/11/2010 16:39:56 org.apache.catalina.core.ApplicationContext log
INFO: Manager: list: Listing contexts for virtual host 'localhost'
04/11/2010 16:39:56 org.apache.catalina.core.ApplicationContext log
INFO: Manager: undeploy: Undeploying web application at '/'
04/11/2010 16:39:57 org.apache.catalina.core.ApplicationContext log
INFO: Manager: install: Installing context configuration at 'file:/E:/Users/HAL/AppData/Local/Temp/context2383516914518960494.xml'
04/11/2010 16:39:57 org.apache.catalina.core.ApplicationContext log
INFO: Manager: start: Starting web application at '/'
04/11/2010 16:40:46 org.apache.catalina.core.ApplicationContext log
INFO: Manager: list: Listing contexts for virtual host 'localhost'
04/11/2010 16:40:47 org.apache.catalina.core.ApplicationContext log
INFO: Manager: list: Listing contexts for virtual host 'localhost'
04/11/2010 16:40:47 org.apache.catalina.core.ApplicationContext log
INFO: Manager: list: Listing contexts for virtual host 'localhost'
04/11/2010 16:40:47 org.apache.catalina.core.ApplicationContext log
INFO: Manager: undeploy: Undeploying web application at '/'
04/11/2010 16:40:47 org.apache.catalina.core.ApplicationContext log
INFO: Manager: install: Installing context configuration at 'file:/E:/Users/HAL/AppData/Local/Temp/context3717866617276569411.xml'
04/11/2010 16:40:47 org.apache.catalina.core.ApplicationContext log
INFO: Manager: start: Starting web application at '/'
