10/11/2010 00:01:40 org.apache.coyote.http11.Http11AprProtocol pause
INFO: Pausing Coyote HTTP/1.1 on http-8080
10/11/2010 00:01:40 org.apache.coyote.ajp.AjpAprProtocol pause
INFO: Pausing Coyote AJP/1.3 on ajp-8009
10/11/2010 00:01:41 org.apache.catalina.core.StandardService stop
INFO: Stopping service Catalina
10/11/2010 00:01:41 org.apache.coyote.http11.Http11AprProtocol destroy
INFO: Stopping Coyote HTTP/1.1 on http-8080
10/11/2010 00:01:41 org.apache.coyote.ajp.AjpAprProtocol destroy
INFO: Stopping Coyote AJP/1.3 on ajp-8009
10/11/2010 10:47:37 org.apache.catalina.core.AprLifecycleListener init
INFO: Loaded APR based Apache Tomcat Native library 1.1.20.
10/11/2010 10:47:37 org.apache.catalina.core.AprLifecycleListener init
INFO: APR capabilities: IPv6 [true], sendfile [true], accept filters [false], random [true].
10/11/2010 10:47:37 org.apache.coyote.http11.Http11AprProtocol init
INFO: Initializing Coyote HTTP/1.1 on http-8080
10/11/2010 10:47:37 org.apache.coyote.ajp.AjpAprProtocol init
INFO: Initializing Coyote AJP/1.3 on ajp-8009
10/11/2010 10:47:37 org.apache.catalina.startup.Catalina load
INFO: Initialization processed in 1003 ms
10/11/2010 10:47:37 org.apache.catalina.core.StandardService start
INFO: Starting service Catalina
10/11/2010 10:47:37 org.apache.catalina.core.StandardEngine start
INFO: Starting Servlet Engine: Apache Tomcat/6.0.29
10/11/2010 10:47:37 org.apache.catalina.startup.HostConfig deployDescriptor
INFO: Deploying configuration descriptor host-manager.xml
10/11/2010 10:47:38 org.apache.catalina.startup.HostConfig deployDescriptor
INFO: Deploying configuration descriptor manager.xml
10/11/2010 10:47:38 org.apache.catalina.startup.HostConfig deployDescriptor
INFO: Deploying configuration descriptor ROOT.xml
10/11/2010 10:47:38 org.apache.catalina.startup.HostConfig deployDirectory
INFO: Deploying web application directory docs
10/11/2010 10:47:38 org.apache.catalina.startup.HostConfig deployDirectory
INFO: Deploying web application directory examples
10/11/2010 10:47:39 org.apache.coyote.http11.Http11AprProtocol start
INFO: Starting Coyote HTTP/1.1 on http-8080
10/11/2010 10:47:39 org.apache.coyote.ajp.AjpAprProtocol start
INFO: Starting Coyote AJP/1.3 on ajp-8009
10/11/2010 10:47:39 org.apache.catalina.startup.Catalina start
INFO: Server startup in 1325 ms
10/11/2010 10:47:39 org.apache.catalina.startup.HostConfig checkResources
INFO: Undeploying context []
10/11/2010 10:47:40 org.apache.catalina.startup.HostConfig deployDescriptor
INFO: Deploying configuration descriptor ROOT.xml
10/11/2010 10:47:40 org.apache.catalina.core.StandardContext start
INFO: Container org.apache.catalina.core.ContainerBase.[Catalina].[localhost].[/] has already been started
10/11/2010 10:51:11 org.apache.catalina.startup.HostConfig checkResources
INFO: Undeploying context []
10/11/2010 10:51:11 org.apache.catalina.startup.HostConfig deployDescriptor
INFO: Deploying configuration descriptor ROOT.xml
10/11/2010 10:51:11 org.apache.catalina.core.StandardContext start
INFO: Container org.apache.catalina.core.ContainerBase.[Catalina].[localhost].[/] has already been started
10/11/2010 11:00:05 org.apache.catalina.startup.HostConfig checkResources
INFO: Undeploying context []
10/11/2010 11:00:05 org.apache.catalina.startup.HostConfig deployDescriptor
INFO: Deploying configuration descriptor ROOT.xml
10/11/2010 11:00:05 org.apache.catalina.core.StandardContext start
INFO: Container org.apache.catalina.core.ContainerBase.[Catalina].[localhost].[/] has already been started
10/11/2010 11:02:04 org.apache.catalina.startup.HostConfig checkResources
INFO: Undeploying context []
10/11/2010 11:02:04 org.apache.catalina.startup.HostConfig deployDescriptor
INFO: Deploying configuration descriptor ROOT.xml
10/11/2010 11:02:04 org.apache.catalina.core.StandardContext start
INFO: Container org.apache.catalina.core.ContainerBase.[Catalina].[localhost].[/] has already been started
10/11/2010 11:05:59 org.apache.catalina.startup.HostConfig checkResources
INFO: Undeploying context []
10/11/2010 11:05:59 org.apache.catalina.startup.HostConfig deployDescriptor
INFO: Deploying configuration descriptor ROOT.xml
10/11/2010 11:05:59 org.apache.catalina.core.StandardContext start
INFO: Container org.apache.catalina.core.ContainerBase.[Catalina].[localhost].[/] has already been started
10/11/2010 11:06:30 org.apache.coyote.http11.Http11AprProtocol pause
INFO: Pausing Coyote HTTP/1.1 on http-8080
10/11/2010 11:06:30 org.apache.coyote.ajp.AjpAprProtocol pause
INFO: Pausing Coyote AJP/1.3 on ajp-8009
10/11/2010 11:06:31 org.apache.catalina.core.StandardService stop
INFO: Stopping service Catalina
10/11/2010 11:06:31 org.apache.coyote.http11.Http11AprProtocol destroy
INFO: Stopping Coyote HTTP/1.1 on http-8080
10/11/2010 11:06:31 org.apache.coyote.ajp.AjpAprProtocol destroy
INFO: Stopping Coyote AJP/1.3 on ajp-8009
