24/10/2010 19:10:46 org.apache.catalina.core.AprLifecycleListener init
INFO: Loaded APR based Apache Tomcat Native library 1.1.20.
24/10/2010 19:10:46 org.apache.catalina.core.AprLifecycleListener init
INFO: APR capabilities: IPv6 [true], sendfile [true], accept filters [false], random [true].
24/10/2010 19:10:47 org.apache.coyote.http11.Http11AprProtocol init
INFO: Initializing Coyote HTTP/1.1 on http-8080
24/10/2010 19:10:47 org.apache.coyote.ajp.AjpAprProtocol init
INFO: Initializing Coyote AJP/1.3 on ajp-8009
24/10/2010 19:10:47 org.apache.catalina.startup.Catalina load
INFO: Initialization processed in 1110 ms
24/10/2010 19:10:47 org.apache.catalina.core.StandardService start
INFO: Starting service Catalina
24/10/2010 19:10:47 org.apache.catalina.core.StandardEngine start
INFO: Starting Servlet Engine: Apache Tomcat/6.0.29
24/10/2010 19:10:47 org.apache.catalina.startup.HostConfig deployDescriptor
INFO: Deploying configuration descriptor host-manager.xml
24/10/2010 19:10:47 org.apache.catalina.startup.HostConfig deployDescriptor
INFO: Deploying configuration descriptor manager.xml
24/10/2010 19:10:47 org.apache.catalina.startup.HostConfig deployDescriptor
INFO: Deploying configuration descriptor ROOT.xml
24/10/2010 19:10:47 org.apache.catalina.startup.HostConfig deployDirectory
INFO: Deploying web application directory docs
24/10/2010 19:10:47 org.apache.catalina.startup.HostConfig deployDirectory
INFO: Deploying web application directory examples
24/10/2010 19:10:48 org.apache.coyote.http11.Http11AprProtocol start
INFO: Starting Coyote HTTP/1.1 on http-8080
24/10/2010 19:10:48 org.apache.coyote.ajp.AjpAprProtocol start
INFO: Starting Coyote AJP/1.3 on ajp-8009
24/10/2010 19:10:48 org.apache.catalina.startup.Catalina start
INFO: Server startup in 1053 ms
24/10/2010 19:10:51 org.apache.catalina.startup.HostConfig checkResources
INFO: Undeploying context []
24/10/2010 19:10:51 org.apache.catalina.startup.HostConfig deployDescriptor
INFO: Deploying configuration descriptor ROOT.xml
24/10/2010 19:10:51 org.apache.catalina.core.StandardContext start
INFO: Container org.apache.catalina.core.ContainerBase.[Catalina].[localhost].[/] has already been started
24/10/2010 19:17:13 org.apache.catalina.startup.HostConfig checkResources
INFO: Undeploying context []
24/10/2010 19:17:13 org.apache.catalina.startup.HostConfig deployDescriptor
INFO: Deploying configuration descriptor ROOT.xml
24/10/2010 19:17:13 org.apache.catalina.core.StandardContext start
INFO: Container org.apache.catalina.core.ContainerBase.[Catalina].[localhost].[/] has already been started
24/10/2010 19:19:11 org.apache.catalina.startup.HostConfig checkResources
INFO: Undeploying context []
24/10/2010 19:19:11 org.apache.catalina.startup.HostConfig deployDescriptor
INFO: Deploying configuration descriptor ROOT.xml
24/10/2010 19:19:11 org.apache.catalina.core.StandardContext start
INFO: Container org.apache.catalina.core.ContainerBase.[Catalina].[localhost].[/] has already been started
24/10/2010 20:12:19 org.apache.catalina.startup.HostConfig checkResources
INFO: Undeploying context []
24/10/2010 20:12:20 org.apache.catalina.startup.HostConfig checkResources
INFO: Undeploying context []
24/10/2010 20:12:20 org.apache.catalina.startup.HostConfig checkResources
AVISO: Error while removing context []
java.lang.NullPointerException
	at org.apache.catalina.core.ContainerBase.removeChild(ContainerBase.java:915)
	at org.apache.catalina.startup.HostConfig.checkResources(HostConfig.java:1174)
	at org.apache.catalina.startup.HostConfig.check(HostConfig.java:1342)
	at org.apache.catalina.startup.HostConfig.lifecycleEvent(HostConfig.java:303)
	at org.apache.catalina.util.LifecycleSupport.fireLifecycleEvent(LifecycleSupport.java:119)
	at org.apache.catalina.core.ContainerBase.backgroundProcess(ContainerBase.java:1337)
	at org.apache.catalina.core.ContainerBase$ContainerBackgroundProcessor.processChildren(ContainerBase.java:1601)
	at org.apache.catalina.core.ContainerBase$ContainerBackgroundProcessor.processChildren(ContainerBase.java:1610)
	at org.apache.catalina.core.ContainerBase$ContainerBackgroundProcessor.run(ContainerBase.java:1590)
	at java.lang.Thread.run(Thread.java:619)
24/10/2010 20:12:20 org.apache.catalina.startup.HostConfig checkResources
AVISO: Error during context [] destroy
java.lang.NullPointerException
	at org.apache.catalina.startup.HostConfig.checkResources(HostConfig.java:1180)
	at org.apache.catalina.startup.HostConfig.check(HostConfig.java:1342)
	at org.apache.catalina.startup.HostConfig.lifecycleEvent(HostConfig.java:303)
	at org.apache.catalina.util.LifecycleSupport.fireLifecycleEvent(LifecycleSupport.java:119)
	at org.apache.catalina.core.ContainerBase.backgroundProcess(ContainerBase.java:1337)
	at org.apache.catalina.core.ContainerBase$ContainerBackgroundProcessor.processChildren(ContainerBase.java:1601)
	at org.apache.catalina.core.ContainerBase$ContainerBackgroundProcessor.processChildren(ContainerBase.java:1610)
	at org.apache.catalina.core.ContainerBase$ContainerBackgroundProcessor.run(ContainerBase.java:1590)
	at java.lang.Thread.run(Thread.java:619)
24/10/2010 20:12:20 org.apache.catalina.startup.HostConfig deployDescriptor
INFO: Deploying configuration descriptor ROOT.xml
24/10/2010 20:12:20 org.apache.catalina.core.StandardContext start
INFO: Container org.apache.catalina.core.ContainerBase.[Catalina].[localhost].[/] has already been started
24/10/2010 20:14:19 org.apache.catalina.startup.HostConfig checkResources
INFO: Undeploying context []
24/10/2010 20:14:19 org.apache.catalina.startup.HostConfig deployDescriptor
INFO: Deploying configuration descriptor ROOT.xml
24/10/2010 20:14:19 org.apache.catalina.core.StandardContext start
INFO: Container org.apache.catalina.core.ContainerBase.[Catalina].[localhost].[/] has already been started
24/10/2010 20:15:18 org.apache.catalina.startup.HostConfig checkResources
INFO: Undeploying context []
24/10/2010 20:15:18 org.apache.catalina.startup.HostConfig deployDescriptor
INFO: Deploying configuration descriptor ROOT.xml
24/10/2010 20:15:19 org.apache.catalina.core.StandardContext start
INFO: Container org.apache.catalina.core.ContainerBase.[Catalina].[localhost].[/] has already been started
24/10/2010 20:15:38 org.apache.coyote.http11.Http11AprProtocol pause
INFO: Pausing Coyote HTTP/1.1 on http-8080
24/10/2010 20:15:38 org.apache.coyote.ajp.AjpAprProtocol pause
INFO: Pausing Coyote AJP/1.3 on ajp-8009
24/10/2010 20:15:39 org.apache.catalina.core.StandardService stop
INFO: Stopping service Catalina
24/10/2010 20:15:39 org.apache.coyote.http11.Http11AprProtocol destroy
INFO: Stopping Coyote HTTP/1.1 on http-8080
24/10/2010 20:15:39 org.apache.coyote.ajp.AjpAprProtocol destroy
INFO: Stopping Coyote AJP/1.3 on ajp-8009
24/10/2010 20:17:53 org.apache.catalina.core.AprLifecycleListener init
INFO: Loaded APR based Apache Tomcat Native library 1.1.20.
24/10/2010 20:17:53 org.apache.catalina.core.AprLifecycleListener init
INFO: APR capabilities: IPv6 [true], sendfile [true], accept filters [false], random [true].
24/10/2010 20:17:53 org.apache.coyote.http11.Http11AprProtocol init
INFO: Initializing Coyote HTTP/1.1 on http-8080
24/10/2010 20:17:53 org.apache.coyote.ajp.AjpAprProtocol init
INFO: Initializing Coyote AJP/1.3 on ajp-8009
24/10/2010 20:17:53 org.apache.catalina.startup.Catalina load
INFO: Initialization processed in 906 ms
24/10/2010 20:17:53 org.apache.catalina.core.StandardService start
INFO: Starting service Catalina
24/10/2010 20:17:53 org.apache.catalina.core.StandardEngine start
INFO: Starting Servlet Engine: Apache Tomcat/6.0.29
24/10/2010 20:17:53 org.apache.catalina.startup.HostConfig deployDescriptor
INFO: Deploying configuration descriptor host-manager.xml
24/10/2010 20:17:53 org.apache.catalina.startup.HostConfig deployDescriptor
INFO: Deploying configuration descriptor manager.xml
24/10/2010 20:17:54 org.apache.catalina.startup.HostConfig deployDescriptor
INFO: Deploying configuration descriptor ROOT.xml
24/10/2010 20:17:54 org.apache.catalina.startup.HostConfig deployDirectory
INFO: Deploying web application directory docs
24/10/2010 20:17:54 org.apache.catalina.startup.HostConfig deployDirectory
INFO: Deploying web application directory examples
24/10/2010 20:17:54 org.apache.coyote.http11.Http11AprProtocol start
INFO: Starting Coyote HTTP/1.1 on http-8080
24/10/2010 20:17:54 org.apache.coyote.ajp.AjpAprProtocol start
INFO: Starting Coyote AJP/1.3 on ajp-8009
24/10/2010 20:17:54 org.apache.catalina.startup.Catalina start
INFO: Server startup in 946 ms
24/10/2010 20:17:55 org.apache.catalina.startup.HostConfig checkResources
INFO: Undeploying context []
24/10/2010 20:17:55 org.apache.catalina.startup.HostConfig deployDescriptor
INFO: Deploying configuration descriptor ROOT.xml
24/10/2010 20:17:55 org.apache.catalina.core.StandardContext start
INFO: Container org.apache.catalina.core.ContainerBase.[Catalina].[localhost].[/] has already been started
24/10/2010 20:18:16 org.apache.catalina.startup.HostConfig checkResources
INFO: Undeploying context []
24/10/2010 20:18:16 org.apache.catalina.startup.HostConfig deployDescriptor
INFO: Deploying configuration descriptor ROOT.xml
24/10/2010 20:18:16 org.apache.catalina.core.StandardContext start
INFO: Container org.apache.catalina.core.ContainerBase.[Catalina].[localhost].[/] has already been started
24/10/2010 20:18:49 org.apache.coyote.http11.Http11AprProtocol pause
INFO: Pausing Coyote HTTP/1.1 on http-8080
24/10/2010 20:18:49 org.apache.coyote.ajp.AjpAprProtocol pause
INFO: Pausing Coyote AJP/1.3 on ajp-8009
24/10/2010 20:18:50 org.apache.catalina.core.StandardService stop
INFO: Stopping service Catalina
24/10/2010 20:18:50 org.apache.coyote.http11.Http11AprProtocol destroy
INFO: Stopping Coyote HTTP/1.1 on http-8080
24/10/2010 20:18:50 org.apache.coyote.ajp.AjpAprProtocol destroy
INFO: Stopping Coyote AJP/1.3 on ajp-8009
