08/11/2010 15:35:39 org.apache.catalina.core.AprLifecycleListener init
INFO: Loaded APR based Apache Tomcat Native library 1.1.20.
08/11/2010 15:35:39 org.apache.catalina.core.AprLifecycleListener init
INFO: APR capabilities: IPv6 [true], sendfile [true], accept filters [false], random [true].
08/11/2010 15:35:40 org.apache.coyote.http11.Http11AprProtocol init
INFO: Initializing Coyote HTTP/1.1 on http-8080
08/11/2010 15:35:40 org.apache.coyote.ajp.AjpAprProtocol init
INFO: Initializing Coyote AJP/1.3 on ajp-8009
08/11/2010 15:35:40 org.apache.catalina.startup.Catalina load
INFO: Initialization processed in 866 ms
08/11/2010 15:35:40 org.apache.catalina.core.StandardService start
INFO: Starting service Catalina
08/11/2010 15:35:40 org.apache.catalina.core.StandardEngine start
INFO: Starting Servlet Engine: Apache Tomcat/6.0.29
08/11/2010 15:35:40 org.apache.catalina.startup.HostConfig deployDescriptor
INFO: Deploying configuration descriptor host-manager.xml
08/11/2010 15:35:40 org.apache.catalina.startup.HostConfig deployDescriptor
INFO: Deploying configuration descriptor manager.xml
08/11/2010 15:35:40 org.apache.catalina.startup.HostConfig deployDescriptor
INFO: Deploying configuration descriptor ROOT.xml
08/11/2010 15:35:40 org.apache.catalina.startup.HostConfig deployDirectory
INFO: Deploying web application directory docs
08/11/2010 15:35:40 org.apache.catalina.startup.HostConfig deployDirectory
INFO: Deploying web application directory examples
08/11/2010 15:35:41 org.apache.coyote.http11.Http11AprProtocol start
INFO: Starting Coyote HTTP/1.1 on http-8080
08/11/2010 15:35:41 org.apache.coyote.ajp.AjpAprProtocol start
INFO: Starting Coyote AJP/1.3 on ajp-8009
08/11/2010 15:35:41 org.apache.catalina.startup.Catalina start
INFO: Server startup in 940 ms
08/11/2010 15:35:41 org.apache.catalina.startup.HostConfig checkResources
INFO: Undeploying context []
08/11/2010 15:35:41 org.apache.catalina.startup.HostConfig deployDescriptor
INFO: Deploying configuration descriptor ROOT.xml
08/11/2010 15:35:42 org.apache.catalina.core.StandardContext start
INFO: Container org.apache.catalina.core.ContainerBase.[Catalina].[localhost].[/] has already been started
08/11/2010 15:36:32 org.apache.catalina.startup.HostConfig checkResources
INFO: Undeploying context []
08/11/2010 15:36:32 org.apache.catalina.startup.HostConfig deployDescriptor
INFO: Deploying configuration descriptor ROOT.xml
08/11/2010 15:36:32 org.apache.catalina.core.StandardContext start
INFO: Container org.apache.catalina.core.ContainerBase.[Catalina].[localhost].[/] has already been started
08/11/2010 15:37:17 org.apache.catalina.startup.HostConfig checkResources
INFO: Undeploying context []
08/11/2010 15:37:17 org.apache.catalina.startup.HostConfig deployDescriptor
INFO: Deploying configuration descriptor ROOT.xml
08/11/2010 15:37:17 org.apache.catalina.core.StandardContext start
INFO: Container org.apache.catalina.core.ContainerBase.[Catalina].[localhost].[/] has already been started
08/11/2010 15:42:01 org.apache.catalina.startup.HostConfig checkResources
INFO: Undeploying context []
08/11/2010 15:42:01 org.apache.catalina.startup.HostConfig deployDescriptor
INFO: Deploying configuration descriptor ROOT.xml
08/11/2010 15:42:01 org.apache.catalina.core.StandardContext start
INFO: Container org.apache.catalina.core.ContainerBase.[Catalina].[localhost].[/] has already been started
08/11/2010 15:43:43 org.apache.catalina.startup.HostConfig checkResources
INFO: Undeploying context []
08/11/2010 15:43:43 org.apache.catalina.startup.HostConfig deployDescriptor
INFO: Deploying configuration descriptor ROOT.xml
08/11/2010 15:43:43 org.apache.catalina.core.StandardContext start
INFO: Container org.apache.catalina.core.ContainerBase.[Catalina].[localhost].[/] has already been started
08/11/2010 15:45:01 org.apache.catalina.startup.HostConfig checkResources
INFO: Undeploying context []
08/11/2010 15:45:01 org.apache.catalina.startup.HostConfig deployDescriptor
INFO: Deploying configuration descriptor ROOT.xml
08/11/2010 15:45:01 org.apache.catalina.core.StandardContext start
INFO: Container org.apache.catalina.core.ContainerBase.[Catalina].[localhost].[/] has already been started
08/11/2010 15:46:23 org.apache.catalina.startup.HostConfig checkResources
INFO: Undeploying context []
08/11/2010 15:46:23 org.apache.catalina.startup.HostConfig deployDescriptor
INFO: Deploying configuration descriptor ROOT.xml
08/11/2010 15:46:23 org.apache.catalina.core.StandardContext start
INFO: Container org.apache.catalina.core.ContainerBase.[Catalina].[localhost].[/] has already been started
08/11/2010 16:17:48 org.apache.catalina.startup.HostConfig checkResources
INFO: Undeploying context []
08/11/2010 16:17:48 org.apache.catalina.startup.HostConfig deployDescriptor
INFO: Deploying configuration descriptor ROOT.xml
08/11/2010 16:17:48 org.apache.catalina.core.StandardContext start
INFO: Container org.apache.catalina.core.ContainerBase.[Catalina].[localhost].[/] has already been started
08/11/2010 16:18:06 org.apache.catalina.startup.HostConfig checkResources
INFO: Undeploying context []
08/11/2010 16:18:06 org.apache.catalina.startup.HostConfig deployDescriptor
INFO: Deploying configuration descriptor ROOT.xml
08/11/2010 16:18:07 org.apache.catalina.core.StandardContext start
INFO: Container org.apache.catalina.core.ContainerBase.[Catalina].[localhost].[/] has already been started
08/11/2010 16:18:43 org.apache.catalina.startup.HostConfig checkResources
INFO: Undeploying context []
08/11/2010 16:18:43 org.apache.catalina.startup.HostConfig deployDescriptor
INFO: Deploying configuration descriptor ROOT.xml
08/11/2010 16:18:43 org.apache.catalina.core.StandardContext start
INFO: Container org.apache.catalina.core.ContainerBase.[Catalina].[localhost].[/] has already been started
08/11/2010 16:19:11 org.apache.catalina.startup.HostConfig checkResources
INFO: Undeploying context []
08/11/2010 16:19:11 org.apache.catalina.startup.HostConfig deployDescriptor
INFO: Deploying configuration descriptor ROOT.xml
08/11/2010 16:19:11 org.apache.catalina.core.StandardContext start
INFO: Container org.apache.catalina.core.ContainerBase.[Catalina].[localhost].[/] has already been started
08/11/2010 16:19:30 org.apache.catalina.startup.HostConfig checkResources
INFO: Undeploying context []
08/11/2010 16:19:30 org.apache.catalina.startup.HostConfig deployDescriptor
INFO: Deploying configuration descriptor ROOT.xml
08/11/2010 16:19:30 org.apache.catalina.core.StandardContext start
INFO: Container org.apache.catalina.core.ContainerBase.[Catalina].[localhost].[/] has already been started
08/11/2010 16:20:16 org.apache.catalina.startup.HostConfig checkResources
INFO: Undeploying context []
08/11/2010 16:20:16 org.apache.catalina.startup.HostConfig deployDescriptor
INFO: Deploying configuration descriptor ROOT.xml
08/11/2010 16:20:17 org.apache.catalina.core.StandardContext start
INFO: Container org.apache.catalina.core.ContainerBase.[Catalina].[localhost].[/] has already been started
08/11/2010 16:20:44 org.apache.catalina.startup.HostConfig checkResources
INFO: Undeploying context []
08/11/2010 16:20:44 org.apache.catalina.startup.HostConfig deployDescriptor
INFO: Deploying configuration descriptor ROOT.xml
08/11/2010 16:20:44 org.apache.catalina.core.StandardContext start
INFO: Container org.apache.catalina.core.ContainerBase.[Catalina].[localhost].[/] has already been started
08/11/2010 16:23:12 org.apache.catalina.startup.HostConfig checkResources
INFO: Undeploying context []
08/11/2010 16:23:12 org.apache.catalina.startup.HostConfig deployDescriptor
INFO: Deploying configuration descriptor ROOT.xml
08/11/2010 16:23:12 org.apache.catalina.core.StandardContext start
INFO: Container org.apache.catalina.core.ContainerBase.[Catalina].[localhost].[/] has already been started
08/11/2010 16:30:39 org.apache.catalina.startup.HostConfig checkResources
INFO: Undeploying context []
08/11/2010 16:30:39 org.apache.catalina.startup.HostConfig deployDescriptor
INFO: Deploying configuration descriptor ROOT.xml
08/11/2010 16:30:39 org.apache.catalina.core.StandardContext start
INFO: Container org.apache.catalina.core.ContainerBase.[Catalina].[localhost].[/] has already been started
08/11/2010 16:31:05 org.apache.catalina.startup.HostConfig checkResources
INFO: Undeploying context []
08/11/2010 16:31:05 org.apache.catalina.startup.HostConfig deployDescriptor
INFO: Deploying configuration descriptor ROOT.xml
08/11/2010 16:31:05 org.apache.catalina.core.StandardContext start
INFO: Container org.apache.catalina.core.ContainerBase.[Catalina].[localhost].[/] has already been started
08/11/2010 16:33:46 org.apache.catalina.startup.HostConfig checkResources
INFO: Undeploying context []
08/11/2010 16:33:46 org.apache.catalina.startup.HostConfig deployDescriptor
INFO: Deploying configuration descriptor ROOT.xml
08/11/2010 16:33:46 org.apache.catalina.core.StandardContext start
INFO: Container org.apache.catalina.core.ContainerBase.[Catalina].[localhost].[/] has already been started
08/11/2010 16:38:01 org.apache.catalina.startup.HostConfig checkResources
INFO: Undeploying context []
08/11/2010 16:38:01 org.apache.catalina.startup.HostConfig deployDescriptor
INFO: Deploying configuration descriptor ROOT.xml
08/11/2010 16:38:01 org.apache.catalina.core.StandardContext start
INFO: Container org.apache.catalina.core.ContainerBase.[Catalina].[localhost].[/] has already been started
08/11/2010 16:39:11 org.apache.catalina.startup.HostConfig checkResources
INFO: Undeploying context []
08/11/2010 16:39:11 org.apache.catalina.startup.HostConfig deployDescriptor
INFO: Deploying configuration descriptor ROOT.xml
08/11/2010 16:39:11 org.apache.catalina.core.StandardContext start
INFO: Container org.apache.catalina.core.ContainerBase.[Catalina].[localhost].[/] has already been started
08/11/2010 16:41:42 org.apache.catalina.startup.HostConfig checkResources
INFO: Undeploying context []
08/11/2010 16:41:42 org.apache.catalina.startup.HostConfig deployDescriptor
INFO: Deploying configuration descriptor ROOT.xml
08/11/2010 16:41:42 org.apache.catalina.core.StandardContext start
INFO: Container org.apache.catalina.core.ContainerBase.[Catalina].[localhost].[/] has already been started
08/11/2010 16:56:01 org.apache.catalina.startup.HostConfig checkResources
INFO: Undeploying context []
08/11/2010 16:56:01 org.apache.catalina.startup.HostConfig deployDescriptor
INFO: Deploying configuration descriptor ROOT.xml
08/11/2010 16:56:01 org.apache.catalina.core.StandardContext start
INFO: Container org.apache.catalina.core.ContainerBase.[Catalina].[localhost].[/] has already been started
08/11/2010 16:57:02 org.apache.catalina.startup.HostConfig checkResources
INFO: Undeploying context []
08/11/2010 16:57:02 org.apache.catalina.startup.HostConfig deployDescriptor
INFO: Deploying configuration descriptor ROOT.xml
08/11/2010 16:57:02 org.apache.catalina.core.StandardContext start
INFO: Container org.apache.catalina.core.ContainerBase.[Catalina].[localhost].[/] has already been started
08/11/2010 16:57:46 org.apache.catalina.startup.HostConfig checkResources
INFO: Undeploying context []
08/11/2010 16:57:46 org.apache.catalina.startup.HostConfig deployDescriptor
INFO: Deploying configuration descriptor ROOT.xml
08/11/2010 16:57:46 org.apache.catalina.core.StandardContext start
INFO: Container org.apache.catalina.core.ContainerBase.[Catalina].[localhost].[/] has already been started
08/11/2010 17:20:19 org.apache.catalina.startup.HostConfig checkResources
INFO: Undeploying context []
08/11/2010 17:20:19 org.apache.catalina.startup.HostConfig deployDescriptor
INFO: Deploying configuration descriptor ROOT.xml
08/11/2010 17:20:19 org.apache.catalina.core.StandardContext start
INFO: Container org.apache.catalina.core.ContainerBase.[Catalina].[localhost].[/] has already been started
08/11/2010 17:22:55 org.apache.catalina.startup.HostConfig checkResources
INFO: Undeploying context []
08/11/2010 17:22:55 org.apache.catalina.startup.HostConfig deployDescriptor
INFO: Deploying configuration descriptor ROOT.xml
08/11/2010 17:22:55 org.apache.catalina.core.StandardContext start
INFO: Container org.apache.catalina.core.ContainerBase.[Catalina].[localhost].[/] has already been started
08/11/2010 17:24:10 org.apache.catalina.startup.HostConfig checkResources
INFO: Undeploying context []
08/11/2010 17:24:10 org.apache.catalina.startup.HostConfig deployDescriptor
INFO: Deploying configuration descriptor ROOT.xml
08/11/2010 17:24:10 org.apache.catalina.core.StandardContext start
INFO: Container org.apache.catalina.core.ContainerBase.[Catalina].[localhost].[/] has already been started
08/11/2010 17:25:25 org.apache.catalina.startup.HostConfig checkResources
INFO: Undeploying context []
08/11/2010 17:25:25 org.apache.catalina.startup.HostConfig deployDescriptor
INFO: Deploying configuration descriptor ROOT.xml
08/11/2010 17:25:25 org.apache.catalina.core.StandardContext start
INFO: Container org.apache.catalina.core.ContainerBase.[Catalina].[localhost].[/] has already been started
08/11/2010 17:32:54 org.apache.catalina.startup.HostConfig checkResources
INFO: Undeploying context []
08/11/2010 17:32:54 org.apache.catalina.startup.HostConfig deployDescriptor
INFO: Deploying configuration descriptor ROOT.xml
08/11/2010 17:32:54 org.apache.catalina.core.StandardContext start
INFO: Container org.apache.catalina.core.ContainerBase.[Catalina].[localhost].[/] has already been started
08/11/2010 17:34:00 org.apache.catalina.startup.HostConfig checkResources
INFO: Undeploying context []
08/11/2010 17:34:00 org.apache.catalina.startup.HostConfig deployDescriptor
INFO: Deploying configuration descriptor ROOT.xml
08/11/2010 17:34:00 org.apache.catalina.core.StandardContext start
INFO: Container org.apache.catalina.core.ContainerBase.[Catalina].[localhost].[/] has already been started
08/11/2010 17:34:20 org.apache.catalina.startup.HostConfig checkResources
INFO: Undeploying context []
08/11/2010 17:34:20 org.apache.catalina.startup.HostConfig deployDescriptor
INFO: Deploying configuration descriptor ROOT.xml
08/11/2010 17:34:20 org.apache.catalina.core.StandardContext start
INFO: Container org.apache.catalina.core.ContainerBase.[Catalina].[localhost].[/] has already been started
08/11/2010 17:35:39 org.apache.catalina.startup.HostConfig checkResources
INFO: Undeploying context []
08/11/2010 17:35:39 org.apache.catalina.startup.HostConfig deployDescriptor
INFO: Deploying configuration descriptor ROOT.xml
08/11/2010 17:35:39 org.apache.catalina.core.StandardContext start
INFO: Container org.apache.catalina.core.ContainerBase.[Catalina].[localhost].[/] has already been started
08/11/2010 17:40:20 org.apache.catalina.startup.HostConfig checkResources
INFO: Undeploying context []
08/11/2010 17:40:20 org.apache.catalina.startup.HostConfig deployDescriptor
INFO: Deploying configuration descriptor ROOT.xml
08/11/2010 17:40:20 org.apache.catalina.core.StandardContext start
INFO: Container org.apache.catalina.core.ContainerBase.[Catalina].[localhost].[/] has already been started
08/11/2010 17:42:16 org.apache.catalina.startup.HostConfig checkResources
INFO: Undeploying context []
08/11/2010 17:42:16 org.apache.catalina.startup.HostConfig deployDescriptor
INFO: Deploying configuration descriptor ROOT.xml
08/11/2010 17:42:16 org.apache.catalina.core.StandardContext start
INFO: Container org.apache.catalina.core.ContainerBase.[Catalina].[localhost].[/] has already been started
08/11/2010 17:43:50 org.apache.catalina.startup.HostConfig checkResources
INFO: Undeploying context []
08/11/2010 17:43:50 org.apache.catalina.startup.HostConfig deployDescriptor
INFO: Deploying configuration descriptor ROOT.xml
08/11/2010 17:43:50 org.apache.catalina.core.StandardContext start
INFO: Container org.apache.catalina.core.ContainerBase.[Catalina].[localhost].[/] has already been started
08/11/2010 17:47:10 org.apache.catalina.startup.HostConfig checkResources
INFO: Undeploying context []
08/11/2010 17:47:10 org.apache.catalina.startup.HostConfig deployDescriptor
INFO: Deploying configuration descriptor ROOT.xml
08/11/2010 17:47:10 org.apache.catalina.core.StandardContext start
INFO: Container org.apache.catalina.core.ContainerBase.[Catalina].[localhost].[/] has already been started
08/11/2010 17:50:04 org.apache.catalina.startup.HostConfig checkResources
INFO: Undeploying context []
08/11/2010 17:50:04 org.apache.catalina.startup.HostConfig deployDescriptor
INFO: Deploying configuration descriptor ROOT.xml
08/11/2010 17:50:04 org.apache.catalina.core.StandardContext start
INFO: Container org.apache.catalina.core.ContainerBase.[Catalina].[localhost].[/] has already been started
08/11/2010 18:03:18 org.apache.catalina.startup.HostConfig checkResources
INFO: Undeploying context []
08/11/2010 18:03:18 org.apache.catalina.startup.HostConfig deployDescriptor
INFO: Deploying configuration descriptor ROOT.xml
08/11/2010 18:03:18 org.apache.catalina.core.StandardContext start
INFO: Container org.apache.catalina.core.ContainerBase.[Catalina].[localhost].[/] has already been started
08/11/2010 18:04:56 org.apache.catalina.startup.HostConfig checkResources
INFO: Undeploying context []
08/11/2010 18:04:56 org.apache.catalina.startup.HostConfig deployDescriptor
INFO: Deploying configuration descriptor ROOT.xml
08/11/2010 18:04:56 org.apache.catalina.core.StandardContext start
INFO: Container org.apache.catalina.core.ContainerBase.[Catalina].[localhost].[/] has already been started
08/11/2010 18:05:52 org.apache.catalina.startup.HostConfig checkResources
INFO: Undeploying context []
08/11/2010 18:05:52 org.apache.catalina.startup.HostConfig deployDescriptor
INFO: Deploying configuration descriptor ROOT.xml
08/11/2010 18:05:52 org.apache.catalina.core.StandardContext start
INFO: Container org.apache.catalina.core.ContainerBase.[Catalina].[localhost].[/] has already been started
08/11/2010 18:09:58 org.apache.catalina.startup.HostConfig checkResources
INFO: Undeploying context []
08/11/2010 18:09:58 org.apache.catalina.startup.HostConfig deployDescriptor
INFO: Deploying configuration descriptor ROOT.xml
08/11/2010 18:09:58 org.apache.catalina.core.StandardContext start
INFO: Container org.apache.catalina.core.ContainerBase.[Catalina].[localhost].[/] has already been started
08/11/2010 18:11:54 org.apache.catalina.startup.HostConfig checkResources
INFO: Undeploying context []
08/11/2010 18:11:54 org.apache.catalina.startup.HostConfig deployDescriptor
INFO: Deploying configuration descriptor ROOT.xml
08/11/2010 18:11:54 org.apache.catalina.core.StandardContext start
INFO: Container org.apache.catalina.core.ContainerBase.[Catalina].[localhost].[/] has already been started
08/11/2010 18:13:19 org.apache.catalina.startup.HostConfig checkResources
INFO: Undeploying context []
08/11/2010 18:13:19 org.apache.catalina.startup.HostConfig deployDescriptor
INFO: Deploying configuration descriptor ROOT.xml
08/11/2010 18:13:19 org.apache.catalina.core.StandardContext start
INFO: Container org.apache.catalina.core.ContainerBase.[Catalina].[localhost].[/] has already been started
08/11/2010 18:14:07 org.apache.catalina.startup.HostConfig checkResources
INFO: Undeploying context []
08/11/2010 18:14:08 org.apache.catalina.startup.HostConfig deployDescriptor
INFO: Deploying configuration descriptor ROOT.xml
08/11/2010 18:14:08 org.apache.catalina.core.StandardContext start
INFO: Container org.apache.catalina.core.ContainerBase.[Catalina].[localhost].[/] has already been started
08/11/2010 18:15:18 org.apache.catalina.startup.HostConfig checkResources
INFO: Undeploying context []
08/11/2010 18:15:18 org.apache.catalina.startup.HostConfig deployDescriptor
INFO: Deploying configuration descriptor ROOT.xml
08/11/2010 18:15:18 org.apache.catalina.core.StandardContext start
INFO: Container org.apache.catalina.core.ContainerBase.[Catalina].[localhost].[/] has already been started
08/11/2010 18:16:12 org.apache.catalina.startup.HostConfig checkResources
INFO: Undeploying context []
08/11/2010 18:16:12 org.apache.catalina.startup.HostConfig deployDescriptor
INFO: Deploying configuration descriptor ROOT.xml
08/11/2010 18:16:12 org.apache.catalina.core.StandardContext start
INFO: Container org.apache.catalina.core.ContainerBase.[Catalina].[localhost].[/] has already been started
08/11/2010 18:16:20 org.apache.catalina.startup.HostConfig checkResources
INFO: Undeploying context []
08/11/2010 18:16:20 org.apache.catalina.startup.HostConfig deployDescriptor
INFO: Deploying configuration descriptor ROOT.xml
08/11/2010 18:16:20 org.apache.catalina.core.StandardContext start
INFO: Container org.apache.catalina.core.ContainerBase.[Catalina].[localhost].[/] has already been started
08/11/2010 18:17:29 org.apache.coyote.http11.Http11AprProtocol pause
INFO: Pausing Coyote HTTP/1.1 on http-8080
08/11/2010 18:17:29 org.apache.coyote.ajp.AjpAprProtocol pause
INFO: Pausing Coyote AJP/1.3 on ajp-8009
08/11/2010 18:17:31 org.apache.catalina.core.StandardService stop
INFO: Stopping service Catalina
08/11/2010 18:17:31 org.apache.coyote.http11.Http11AprProtocol destroy
INFO: Stopping Coyote HTTP/1.1 on http-8080
08/11/2010 18:17:31 org.apache.coyote.ajp.AjpAprProtocol destroy
INFO: Stopping Coyote AJP/1.3 on ajp-8009
