04/11/2010 16:09:18 org.apache.catalina.core.AprLifecycleListener init
INFO: Loaded APR based Apache Tomcat Native library 1.1.20.
04/11/2010 16:09:18 org.apache.catalina.core.AprLifecycleListener init
INFO: APR capabilities: IPv6 [true], sendfile [true], accept filters [false], random [true].
04/11/2010 16:09:18 org.apache.coyote.http11.Http11AprProtocol init
INFO: Initializing Coyote HTTP/1.1 on http-8080
04/11/2010 16:09:18 org.apache.coyote.ajp.AjpAprProtocol init
INFO: Initializing Coyote AJP/1.3 on ajp-8009
04/11/2010 16:09:18 org.apache.catalina.startup.Catalina load
INFO: Initialization processed in 1109 ms
04/11/2010 16:09:18 org.apache.catalina.core.StandardService start
INFO: Starting service Catalina
04/11/2010 16:09:18 org.apache.catalina.core.StandardEngine start
INFO: Starting Servlet Engine: Apache Tomcat/6.0.29
04/11/2010 16:09:18 org.apache.catalina.startup.HostConfig deployDescriptor
INFO: Deploying configuration descriptor host-manager.xml
04/11/2010 16:09:19 org.apache.catalina.startup.HostConfig deployDescriptor
INFO: Deploying configuration descriptor manager.xml
04/11/2010 16:09:19 org.apache.catalina.startup.HostConfig deployDescriptor
INFO: Deploying configuration descriptor ROOT.xml
04/11/2010 16:09:19 org.apache.catalina.core.StandardContext resourcesStart
GRAVE: Error starting static Resources
java.lang.IllegalArgumentException: Document base E:\Users\HAL\Desktop\teste\Deriva\build\web does not exist or is not a readable directory
	at org.apache.naming.resources.FileDirContext.setDocBase(FileDirContext.java:142)
	at org.apache.catalina.core.StandardContext.resourcesStart(StandardContext.java:4249)
	at org.apache.catalina.core.StandardContext.start(StandardContext.java:4418)
	at org.apache.catalina.core.ContainerBase.addChildInternal(ContainerBase.java:791)
	at org.apache.catalina.core.ContainerBase.addChild(ContainerBase.java:771)
	at org.apache.catalina.core.StandardHost.addChild(StandardHost.java:546)
	at org.apache.catalina.startup.HostConfig.deployDescriptor(HostConfig.java:637)
	at org.apache.catalina.startup.HostConfig.deployDescriptors(HostConfig.java:563)
	at org.apache.catalina.startup.HostConfig.deployApps(HostConfig.java:498)
	at org.apache.catalina.startup.HostConfig.start(HostConfig.java:1277)
	at org.apache.catalina.startup.HostConfig.lifecycleEvent(HostConfig.java:321)
	at org.apache.catalina.util.LifecycleSupport.fireLifecycleEvent(LifecycleSupport.java:119)
	at org.apache.catalina.core.ContainerBase.start(ContainerBase.java:1053)
	at org.apache.catalina.core.StandardHost.start(StandardHost.java:785)
	at org.apache.catalina.core.ContainerBase.start(ContainerBase.java:1045)
	at org.apache.catalina.core.StandardEngine.start(StandardEngine.java:445)
	at org.apache.catalina.core.StandardService.start(StandardService.java:519)
	at org.apache.catalina.core.StandardServer.start(StandardServer.java:710)
	at org.apache.catalina.startup.Catalina.start(Catalina.java:581)
	at sun.reflect.NativeMethodAccessorImpl.invoke0(Native Method)
	at sun.reflect.NativeMethodAccessorImpl.invoke(NativeMethodAccessorImpl.java:39)
	at sun.reflect.DelegatingMethodAccessorImpl.invoke(DelegatingMethodAccessorImpl.java:25)
	at java.lang.reflect.Method.invoke(Method.java:597)
	at org.apache.catalina.startup.Bootstrap.start(Bootstrap.java:289)
	at org.apache.catalina.startup.Bootstrap.main(Bootstrap.java:414)
04/11/2010 16:09:19 org.apache.catalina.core.StandardContext start
GRAVE: Error in resourceStart()
04/11/2010 16:09:19 org.apache.catalina.core.StandardContext start
GRAVE: Error getConfigured
04/11/2010 16:09:19 org.apache.catalina.core.StandardContext start
GRAVE: Context [] startup failed due to previous errors
04/11/2010 16:09:19 org.apache.catalina.core.StandardContext stop
INFO: Container org.apache.catalina.core.ContainerBase.[Catalina].[localhost].[/] has not been started
04/11/2010 16:09:19 org.apache.catalina.startup.HostConfig deployDirectory
INFO: Deploying web application directory docs
04/11/2010 16:09:19 org.apache.catalina.startup.HostConfig deployDirectory
INFO: Deploying web application directory examples
04/11/2010 16:09:19 org.apache.coyote.http11.Http11AprProtocol start
INFO: Starting Coyote HTTP/1.1 on http-8080
04/11/2010 16:09:19 org.apache.coyote.ajp.AjpAprProtocol start
INFO: Starting Coyote AJP/1.3 on ajp-8009
04/11/2010 16:09:19 org.apache.catalina.startup.Catalina start
INFO: Server startup in 986 ms
04/11/2010 16:09:20 org.apache.catalina.core.StandardContext stop
INFO: Container org.apache.catalina.core.ContainerBase.[Catalina].[localhost].[/] has not been started
04/11/2010 16:09:20 org.apache.catalina.startup.HostConfig checkResources
INFO: Undeploying context []
04/11/2010 16:09:20 org.apache.catalina.startup.HostConfig deployDescriptor
INFO: Deploying configuration descriptor ROOT.xml
04/11/2010 16:09:21 org.apache.catalina.core.StandardContext start
INFO: Container org.apache.catalina.core.ContainerBase.[Catalina].[localhost].[/] has already been started
04/11/2010 16:10:50 org.apache.catalina.startup.HostConfig checkResources
INFO: Undeploying context []
04/11/2010 16:10:50 org.apache.catalina.startup.HostConfig deployDescriptor
INFO: Deploying configuration descriptor ROOT.xml
04/11/2010 16:10:50 org.apache.catalina.core.StandardContext start
INFO: Container org.apache.catalina.core.ContainerBase.[Catalina].[localhost].[/] has already been started
04/11/2010 16:14:36 org.apache.catalina.startup.HostConfig checkResources
INFO: Undeploying context []
04/11/2010 16:14:36 org.apache.catalina.startup.HostConfig deployDescriptor
INFO: Deploying configuration descriptor ROOT.xml
04/11/2010 16:14:36 org.apache.catalina.core.StandardContext start
INFO: Container org.apache.catalina.core.ContainerBase.[Catalina].[localhost].[/] has already been started
04/11/2010 16:17:33 org.apache.catalina.startup.HostConfig checkResources
INFO: Undeploying context []
04/11/2010 16:17:33 org.apache.catalina.startup.HostConfig deployDescriptor
INFO: Deploying configuration descriptor ROOT.xml
04/11/2010 16:17:33 org.apache.catalina.core.StandardContext start
INFO: Container org.apache.catalina.core.ContainerBase.[Catalina].[localhost].[/] has already been started
04/11/2010 16:19:24 org.apache.catalina.startup.HostConfig checkResources
INFO: Undeploying context []
04/11/2010 16:19:24 org.apache.catalina.startup.HostConfig deployDescriptor
INFO: Deploying configuration descriptor ROOT.xml
04/11/2010 16:19:24 org.apache.catalina.core.StandardContext start
INFO: Container org.apache.catalina.core.ContainerBase.[Catalina].[localhost].[/] has already been started
04/11/2010 16:21:22 org.apache.catalina.startup.HostConfig checkResources
INFO: Undeploying context []
04/11/2010 16:21:22 org.apache.catalina.startup.HostConfig deployDescriptor
INFO: Deploying configuration descriptor ROOT.xml
04/11/2010 16:21:23 org.apache.catalina.core.StandardContext start
INFO: Container org.apache.catalina.core.ContainerBase.[Catalina].[localhost].[/] has already been started
04/11/2010 16:22:59 org.apache.catalina.startup.HostConfig checkResources
INFO: Undeploying context []
04/11/2010 16:22:59 org.apache.catalina.startup.HostConfig deployDescriptor
INFO: Deploying configuration descriptor ROOT.xml
04/11/2010 16:22:59 org.apache.catalina.core.StandardContext start
INFO: Container org.apache.catalina.core.ContainerBase.[Catalina].[localhost].[/] has already been started
04/11/2010 16:27:40 org.apache.catalina.startup.HostConfig checkResources
INFO: Undeploying context []
04/11/2010 16:27:40 org.apache.catalina.startup.HostConfig deployDescriptor
INFO: Deploying configuration descriptor ROOT.xml
04/11/2010 16:27:41 org.apache.catalina.core.StandardContext start
INFO: Container org.apache.catalina.core.ContainerBase.[Catalina].[localhost].[/] has already been started
04/11/2010 16:30:48 org.apache.catalina.startup.HostConfig checkResources
INFO: Undeploying context []
04/11/2010 16:30:48 org.apache.catalina.startup.HostConfig deployDescriptor
INFO: Deploying configuration descriptor ROOT.xml
04/11/2010 16:30:48 org.apache.catalina.core.StandardContext start
INFO: Container org.apache.catalina.core.ContainerBase.[Catalina].[localhost].[/] has already been started
04/11/2010 16:33:05 org.apache.catalina.startup.HostConfig checkResources
INFO: Undeploying context []
04/11/2010 16:33:05 org.apache.catalina.startup.HostConfig deployDescriptor
INFO: Deploying configuration descriptor ROOT.xml
04/11/2010 16:33:05 org.apache.catalina.core.StandardContext start
INFO: Container org.apache.catalina.core.ContainerBase.[Catalina].[localhost].[/] has already been started
04/11/2010 16:33:58 org.apache.catalina.startup.HostConfig checkResources
INFO: Undeploying context []
04/11/2010 16:33:59 org.apache.catalina.startup.HostConfig deployDescriptor
INFO: Deploying configuration descriptor ROOT.xml
04/11/2010 16:33:59 org.apache.catalina.core.StandardContext start
INFO: Container org.apache.catalina.core.ContainerBase.[Catalina].[localhost].[/] has already been started
04/11/2010 16:36:10 org.apache.catalina.startup.HostConfig checkResources
INFO: Reloading context []
04/11/2010 16:36:14 org.apache.catalina.startup.HostConfig checkResources
INFO: Undeploying context []
04/11/2010 16:36:14 org.apache.catalina.startup.HostConfig deployDescriptor
INFO: Deploying configuration descriptor ROOT.xml
04/11/2010 16:36:14 org.apache.catalina.core.StandardContext start
INFO: Container org.apache.catalina.core.ContainerBase.[Catalina].[localhost].[/] has already been started
04/11/2010 16:38:10 org.apache.catalina.startup.HostConfig checkResources
INFO: Undeploying context []
04/11/2010 16:38:10 org.apache.catalina.startup.HostConfig deployDescriptor
INFO: Deploying configuration descriptor ROOT.xml
04/11/2010 16:38:10 org.apache.catalina.core.StandardContext start
INFO: Container org.apache.catalina.core.ContainerBase.[Catalina].[localhost].[/] has already been started
04/11/2010 16:39:57 org.apache.catalina.startup.HostConfig checkResources
INFO: Undeploying context []
04/11/2010 16:39:57 org.apache.catalina.startup.HostConfig deployDescriptor
INFO: Deploying configuration descriptor ROOT.xml
04/11/2010 16:39:57 org.apache.catalina.core.StandardContext start
INFO: Container org.apache.catalina.core.ContainerBase.[Catalina].[localhost].[/] has already been started
04/11/2010 16:40:47 org.apache.catalina.startup.HostConfig checkResources
INFO: Undeploying context []
04/11/2010 16:40:47 org.apache.catalina.startup.HostConfig deployDescriptor
INFO: Deploying configuration descriptor ROOT.xml
04/11/2010 16:40:47 org.apache.catalina.core.StandardContext start
INFO: Container org.apache.catalina.core.ContainerBase.[Catalina].[localhost].[/] has already been started
04/11/2010 16:41:50 org.apache.coyote.http11.Http11AprProtocol pause
INFO: Pausing Coyote HTTP/1.1 on http-8080
04/11/2010 16:41:50 org.apache.coyote.ajp.AjpAprProtocol pause
INFO: Pausing Coyote AJP/1.3 on ajp-8009
04/11/2010 16:41:51 org.apache.catalina.core.StandardService stop
INFO: Stopping service Catalina
04/11/2010 16:41:51 org.apache.coyote.http11.Http11AprProtocol destroy
INFO: Stopping Coyote HTTP/1.1 on http-8080
04/11/2010 16:41:51 org.apache.coyote.ajp.AjpAprProtocol destroy
INFO: Stopping Coyote AJP/1.3 on ajp-8009
