24/10/2010 19:10:48 org.apache.catalina.core.ApplicationContext log
INFO: ContextListener: contextInitialized()
24/10/2010 19:10:48 org.apache.catalina.core.ApplicationContext log
INFO: SessionListener: contextInitialized()
24/10/2010 19:15:25 org.apache.catalina.core.StandardWrapperValve invoke
GRAVE: Servlet.service() for servlet Cadastra threw exception
java.lang.NullPointerException
	at deriva.app.Cadastra.processRequest(Cadastra.java:45)
	at deriva.app.Cadastra.doGet(Cadastra.java:97)
	at javax.servlet.http.HttpServlet.service(HttpServlet.java:617)
	at javax.servlet.http.HttpServlet.service(HttpServlet.java:717)
	at org.apache.catalina.core.ApplicationFilterChain.internalDoFilter(ApplicationFilterChain.java:290)
	at org.apache.catalina.core.ApplicationFilterChain.doFilter(ApplicationFilterChain.java:206)
	at org.apache.catalina.core.StandardWrapperValve.invoke(StandardWrapperValve.java:233)
	at org.apache.catalina.core.StandardContextValve.invoke(StandardContextValve.java:191)
	at org.apache.catalina.core.StandardHostValve.invoke(StandardHostValve.java:127)
	at org.apache.catalina.valves.ErrorReportValve.invoke(ErrorReportValve.java:102)
	at org.apache.catalina.core.StandardEngineValve.invoke(StandardEngineValve.java:109)
	at org.apache.catalina.connector.CoyoteAdapter.service(CoyoteAdapter.java:298)
	at org.apache.coyote.http11.Http11AprProcessor.process(Http11AprProcessor.java:861)
	at org.apache.coyote.http11.Http11AprProtocol$Http11ConnectionHandler.process(Http11AprProtocol.java:579)
	at org.apache.tomcat.util.net.AprEndpoint$Worker.run(AprEndpoint.java:1584)
	at java.lang.Thread.run(Thread.java:619)
24/10/2010 19:16:13 org.apache.catalina.core.StandardWrapperValve invoke
GRAVE: Servlet.service() for servlet Cadastra threw exception
java.lang.NullPointerException
	at deriva.app.Cadastra.processRequest(Cadastra.java:45)
	at deriva.app.Cadastra.doGet(Cadastra.java:97)
	at javax.servlet.http.HttpServlet.service(HttpServlet.java:617)
	at javax.servlet.http.HttpServlet.service(HttpServlet.java:717)
	at org.apache.catalina.core.ApplicationFilterChain.internalDoFilter(ApplicationFilterChain.java:290)
	at org.apache.catalina.core.ApplicationFilterChain.doFilter(ApplicationFilterChain.java:206)
	at org.apache.catalina.core.StandardWrapperValve.invoke(StandardWrapperValve.java:233)
	at org.apache.catalina.core.StandardContextValve.invoke(StandardContextValve.java:191)
	at org.apache.catalina.core.StandardHostValve.invoke(StandardHostValve.java:127)
	at org.apache.catalina.valves.ErrorReportValve.invoke(ErrorReportValve.java:102)
	at org.apache.catalina.core.StandardEngineValve.invoke(StandardEngineValve.java:109)
	at org.apache.catalina.connector.CoyoteAdapter.service(CoyoteAdapter.java:298)
	at org.apache.coyote.http11.Http11AprProcessor.process(Http11AprProcessor.java:861)
	at org.apache.coyote.http11.Http11AprProtocol$Http11ConnectionHandler.process(Http11AprProtocol.java:579)
	at org.apache.tomcat.util.net.AprEndpoint$Worker.run(AprEndpoint.java:1584)
	at java.lang.Thread.run(Thread.java:619)
24/10/2010 20:15:39 org.apache.catalina.core.ApplicationContext log
INFO: SessionListener: contextDestroyed()
24/10/2010 20:15:39 org.apache.catalina.core.ApplicationContext log
INFO: ContextListener: contextDestroyed()
24/10/2010 20:17:54 org.apache.catalina.core.ApplicationContext log
INFO: ContextListener: contextInitialized()
24/10/2010 20:17:54 org.apache.catalina.core.ApplicationContext log
INFO: SessionListener: contextInitialized()
24/10/2010 20:18:50 org.apache.catalina.core.ApplicationContext log
INFO: SessionListener: contextDestroyed()
24/10/2010 20:18:50 org.apache.catalina.core.ApplicationContext log
INFO: ContextListener: contextDestroyed()
