14/10/2010 19:12:39 org.apache.catalina.core.ApplicationContext log
INFO: Manager: init: Associated with Deployer 'Catalina:type=Deployer,host=localhost'
14/10/2010 19:12:39 org.apache.catalina.core.ApplicationContext log
INFO: Manager: init: Global resources are available
14/10/2010 19:12:39 org.apache.catalina.core.ApplicationContext log
INFO: Manager: list: Listing contexts for virtual host 'localhost'
14/10/2010 19:12:39 org.apache.catalina.core.ApplicationContext log
INFO: Manager: list: Listing contexts for virtual host 'localhost'
14/10/2010 19:12:39 org.apache.catalina.core.ApplicationContext log
INFO: Manager: install: Installing context configuration at 'file:/C:/DOCUME~1/MARCIO~1.JUN/CONFIG~1/Temp/context61029.xml'
14/10/2010 19:12:39 org.apache.catalina.core.ApplicationContext log
INFO: Manager: start: Starting web application at '/'
14/10/2010 19:15:46 org.apache.catalina.core.ApplicationContext log
INFO: Manager: list: Listing contexts for virtual host 'localhost'
14/10/2010 19:15:46 org.apache.catalina.core.ApplicationContext log
INFO: Manager: list: Listing contexts for virtual host 'localhost'
14/10/2010 19:15:46 org.apache.catalina.core.ApplicationContext log
INFO: Manager: undeploy: Undeploying web application at '/'
14/10/2010 19:15:47 org.apache.catalina.core.ApplicationContext log
INFO: Manager: install: Installing context configuration at 'file:/C:/DOCUME~1/MARCIO~1.JUN/CONFIG~1/Temp/context61030.xml'
14/10/2010 19:15:47 org.apache.catalina.core.ApplicationContext log
INFO: Manager: start: Starting web application at '/'
14/10/2010 19:17:59 org.apache.catalina.core.ApplicationContext log
INFO: Manager: list: Listing contexts for virtual host 'localhost'
14/10/2010 19:17:59 org.apache.catalina.core.ApplicationContext log
INFO: Manager: list: Listing contexts for virtual host 'localhost'
14/10/2010 19:17:59 org.apache.catalina.core.ApplicationContext log
INFO: Manager: list: Listing contexts for virtual host 'localhost'
14/10/2010 19:17:59 org.apache.catalina.core.ApplicationContext log
INFO: Manager: undeploy: Undeploying web application at '/'
14/10/2010 19:18:00 org.apache.catalina.core.ApplicationContext log
INFO: Manager: install: Installing context configuration at 'file:/C:/DOCUME~1/MARCIO~1.JUN/CONFIG~1/Temp/context61031.xml'
14/10/2010 19:18:01 org.apache.catalina.core.ApplicationContext log
INFO: Manager: start: Starting web application at '/'
14/10/2010 19:19:08 org.apache.catalina.core.ApplicationContext log
INFO: Manager: list: Listing contexts for virtual host 'localhost'
14/10/2010 19:19:08 org.apache.catalina.core.ApplicationContext log
INFO: Manager: list: Listing contexts for virtual host 'localhost'
14/10/2010 19:19:08 org.apache.catalina.core.ApplicationContext log
INFO: Manager: undeploy: Undeploying web application at '/'
14/10/2010 19:19:09 org.apache.catalina.core.ApplicationContext log
INFO: Manager: install: Installing context configuration at 'file:/C:/DOCUME~1/MARCIO~1.JUN/CONFIG~1/Temp/context61032.xml'
14/10/2010 19:19:10 org.apache.catalina.core.ApplicationContext log
INFO: Manager: start: Starting web application at '/'
14/10/2010 19:21:34 org.apache.catalina.core.ApplicationContext log
INFO: Manager: list: Listing contexts for virtual host 'localhost'
14/10/2010 19:21:34 org.apache.catalina.core.ApplicationContext log
INFO: Manager: list: Listing contexts for virtual host 'localhost'
14/10/2010 19:21:34 org.apache.catalina.core.ApplicationContext log
INFO: Manager: list: Listing contexts for virtual host 'localhost'
14/10/2010 19:21:34 org.apache.catalina.core.ApplicationContext log
INFO: Manager: undeploy: Undeploying web application at '/'
14/10/2010 19:21:36 org.apache.catalina.core.ApplicationContext log
INFO: Manager: install: Installing context configuration at 'file:/C:/DOCUME~1/MARCIO~1.JUN/CONFIG~1/Temp/context61033.xml'
14/10/2010 19:21:36 org.apache.catalina.core.ApplicationContext log
INFO: Manager: start: Starting web application at '/'
14/10/2010 19:25:59 org.apache.catalina.core.ApplicationContext log
INFO: Manager: list: Listing contexts for virtual host 'localhost'
14/10/2010 19:25:59 org.apache.catalina.core.ApplicationContext log
INFO: Manager: list: Listing contexts for virtual host 'localhost'
14/10/2010 19:25:59 org.apache.catalina.core.ApplicationContext log
INFO: Manager: undeploy: Undeploying web application at '/'
14/10/2010 19:26:00 org.apache.catalina.core.ApplicationContext log
INFO: Manager: install: Installing context configuration at 'file:/C:/DOCUME~1/MARCIO~1.JUN/CONFIG~1/Temp/context61034.xml'
14/10/2010 19:26:01 org.apache.catalina.core.ApplicationContext log
INFO: Manager: start: Starting web application at '/'
14/10/2010 19:26:54 org.apache.catalina.core.ApplicationContext log
INFO: Manager: list: Listing contexts for virtual host 'localhost'
14/10/2010 19:26:54 org.apache.catalina.core.ApplicationContext log
INFO: Manager: list: Listing contexts for virtual host 'localhost'
14/10/2010 19:26:54 org.apache.catalina.core.ApplicationContext log
INFO: Manager: undeploy: Undeploying web application at '/'
14/10/2010 19:26:55 org.apache.catalina.core.ApplicationContext log
INFO: Manager: install: Installing context configuration at 'file:/C:/DOCUME~1/MARCIO~1.JUN/CONFIG~1/Temp/context61035.xml'
14/10/2010 19:26:55 org.apache.catalina.core.ApplicationContext log
INFO: Manager: start: Starting web application at '/'
14/10/2010 19:33:15 org.apache.catalina.core.ApplicationContext log
INFO: Manager: list: Listing contexts for virtual host 'localhost'
14/10/2010 19:33:15 org.apache.catalina.core.ApplicationContext log
INFO: Manager: list: Listing contexts for virtual host 'localhost'
14/10/2010 19:33:15 org.apache.catalina.core.ApplicationContext log
INFO: Manager: undeploy: Undeploying web application at '/'
14/10/2010 19:33:16 org.apache.catalina.core.ApplicationContext log
INFO: Manager: install: Installing context configuration at 'file:/C:/DOCUME~1/MARCIO~1.JUN/CONFIG~1/Temp/context61036.xml'
14/10/2010 19:33:17 org.apache.catalina.core.ApplicationContext log
INFO: Manager: start: Starting web application at '/'
14/10/2010 19:37:19 org.apache.catalina.core.ApplicationContext log
INFO: Manager: list: Listing contexts for virtual host 'localhost'
14/10/2010 19:38:43 org.apache.catalina.core.ApplicationContext log
INFO: Manager: list: Listing contexts for virtual host 'localhost'
14/10/2010 19:39:11 org.apache.catalina.core.ApplicationContext log
INFO: Manager: list: Listing contexts for virtual host 'localhost'
14/10/2010 19:40:19 org.apache.catalina.core.ApplicationContext log
INFO: Manager: list: Listing contexts for virtual host 'localhost'
14/10/2010 19:40:30 org.apache.catalina.core.ApplicationContext log
INFO: Manager: list: Listing contexts for virtual host 'localhost'
14/10/2010 19:40:34 org.apache.catalina.core.ApplicationContext log
INFO: Manager: list: Listing contexts for virtual host 'localhost'
14/10/2010 19:40:36 org.apache.catalina.core.ApplicationContext log
INFO: Manager: list: Listing contexts for virtual host 'localhost'
14/10/2010 19:40:55 org.apache.catalina.core.ApplicationContext log
INFO: Manager: list: Listing contexts for virtual host 'localhost'
14/10/2010 19:41:04 org.apache.catalina.core.ApplicationContext log
INFO: Manager: list: Listing contexts for virtual host 'localhost'
14/10/2010 19:41:19 org.apache.catalina.core.ApplicationContext log
INFO: Manager: list: Listing contexts for virtual host 'localhost'
14/10/2010 19:41:25 org.apache.catalina.core.ApplicationContext log
INFO: Manager: list: Listing contexts for virtual host 'localhost'
14/10/2010 19:41:39 org.apache.catalina.core.ApplicationContext log
INFO: Manager: list: Listing contexts for virtual host 'localhost'
14/10/2010 19:42:09 org.apache.catalina.core.ApplicationContext log
INFO: Manager: list: Listing contexts for virtual host 'localhost'
14/10/2010 19:42:23 org.apache.catalina.core.ApplicationContext log
INFO: Manager: list: Listing contexts for virtual host 'localhost'
14/10/2010 19:42:26 org.apache.catalina.core.ApplicationContext log
INFO: Manager: list: Listing contexts for virtual host 'localhost'
14/10/2010 19:43:01 org.apache.catalina.core.ApplicationContext log
INFO: Manager: list: Listing contexts for virtual host 'localhost'
14/10/2010 19:44:12 org.apache.catalina.core.ApplicationContext log
INFO: Manager: list: Listing contexts for virtual host 'localhost'
14/10/2010 19:45:19 org.apache.catalina.core.ApplicationContext log
INFO: Manager: list: Listing contexts for virtual host 'localhost'
14/10/2010 19:45:22 org.apache.catalina.core.ApplicationContext log
INFO: Manager: list: Listing contexts for virtual host 'localhost'
14/10/2010 19:45:28 org.apache.catalina.core.ApplicationContext log
INFO: Manager: list: Listing contexts for virtual host 'localhost'
14/10/2010 19:45:32 org.apache.catalina.core.ApplicationContext log
INFO: Manager: list: Listing contexts for virtual host 'localhost'
14/10/2010 19:45:52 org.apache.catalina.core.ApplicationContext log
INFO: Manager: list: Listing contexts for virtual host 'localhost'
14/10/2010 19:46:44 org.apache.catalina.core.ApplicationContext log
INFO: Manager: list: Listing contexts for virtual host 'localhost'
14/10/2010 19:46:52 org.apache.catalina.core.ApplicationContext log
INFO: Manager: list: Listing contexts for virtual host 'localhost'
14/10/2010 19:46:55 org.apache.catalina.core.ApplicationContext log
INFO: Manager: list: Listing contexts for virtual host 'localhost'
14/10/2010 19:47:05 org.apache.catalina.core.ApplicationContext log
INFO: Manager: list: Listing contexts for virtual host 'localhost'
14/10/2010 19:47:35 org.apache.catalina.core.ApplicationContext log
INFO: Manager: list: Listing contexts for virtual host 'localhost'
14/10/2010 19:48:07 org.apache.catalina.core.ApplicationContext log
INFO: Manager: init: Associated with Deployer 'Catalina:type=Deployer,host=localhost'
14/10/2010 19:48:07 org.apache.catalina.core.ApplicationContext log
INFO: Manager: init: Global resources are available
14/10/2010 19:48:07 org.apache.catalina.core.ApplicationContext log
INFO: Manager: list: Listing contexts for virtual host 'localhost'
14/10/2010 19:48:07 org.apache.catalina.core.ApplicationContext log
INFO: Manager: list: Listing contexts for virtual host 'localhost'
14/10/2010 19:48:07 org.apache.catalina.core.ApplicationContext log
INFO: Manager: undeploy: Undeploying web application at '/'
14/10/2010 19:48:08 org.apache.catalina.core.ApplicationContext log
INFO: Manager: install: Installing context configuration at 'file:/C:/DOCUME~1/MARCIO~1.JUN/CONFIG~1/Temp/context61037.xml'
14/10/2010 19:48:09 org.apache.catalina.core.ApplicationContext log
INFO: Manager: start: Starting web application at '/'
14/10/2010 19:52:43 org.apache.catalina.core.ApplicationContext log
INFO: Manager: list: Listing contexts for virtual host 'localhost'
14/10/2010 19:52:51 org.apache.catalina.core.ApplicationContext log
INFO: Manager: list: Listing contexts for virtual host 'localhost'
14/10/2010 19:53:11 org.apache.catalina.core.ApplicationContext log
INFO: Manager: list: Listing contexts for virtual host 'localhost'
14/10/2010 19:53:17 org.apache.catalina.core.ApplicationContext log
INFO: Manager: list: Listing contexts for virtual host 'localhost'
14/10/2010 19:55:20 org.apache.catalina.core.ApplicationContext log
INFO: Manager: list: Listing contexts for virtual host 'localhost'
14/10/2010 19:56:36 org.apache.catalina.core.ApplicationContext log
INFO: Manager: list: Listing contexts for virtual host 'localhost'
14/10/2010 19:56:37 org.apache.catalina.core.ApplicationContext log
INFO: Manager: list: Listing contexts for virtual host 'localhost'
14/10/2010 19:56:37 org.apache.catalina.core.ApplicationContext log
INFO: Manager: list: Listing contexts for virtual host 'localhost'
14/10/2010 19:56:37 org.apache.catalina.core.ApplicationContext log
INFO: Manager: undeploy: Undeploying web application at '/'
14/10/2010 19:56:38 org.apache.catalina.core.ApplicationContext log
INFO: Manager: install: Installing context configuration at 'file:/C:/DOCUME~1/MARCIO~1.JUN/CONFIG~1/Temp/context61038.xml'
14/10/2010 19:56:39 org.apache.catalina.core.ApplicationContext log
INFO: Manager: start: Starting web application at '/'
14/10/2010 19:59:17 org.apache.catalina.core.ApplicationContext log
INFO: Manager: list: Listing contexts for virtual host 'localhost'
14/10/2010 19:59:17 org.apache.catalina.core.ApplicationContext log
INFO: Manager: list: Listing contexts for virtual host 'localhost'
14/10/2010 19:59:17 org.apache.catalina.core.ApplicationContext log
INFO: Manager: list: Listing contexts for virtual host 'localhost'
14/10/2010 19:59:17 org.apache.catalina.core.ApplicationContext log
INFO: Manager: undeploy: Undeploying web application at '/'
14/10/2010 19:59:18 org.apache.catalina.core.ApplicationContext log
INFO: Manager: install: Installing context configuration at 'file:/C:/DOCUME~1/MARCIO~1.JUN/CONFIG~1/Temp/context61039.xml'
14/10/2010 19:59:19 org.apache.catalina.core.ApplicationContext log
INFO: Manager: start: Starting web application at '/'
14/10/2010 20:00:09 org.apache.catalina.core.ApplicationContext log
INFO: Manager: list: Listing contexts for virtual host 'localhost'
14/10/2010 20:00:36 org.apache.catalina.core.ApplicationContext log
INFO: Manager: list: Listing contexts for virtual host 'localhost'
14/10/2010 20:00:42 org.apache.catalina.core.ApplicationContext log
INFO: Manager: list: Listing contexts for virtual host 'localhost'
14/10/2010 20:00:42 org.apache.catalina.core.ApplicationContext log
INFO: Manager: list: Listing contexts for virtual host 'localhost'
14/10/2010 20:00:42 org.apache.catalina.core.ApplicationContext log
INFO: Manager: undeploy: Undeploying web application at '/'
14/10/2010 20:00:43 org.apache.catalina.core.ApplicationContext log
INFO: Manager: install: Installing context configuration at 'file:/C:/DOCUME~1/MARCIO~1.JUN/CONFIG~1/Temp/context61040.xml'
14/10/2010 20:00:44 org.apache.catalina.core.ApplicationContext log
INFO: Manager: start: Starting web application at '/'
14/10/2010 20:02:05 org.apache.catalina.core.ApplicationContext log
INFO: Manager: list: Listing contexts for virtual host 'localhost'
14/10/2010 20:02:05 org.apache.catalina.core.ApplicationContext log
INFO: Manager: list: Listing contexts for virtual host 'localhost'
14/10/2010 20:02:05 org.apache.catalina.core.ApplicationContext log
INFO: Manager: list: Listing contexts for virtual host 'localhost'
14/10/2010 20:02:05 org.apache.catalina.core.ApplicationContext log
INFO: Manager: undeploy: Undeploying web application at '/'
14/10/2010 20:02:06 org.apache.catalina.core.ApplicationContext log
INFO: Manager: install: Installing context configuration at 'file:/C:/DOCUME~1/MARCIO~1.JUN/CONFIG~1/Temp/context61041.xml'
14/10/2010 20:02:07 org.apache.catalina.core.ApplicationContext log
INFO: Manager: start: Starting web application at '/'
14/10/2010 20:03:09 org.apache.catalina.core.ApplicationContext log
INFO: Manager: list: Listing contexts for virtual host 'localhost'
14/10/2010 20:03:51 org.apache.catalina.core.ApplicationContext log
INFO: Manager: list: Listing contexts for virtual host 'localhost'
14/10/2010 20:04:19 org.apache.catalina.core.ApplicationContext log
INFO: Manager: list: Listing contexts for virtual host 'localhost'
14/10/2010 20:05:24 org.apache.catalina.core.ApplicationContext log
INFO: Manager: list: Listing contexts for virtual host 'localhost'
14/10/2010 20:05:25 org.apache.catalina.core.ApplicationContext log
INFO: Manager: list: Listing contexts for virtual host 'localhost'
14/10/2010 20:05:39 org.apache.catalina.core.ApplicationContext log
INFO: Manager: list: Listing contexts for virtual host 'localhost'
14/10/2010 20:06:12 org.apache.catalina.core.ApplicationContext log
INFO: Manager: list: Listing contexts for virtual host 'localhost'
14/10/2010 20:06:16 org.apache.catalina.core.ApplicationContext log
INFO: Manager: list: Listing contexts for virtual host 'localhost'
14/10/2010 20:10:53 org.apache.catalina.core.ApplicationContext log
INFO: Manager: list: Listing contexts for virtual host 'localhost'
14/10/2010 20:13:06 org.apache.catalina.core.ApplicationContext log
INFO: Manager: list: Listing contexts for virtual host 'localhost'
14/10/2010 20:13:54 org.apache.catalina.core.ApplicationContext log
INFO: Manager: list: Listing contexts for virtual host 'localhost'
14/10/2010 20:17:41 org.apache.catalina.core.ApplicationContext log
INFO: Manager: list: Listing contexts for virtual host 'localhost'
14/10/2010 20:18:11 org.apache.catalina.core.ApplicationContext log
INFO: Manager: list: Listing contexts for virtual host 'localhost'
14/10/2010 20:18:14 org.apache.catalina.core.ApplicationContext log
INFO: Manager: list: Listing contexts for virtual host 'localhost'
14/10/2010 20:18:19 org.apache.catalina.core.ApplicationContext log
INFO: Manager: list: Listing contexts for virtual host 'localhost'
14/10/2010 20:20:05 org.apache.catalina.core.ApplicationContext log
INFO: Manager: list: Listing contexts for virtual host 'localhost'
14/10/2010 20:20:26 org.apache.catalina.core.ApplicationContext log
INFO: Manager: list: Listing contexts for virtual host 'localhost'
14/10/2010 20:20:57 org.apache.catalina.core.ApplicationContext log
INFO: Manager: list: Listing contexts for virtual host 'localhost'
14/10/2010 20:23:38 org.apache.catalina.core.ApplicationContext log
INFO: Manager: list: Listing contexts for virtual host 'localhost'
14/10/2010 20:23:39 org.apache.catalina.core.ApplicationContext log
INFO: Manager: list: Listing contexts for virtual host 'localhost'
14/10/2010 20:26:25 org.apache.catalina.core.ApplicationContext log
INFO: Manager: list: Listing contexts for virtual host 'localhost'
14/10/2010 20:27:46 org.apache.catalina.core.ApplicationContext log
INFO: Manager: list: Listing contexts for virtual host 'localhost'
14/10/2010 20:28:18 org.apache.catalina.core.ApplicationContext log
INFO: Manager: list: Listing contexts for virtual host 'localhost'
14/10/2010 20:28:43 org.apache.catalina.core.ApplicationContext log
INFO: Manager: list: Listing contexts for virtual host 'localhost'
14/10/2010 20:28:44 org.apache.catalina.core.ApplicationContext log
INFO: Manager: list: Listing contexts for virtual host 'localhost'
14/10/2010 20:28:46 org.apache.catalina.core.ApplicationContext log
INFO: Manager: list: Listing contexts for virtual host 'localhost'
14/10/2010 20:28:47 org.apache.catalina.core.ApplicationContext log
INFO: Manager: list: Listing contexts for virtual host 'localhost'
14/10/2010 20:29:08 org.apache.catalina.core.ApplicationContext log
INFO: Manager: list: Listing contexts for virtual host 'localhost'
14/10/2010 20:32:09 org.apache.catalina.core.ApplicationContext log
INFO: Manager: list: Listing contexts for virtual host 'localhost'
14/10/2010 20:32:09 org.apache.catalina.core.ApplicationContext log
INFO: Manager: list: Listing contexts for virtual host 'localhost'
14/10/2010 20:35:20 org.apache.catalina.core.ApplicationContext log
INFO: Manager: list: Listing contexts for virtual host 'localhost'
14/10/2010 20:37:58 org.apache.catalina.core.ApplicationContext log
INFO: Manager: list: Listing contexts for virtual host 'localhost'
14/10/2010 20:38:32 org.apache.catalina.core.ApplicationContext log
INFO: Manager: list: Listing contexts for virtual host 'localhost'
14/10/2010 20:40:20 org.apache.catalina.core.ApplicationContext log
INFO: Manager: list: Listing contexts for virtual host 'localhost'
14/10/2010 20:43:36 org.apache.catalina.core.ApplicationContext log
INFO: Manager: list: Listing contexts for virtual host 'localhost'
14/10/2010 20:44:00 org.apache.catalina.core.ApplicationContext log
INFO: Manager: list: Listing contexts for virtual host 'localhost'
14/10/2010 20:44:05 org.apache.catalina.core.ApplicationContext log
INFO: Manager: list: Listing contexts for virtual host 'localhost'
14/10/2010 20:44:23 org.apache.catalina.core.ApplicationContext log
INFO: Manager: list: Listing contexts for virtual host 'localhost'
14/10/2010 20:44:23 org.apache.catalina.core.ApplicationContext log
INFO: Manager: list: Listing contexts for virtual host 'localhost'
14/10/2010 20:44:23 org.apache.catalina.core.ApplicationContext log
INFO: Manager: undeploy: Undeploying web application at '/'
14/10/2010 20:44:24 org.apache.catalina.core.ApplicationContext log
INFO: Manager: install: Installing context configuration at 'file:/C:/DOCUME~1/MARCIO~1.JUN/CONFIG~1/Temp/context61043.xml'
14/10/2010 20:44:25 org.apache.catalina.core.ApplicationContext log
INFO: Manager: start: Starting web application at '/'
14/10/2010 20:45:20 org.apache.catalina.core.ApplicationContext log
INFO: Manager: list: Listing contexts for virtual host 'localhost'
14/10/2010 20:46:04 org.apache.catalina.core.ApplicationContext log
INFO: Manager: list: Listing contexts for virtual host 'localhost'
14/10/2010 20:46:42 org.apache.catalina.core.ApplicationContext log
INFO: Manager: list: Listing contexts for virtual host 'localhost'
14/10/2010 20:46:44 org.apache.catalina.core.ApplicationContext log
INFO: Manager: list: Listing contexts for virtual host 'localhost'
14/10/2010 20:46:44 org.apache.catalina.core.ApplicationContext log
INFO: Manager: list: Listing contexts for virtual host 'localhost'
14/10/2010 20:46:46 org.apache.catalina.core.ApplicationContext log
INFO: Manager: list: Listing contexts for virtual host 'localhost'
14/10/2010 20:47:05 org.apache.catalina.core.ApplicationContext log
INFO: Manager: list: Listing contexts for virtual host 'localhost'
14/10/2010 20:47:58 org.apache.catalina.core.ApplicationContext log
INFO: Manager: list: Listing contexts for virtual host 'localhost'
14/10/2010 20:48:28 org.apache.catalina.core.ApplicationContext log
INFO: Manager: list: Listing contexts for virtual host 'localhost'
14/10/2010 20:49:18 org.apache.catalina.core.ApplicationContext log
INFO: Manager: list: Listing contexts for virtual host 'localhost'
14/10/2010 20:49:39 org.apache.catalina.core.ApplicationContext log
INFO: Manager: list: Listing contexts for virtual host 'localhost'
14/10/2010 20:55:45 org.apache.catalina.core.ApplicationContext log
INFO: Manager: list: Listing contexts for virtual host 'localhost'
14/10/2010 20:55:50 org.apache.catalina.core.ApplicationContext log
INFO: Manager: list: Listing contexts for virtual host 'localhost'
14/10/2010 20:55:50 org.apache.catalina.core.ApplicationContext log
INFO: Manager: list: Listing contexts for virtual host 'localhost'
14/10/2010 20:55:50 org.apache.catalina.core.ApplicationContext log
INFO: Manager: undeploy: Undeploying web application at '/'
14/10/2010 20:55:51 org.apache.catalina.core.ApplicationContext log
INFO: Manager: install: Installing context configuration at 'file:/C:/DOCUME~1/MARCIO~1.JUN/CONFIG~1/Temp/context61044.xml'
14/10/2010 20:55:52 org.apache.catalina.core.ApplicationContext log
INFO: Manager: start: Starting web application at '/'
14/10/2010 20:56:50 org.apache.catalina.core.ApplicationContext log
INFO: Manager: list: Listing contexts for virtual host 'localhost'
14/10/2010 20:56:52 org.apache.catalina.core.ApplicationContext log
INFO: Manager: list: Listing contexts for virtual host 'localhost'
14/10/2010 20:56:52 org.apache.catalina.core.ApplicationContext log
INFO: Manager: list: Listing contexts for virtual host 'localhost'
14/10/2010 20:57:33 org.apache.catalina.core.ApplicationContext log
INFO: Manager: list: Listing contexts for virtual host 'localhost'
14/10/2010 20:57:33 org.apache.catalina.core.ApplicationContext log
INFO: Manager: list: Listing contexts for virtual host 'localhost'
14/10/2010 20:57:33 org.apache.catalina.core.ApplicationContext log
INFO: Manager: undeploy: Undeploying web application at '/'
14/10/2010 20:57:34 org.apache.catalina.core.ApplicationContext log
INFO: Manager: install: Installing context configuration at 'file:/C:/DOCUME~1/MARCIO~1.JUN/CONFIG~1/Temp/context61045.xml'
14/10/2010 20:57:35 org.apache.catalina.core.ApplicationContext log
INFO: Manager: start: Starting web application at '/'
