13/10/2010 03:13:07 org.apache.catalina.core.ApplicationContext log
INFO: Manager: init: Associated with Deployer 'Catalina:type=Deployer,host=localhost'
13/10/2010 03:13:07 org.apache.catalina.core.ApplicationContext log
INFO: Manager: init: Global resources are available
13/10/2010 03:13:07 org.apache.catalina.core.ApplicationContext log
INFO: Manager: list: Listing contexts for virtual host 'localhost'
13/10/2010 03:13:10 org.apache.catalina.core.ApplicationContext log
INFO: Manager: list: Listing contexts for virtual host 'localhost'
13/10/2010 03:13:10 org.apache.catalina.core.ApplicationContext log
INFO: Manager: list: Listing contexts for virtual host 'localhost'
13/10/2010 03:13:10 org.apache.catalina.core.ApplicationContext log
INFO: Manager: undeploy: Undeploying web application at '/'
13/10/2010 03:13:10 org.apache.catalina.core.ApplicationContext log
INFO: Manager: install: Installing context configuration at 'file:/E:/Users/HAL/AppData/Local/Temp/context1149061238375277582.xml'
13/10/2010 03:13:10 org.apache.catalina.core.ApplicationContext log
INFO: Manager: start: Starting web application at '/'
13/10/2010 03:15:27 org.apache.catalina.core.ApplicationContext log
INFO: Manager: list: Listing contexts for virtual host 'localhost'
13/10/2010 03:15:33 org.apache.catalina.core.ApplicationContext log
INFO: Manager: list: Listing contexts for virtual host 'localhost'
13/10/2010 03:15:33 org.apache.catalina.core.ApplicationContext log
INFO: Manager: list: Listing contexts for virtual host 'localhost'
13/10/2010 03:15:33 org.apache.catalina.core.ApplicationContext log
INFO: Manager: undeploy: Undeploying web application at '/'
13/10/2010 03:15:33 org.apache.catalina.core.ApplicationContext log
INFO: Manager: install: Installing context configuration at 'file:/E:/Users/HAL/AppData/Local/Temp/context8278611326358626636.xml'
13/10/2010 03:15:33 org.apache.catalina.core.ApplicationContext log
INFO: Manager: start: Starting web application at '/'
13/10/2010 03:16:02 org.apache.catalina.core.ApplicationContext log
INFO: Manager: list: Listing contexts for virtual host 'localhost'
13/10/2010 03:16:30 org.apache.catalina.core.ApplicationContext log
INFO: Manager: init: Associated with Deployer 'Catalina:type=Deployer,host=localhost'
13/10/2010 03:16:30 org.apache.catalina.core.ApplicationContext log
INFO: Manager: init: Global resources are available
13/10/2010 03:16:30 org.apache.catalina.core.ApplicationContext log
INFO: Manager: list: Listing contexts for virtual host 'localhost'
13/10/2010 03:16:30 org.apache.catalina.core.ApplicationContext log
INFO: Manager: list: Listing contexts for virtual host 'localhost'
13/10/2010 03:16:30 org.apache.catalina.core.ApplicationContext log
INFO: Manager: undeploy: Undeploying web application at '/'
13/10/2010 03:16:31 org.apache.catalina.core.ApplicationContext log
INFO: Manager: install: Installing context configuration at 'file:/E:/Users/HAL/AppData/Local/Temp/context8550188634847856416.xml'
13/10/2010 03:16:31 org.apache.catalina.core.ApplicationContext log
INFO: Manager: start: Starting web application at '/'
13/10/2010 03:17:37 org.apache.catalina.core.ApplicationContext log
INFO: Manager: list: Listing contexts for virtual host 'localhost'
13/10/2010 03:17:38 org.apache.catalina.core.ApplicationContext log
INFO: Manager: list: Listing contexts for virtual host 'localhost'
13/10/2010 03:17:38 org.apache.catalina.core.ApplicationContext log
INFO: Manager: list: Listing contexts for virtual host 'localhost'
13/10/2010 03:17:38 org.apache.catalina.core.ApplicationContext log
INFO: Manager: undeploy: Undeploying web application at '/'
13/10/2010 03:17:38 org.apache.catalina.core.ApplicationContext log
INFO: Manager: install: Installing context configuration at 'file:/E:/Users/HAL/AppData/Local/Temp/context5327899819346926898.xml'
13/10/2010 03:17:38 org.apache.catalina.core.ApplicationContext log
INFO: Manager: start: Starting web application at '/'
13/10/2010 03:18:50 org.apache.catalina.core.ApplicationContext log
INFO: Manager: list: Listing contexts for virtual host 'localhost'
13/10/2010 03:18:51 org.apache.catalina.core.ApplicationContext log
INFO: Manager: list: Listing contexts for virtual host 'localhost'
13/10/2010 03:18:51 org.apache.catalina.core.ApplicationContext log
INFO: Manager: list: Listing contexts for virtual host 'localhost'
13/10/2010 03:18:51 org.apache.catalina.core.ApplicationContext log
INFO: Manager: undeploy: Undeploying web application at '/'
13/10/2010 03:18:51 org.apache.catalina.core.ApplicationContext log
INFO: Manager: install: Installing context configuration at 'file:/E:/Users/HAL/AppData/Local/Temp/context8870219676534405582.xml'
13/10/2010 03:18:51 org.apache.catalina.core.ApplicationContext log
INFO: Manager: start: Starting web application at '/'
13/10/2010 03:19:11 org.apache.catalina.core.ApplicationContext log
INFO: Manager: list: Listing contexts for virtual host 'localhost'
13/10/2010 03:19:11 org.apache.catalina.core.ApplicationContext log
INFO: Manager: list: Listing contexts for virtual host 'localhost'
13/10/2010 03:19:11 org.apache.catalina.core.ApplicationContext log
INFO: Manager: undeploy: Undeploying web application at '/'
13/10/2010 03:19:12 org.apache.catalina.core.ApplicationContext log
INFO: Manager: install: Installing context configuration at 'file:/E:/Users/HAL/AppData/Local/Temp/context2226885759241939215.xml'
13/10/2010 03:19:12 org.apache.catalina.core.ApplicationContext log
INFO: Manager: start: Starting web application at '/'
13/10/2010 03:20:50 org.apache.catalina.core.ApplicationContext log
INFO: Manager: list: Listing contexts for virtual host 'localhost'
13/10/2010 03:20:51 org.apache.catalina.core.ApplicationContext log
INFO: Manager: list: Listing contexts for virtual host 'localhost'
13/10/2010 03:20:51 org.apache.catalina.core.ApplicationContext log
INFO: Manager: list: Listing contexts for virtual host 'localhost'
13/10/2010 03:20:51 org.apache.catalina.core.ApplicationContext log
INFO: Manager: undeploy: Undeploying web application at '/'
13/10/2010 03:20:52 org.apache.catalina.core.ApplicationContext log
INFO: Manager: install: Installing context configuration at 'file:/E:/Users/HAL/AppData/Local/Temp/context628482632613633218.xml'
13/10/2010 03:20:52 org.apache.catalina.core.ApplicationContext log
INFO: Manager: start: Starting web application at '/'
13/10/2010 03:22:30 org.apache.catalina.core.ApplicationContext log
INFO: Manager: list: Listing contexts for virtual host 'localhost'
13/10/2010 03:22:32 org.apache.catalina.core.ApplicationContext log
INFO: Manager: list: Listing contexts for virtual host 'localhost'
13/10/2010 03:22:32 org.apache.catalina.core.ApplicationContext log
INFO: Manager: list: Listing contexts for virtual host 'localhost'
13/10/2010 03:22:32 org.apache.catalina.core.ApplicationContext log
INFO: Manager: undeploy: Undeploying web application at '/'
13/10/2010 03:22:33 org.apache.catalina.core.ApplicationContext log
INFO: Manager: install: Installing context configuration at 'file:/E:/Users/HAL/AppData/Local/Temp/context3342048867302377503.xml'
13/10/2010 03:22:33 org.apache.catalina.core.ApplicationContext log
INFO: Manager: start: Starting web application at '/'
13/10/2010 03:26:26 org.apache.catalina.core.ApplicationContext log
INFO: Manager: list: Listing contexts for virtual host 'localhost'
13/10/2010 03:26:28 org.apache.catalina.core.ApplicationContext log
INFO: Manager: list: Listing contexts for virtual host 'localhost'
13/10/2010 03:26:28 org.apache.catalina.core.ApplicationContext log
INFO: Manager: list: Listing contexts for virtual host 'localhost'
13/10/2010 03:26:28 org.apache.catalina.core.ApplicationContext log
INFO: Manager: undeploy: Undeploying web application at '/'
13/10/2010 03:26:29 org.apache.catalina.core.ApplicationContext log
INFO: Manager: install: Installing context configuration at 'file:/E:/Users/HAL/AppData/Local/Temp/context8388298777917447450.xml'
13/10/2010 03:26:29 org.apache.catalina.core.ApplicationContext log
INFO: Manager: start: Starting web application at '/'
13/10/2010 03:27:31 org.apache.catalina.core.ApplicationContext log
INFO: Manager: list: Listing contexts for virtual host 'localhost'
13/10/2010 03:27:31 org.apache.catalina.core.ApplicationContext log
INFO: Manager: list: Listing contexts for virtual host 'localhost'
13/10/2010 03:27:31 org.apache.catalina.core.ApplicationContext log
INFO: Manager: list: Listing contexts for virtual host 'localhost'
13/10/2010 03:27:31 org.apache.catalina.core.ApplicationContext log
INFO: Manager: undeploy: Undeploying web application at '/'
13/10/2010 03:27:32 org.apache.catalina.core.ApplicationContext log
INFO: Manager: install: Installing context configuration at 'file:/E:/Users/HAL/AppData/Local/Temp/context7301623809781763553.xml'
13/10/2010 03:27:32 org.apache.catalina.core.ApplicationContext log
INFO: Manager: start: Starting web application at '/'
13/10/2010 03:28:11 org.apache.catalina.core.ApplicationContext log
INFO: Manager: list: Listing contexts for virtual host 'localhost'
13/10/2010 03:28:12 org.apache.catalina.core.ApplicationContext log
INFO: Manager: list: Listing contexts for virtual host 'localhost'
13/10/2010 03:28:12 org.apache.catalina.core.ApplicationContext log
INFO: Manager: list: Listing contexts for virtual host 'localhost'
13/10/2010 03:28:12 org.apache.catalina.core.ApplicationContext log
INFO: Manager: undeploy: Undeploying web application at '/'
13/10/2010 03:28:12 org.apache.catalina.core.ApplicationContext log
INFO: Manager: install: Installing context configuration at 'file:/E:/Users/HAL/AppData/Local/Temp/context6616212791034597602.xml'
13/10/2010 03:28:12 org.apache.catalina.core.ApplicationContext log
INFO: Manager: start: Starting web application at '/'
13/10/2010 03:28:49 org.apache.catalina.core.ApplicationContext log
INFO: Manager: list: Listing contexts for virtual host 'localhost'
13/10/2010 03:28:50 org.apache.catalina.core.ApplicationContext log
INFO: Manager: list: Listing contexts for virtual host 'localhost'
13/10/2010 03:28:50 org.apache.catalina.core.ApplicationContext log
INFO: Manager: list: Listing contexts for virtual host 'localhost'
13/10/2010 03:28:50 org.apache.catalina.core.ApplicationContext log
INFO: Manager: undeploy: Undeploying web application at '/'
13/10/2010 03:28:50 org.apache.catalina.core.ApplicationContext log
INFO: Manager: install: Installing context configuration at 'file:/E:/Users/HAL/AppData/Local/Temp/context8417350195853254053.xml'
13/10/2010 03:28:51 org.apache.catalina.core.ApplicationContext log
INFO: Manager: start: Starting web application at '/'
13/10/2010 03:31:00 org.apache.catalina.core.ApplicationContext log
INFO: Manager: list: Listing contexts for virtual host 'localhost'
13/10/2010 03:31:01 org.apache.catalina.core.ApplicationContext log
INFO: Manager: list: Listing contexts for virtual host 'localhost'
13/10/2010 03:31:01 org.apache.catalina.core.ApplicationContext log
INFO: Manager: list: Listing contexts for virtual host 'localhost'
13/10/2010 03:31:01 org.apache.catalina.core.ApplicationContext log
INFO: Manager: undeploy: Undeploying web application at '/'
13/10/2010 03:31:01 org.apache.catalina.core.ApplicationContext log
INFO: Manager: install: Installing context configuration at 'file:/E:/Users/HAL/AppData/Local/Temp/context2615889836657974466.xml'
13/10/2010 03:31:01 org.apache.catalina.core.ApplicationContext log
INFO: Manager: start: Starting web application at '/'
13/10/2010 03:32:23 org.apache.catalina.core.ApplicationContext log
INFO: Manager: list: Listing contexts for virtual host 'localhost'
13/10/2010 03:32:23 org.apache.catalina.core.ApplicationContext log
INFO: Manager: list: Listing contexts for virtual host 'localhost'
13/10/2010 03:32:23 org.apache.catalina.core.ApplicationContext log
INFO: Manager: list: Listing contexts for virtual host 'localhost'
13/10/2010 03:32:23 org.apache.catalina.core.ApplicationContext log
INFO: Manager: undeploy: Undeploying web application at '/'
13/10/2010 03:32:24 org.apache.catalina.core.ApplicationContext log
INFO: Manager: install: Installing context configuration at 'file:/E:/Users/HAL/AppData/Local/Temp/context203162333092117140.xml'
13/10/2010 03:32:24 org.apache.catalina.core.ApplicationContext log
INFO: Manager: start: Starting web application at '/'
13/10/2010 03:32:56 org.apache.catalina.core.ApplicationContext log
INFO: Manager: list: Listing contexts for virtual host 'localhost'
13/10/2010 03:32:57 org.apache.catalina.core.ApplicationContext log
INFO: Manager: list: Listing contexts for virtual host 'localhost'
13/10/2010 03:32:57 org.apache.catalina.core.ApplicationContext log
INFO: Manager: list: Listing contexts for virtual host 'localhost'
13/10/2010 03:32:57 org.apache.catalina.core.ApplicationContext log
INFO: Manager: undeploy: Undeploying web application at '/'
13/10/2010 03:32:58 org.apache.catalina.core.ApplicationContext log
INFO: Manager: install: Installing context configuration at 'file:/E:/Users/HAL/AppData/Local/Temp/context7210634561832092913.xml'
13/10/2010 03:32:58 org.apache.catalina.core.ApplicationContext log
INFO: Manager: start: Starting web application at '/'
13/10/2010 03:33:14 org.apache.catalina.core.ApplicationContext log
INFO: Manager: list: Listing contexts for virtual host 'localhost'
13/10/2010 03:33:14 org.apache.catalina.core.ApplicationContext log
INFO: Manager: list: Listing contexts for virtual host 'localhost'
13/10/2010 03:33:14 org.apache.catalina.core.ApplicationContext log
INFO: Manager: list: Listing contexts for virtual host 'localhost'
13/10/2010 03:33:14 org.apache.catalina.core.ApplicationContext log
INFO: Manager: undeploy: Undeploying web application at '/'
13/10/2010 03:33:15 org.apache.catalina.core.ApplicationContext log
INFO: Manager: install: Installing context configuration at 'file:/E:/Users/HAL/AppData/Local/Temp/context316071903910608329.xml'
13/10/2010 03:33:15 org.apache.catalina.core.ApplicationContext log
INFO: Manager: start: Starting web application at '/'
13/10/2010 03:34:09 org.apache.catalina.core.ApplicationContext log
INFO: Manager: list: Listing contexts for virtual host 'localhost'
13/10/2010 03:34:09 org.apache.catalina.core.ApplicationContext log
INFO: Manager: list: Listing contexts for virtual host 'localhost'
13/10/2010 03:34:09 org.apache.catalina.core.ApplicationContext log
INFO: Manager: list: Listing contexts for virtual host 'localhost'
13/10/2010 03:34:09 org.apache.catalina.core.ApplicationContext log
INFO: Manager: undeploy: Undeploying web application at '/'
13/10/2010 03:34:10 org.apache.catalina.core.ApplicationContext log
INFO: Manager: install: Installing context configuration at 'file:/E:/Users/HAL/AppData/Local/Temp/context839189003369912551.xml'
13/10/2010 03:34:10 org.apache.catalina.core.ApplicationContext log
INFO: Manager: start: Starting web application at '/'
13/10/2010 03:34:59 org.apache.catalina.core.ApplicationContext log
INFO: Manager: list: Listing contexts for virtual host 'localhost'
13/10/2010 03:35:00 org.apache.catalina.core.ApplicationContext log
INFO: Manager: list: Listing contexts for virtual host 'localhost'
13/10/2010 03:35:00 org.apache.catalina.core.ApplicationContext log
INFO: Manager: list: Listing contexts for virtual host 'localhost'
13/10/2010 03:35:00 org.apache.catalina.core.ApplicationContext log
INFO: Manager: undeploy: Undeploying web application at '/'
13/10/2010 03:35:01 org.apache.catalina.core.ApplicationContext log
INFO: Manager: install: Installing context configuration at 'file:/E:/Users/HAL/AppData/Local/Temp/context6731130496888536594.xml'
13/10/2010 03:35:01 org.apache.catalina.core.ApplicationContext log
INFO: Manager: start: Starting web application at '/'
13/10/2010 03:36:37 org.apache.catalina.core.ApplicationContext log
INFO: Manager: list: Listing contexts for virtual host 'localhost'
13/10/2010 17:05:03 org.apache.catalina.core.ApplicationContext log
INFO: Manager: init: Associated with Deployer 'Catalina:type=Deployer,host=localhost'
13/10/2010 17:05:03 org.apache.catalina.core.ApplicationContext log
INFO: Manager: init: Global resources are available
13/10/2010 17:05:03 org.apache.catalina.core.ApplicationContext log
INFO: Manager: list: Listing contexts for virtual host 'localhost'
13/10/2010 17:05:03 org.apache.catalina.core.ApplicationContext log
INFO: Manager: list: Listing contexts for virtual host 'localhost'
13/10/2010 17:05:03 org.apache.catalina.core.ApplicationContext log
INFO: Manager: undeploy: Undeploying web application at '/'
13/10/2010 17:05:04 org.apache.catalina.core.ApplicationContext log
INFO: Manager: install: Installing context configuration at 'file:/E:/Users/HAL/AppData/Local/Temp/context6887100513557473282.xml'
13/10/2010 17:05:04 org.apache.catalina.core.ApplicationContext log
INFO: Manager: start: Starting web application at '/'
13/10/2010 17:06:32 org.apache.catalina.core.ApplicationContext log
INFO: Manager: list: Listing contexts for virtual host 'localhost'
13/10/2010 17:07:38 org.apache.catalina.core.ApplicationContext log
INFO: Manager: list: Listing contexts for virtual host 'localhost'
13/10/2010 17:07:40 org.apache.catalina.core.ApplicationContext log
INFO: Manager: list: Listing contexts for virtual host 'localhost'
13/10/2010 17:07:40 org.apache.catalina.core.ApplicationContext log
INFO: Manager: list: Listing contexts for virtual host 'localhost'
13/10/2010 17:07:40 org.apache.catalina.core.ApplicationContext log
INFO: Manager: undeploy: Undeploying web application at '/'
13/10/2010 17:07:40 org.apache.catalina.core.ApplicationContext log
INFO: Manager: install: Installing context configuration at 'file:/E:/Users/HAL/AppData/Local/Temp/context2428972538288660953.xml'
13/10/2010 17:07:41 org.apache.catalina.core.ApplicationContext log
INFO: Manager: start: Starting web application at '/'
13/10/2010 17:09:41 org.apache.catalina.core.ApplicationContext log
INFO: Manager: list: Listing contexts for virtual host 'localhost'
13/10/2010 17:09:43 org.apache.catalina.core.ApplicationContext log
INFO: Manager: list: Listing contexts for virtual host 'localhost'
13/10/2010 17:09:43 org.apache.catalina.core.ApplicationContext log
INFO: Manager: list: Listing contexts for virtual host 'localhost'
13/10/2010 17:09:43 org.apache.catalina.core.ApplicationContext log
INFO: Manager: undeploy: Undeploying web application at '/'
13/10/2010 17:09:43 org.apache.catalina.core.ApplicationContext log
INFO: Manager: install: Installing context configuration at 'file:/E:/Users/HAL/AppData/Local/Temp/context4659847087793279128.xml'
13/10/2010 17:09:43 org.apache.catalina.core.ApplicationContext log
INFO: Manager: start: Starting web application at '/'
13/10/2010 17:10:34 org.apache.catalina.core.ApplicationContext log
INFO: Manager: list: Listing contexts for virtual host 'localhost'
13/10/2010 17:11:22 org.apache.catalina.core.ApplicationContext log
INFO: Manager: list: Listing contexts for virtual host 'localhost'
13/10/2010 17:11:29 org.apache.catalina.core.ApplicationContext log
INFO: Manager: list: Listing contexts for virtual host 'localhost'
13/10/2010 17:11:29 org.apache.catalina.core.ApplicationContext log
INFO: Manager: list: Listing contexts for virtual host 'localhost'
13/10/2010 17:11:29 org.apache.catalina.core.ApplicationContext log
INFO: Manager: undeploy: Undeploying web application at '/'
13/10/2010 17:11:30 org.apache.catalina.core.ApplicationContext log
INFO: Manager: install: Installing context configuration at 'file:/E:/Users/HAL/AppData/Local/Temp/context3954864743143352565.xml'
13/10/2010 17:11:30 org.apache.catalina.core.ApplicationContext log
INFO: Manager: start: Starting web application at '/'
13/10/2010 18:14:31 org.apache.catalina.core.ApplicationContext log
INFO: Manager: list: Listing contexts for virtual host 'localhost'
13/10/2010 18:14:36 org.apache.catalina.core.ApplicationContext log
INFO: Manager: list: Listing contexts for virtual host 'localhost'
13/10/2010 18:14:36 org.apache.catalina.core.ApplicationContext log
INFO: Manager: list: Listing contexts for virtual host 'localhost'
13/10/2010 18:14:36 org.apache.catalina.core.ApplicationContext log
INFO: Manager: undeploy: Undeploying web application at '/'
13/10/2010 18:14:36 org.apache.catalina.core.ApplicationContext log
INFO: Manager: install: Installing context configuration at 'file:/E:/Users/HAL/AppData/Local/Temp/context2351123700414485543.xml'
13/10/2010 18:14:36 org.apache.catalina.core.ApplicationContext log
INFO: Manager: start: Starting web application at '/'
13/10/2010 18:16:10 org.apache.catalina.core.ApplicationContext log
INFO: Manager: list: Listing contexts for virtual host 'localhost'
13/10/2010 18:16:12 org.apache.catalina.core.ApplicationContext log
INFO: Manager: list: Listing contexts for virtual host 'localhost'
13/10/2010 18:16:12 org.apache.catalina.core.ApplicationContext log
INFO: Manager: list: Listing contexts for virtual host 'localhost'
13/10/2010 18:16:12 org.apache.catalina.core.ApplicationContext log
INFO: Manager: undeploy: Undeploying web application at '/'
13/10/2010 18:16:12 org.apache.catalina.core.ApplicationContext log
INFO: Manager: install: Installing context configuration at 'file:/E:/Users/HAL/AppData/Local/Temp/context1080846396670631340.xml'
13/10/2010 18:16:12 org.apache.catalina.core.ApplicationContext log
INFO: Manager: start: Starting web application at '/'
13/10/2010 18:16:49 org.apache.catalina.core.ApplicationContext log
INFO: Manager: list: Listing contexts for virtual host 'localhost'
13/10/2010 18:16:49 org.apache.catalina.core.ApplicationContext log
INFO: Manager: list: Listing contexts for virtual host 'localhost'
13/10/2010 18:16:49 org.apache.catalina.core.ApplicationContext log
INFO: Manager: undeploy: Undeploying web application at '/'
13/10/2010 18:16:49 org.apache.catalina.core.ApplicationContext log
INFO: Manager: install: Installing context configuration at 'file:/E:/Users/HAL/AppData/Local/Temp/context3660510280669811426.xml'
13/10/2010 18:16:49 org.apache.catalina.core.ApplicationContext log
INFO: Manager: start: Starting web application at '/'
13/10/2010 18:18:05 org.apache.catalina.core.ApplicationContext log
INFO: Manager: list: Listing contexts for virtual host 'localhost'
13/10/2010 18:18:06 org.apache.catalina.core.ApplicationContext log
INFO: Manager: list: Listing contexts for virtual host 'localhost'
13/10/2010 18:18:06 org.apache.catalina.core.ApplicationContext log
INFO: Manager: list: Listing contexts for virtual host 'localhost'
13/10/2010 18:18:06 org.apache.catalina.core.ApplicationContext log
INFO: Manager: undeploy: Undeploying web application at '/'
13/10/2010 18:18:07 org.apache.catalina.core.ApplicationContext log
INFO: Manager: install: Installing context configuration at 'file:/E:/Users/HAL/AppData/Local/Temp/context137357563767443875.xml'
13/10/2010 18:18:07 org.apache.catalina.core.ApplicationContext log
INFO: Manager: start: Starting web application at '/'
13/10/2010 18:18:45 org.apache.catalina.core.ApplicationContext log
INFO: Manager: list: Listing contexts for virtual host 'localhost'
13/10/2010 18:19:08 org.apache.catalina.core.ApplicationContext log
INFO: Manager: list: Listing contexts for virtual host 'localhost'
13/10/2010 18:19:09 org.apache.catalina.core.ApplicationContext log
INFO: Manager: list: Listing contexts for virtual host 'localhost'
13/10/2010 18:19:09 org.apache.catalina.core.ApplicationContext log
INFO: Manager: list: Listing contexts for virtual host 'localhost'
13/10/2010 18:19:09 org.apache.catalina.core.ApplicationContext log
INFO: Manager: undeploy: Undeploying web application at '/'
13/10/2010 18:19:09 org.apache.catalina.core.ApplicationContext log
INFO: Manager: install: Installing context configuration at 'file:/E:/Users/HAL/AppData/Local/Temp/context4596794305355690729.xml'
13/10/2010 18:19:09 org.apache.catalina.core.ApplicationContext log
INFO: Manager: start: Starting web application at '/'
13/10/2010 18:19:29 org.apache.catalina.core.ApplicationContext log
INFO: Manager: list: Listing contexts for virtual host 'localhost'
13/10/2010 18:20:35 org.apache.catalina.core.ApplicationContext log
INFO: Manager: list: Listing contexts for virtual host 'localhost'
13/10/2010 18:20:36 org.apache.catalina.core.ApplicationContext log
INFO: Manager: list: Listing contexts for virtual host 'localhost'
13/10/2010 18:20:36 org.apache.catalina.core.ApplicationContext log
INFO: Manager: list: Listing contexts for virtual host 'localhost'
13/10/2010 18:20:36 org.apache.catalina.core.ApplicationContext log
INFO: Manager: undeploy: Undeploying web application at '/'
13/10/2010 18:20:36 org.apache.catalina.core.ApplicationContext log
INFO: Manager: install: Installing context configuration at 'file:/E:/Users/HAL/AppData/Local/Temp/context170619333683979313.xml'
13/10/2010 18:20:36 org.apache.catalina.core.ApplicationContext log
INFO: Manager: start: Starting web application at '/'
13/10/2010 18:23:54 org.apache.catalina.core.ApplicationContext log
INFO: Manager: list: Listing contexts for virtual host 'localhost'
13/10/2010 18:23:55 org.apache.catalina.core.ApplicationContext log
INFO: Manager: list: Listing contexts for virtual host 'localhost'
13/10/2010 18:23:55 org.apache.catalina.core.ApplicationContext log
INFO: Manager: list: Listing contexts for virtual host 'localhost'
13/10/2010 18:23:55 org.apache.catalina.core.ApplicationContext log
INFO: Manager: undeploy: Undeploying web application at '/'
13/10/2010 18:23:56 org.apache.catalina.core.ApplicationContext log
INFO: Manager: install: Installing context configuration at 'file:/E:/Users/HAL/AppData/Local/Temp/context8291926789205552419.xml'
13/10/2010 18:23:56 org.apache.catalina.core.ApplicationContext log
INFO: Manager: start: Starting web application at '/'
13/10/2010 18:24:43 org.apache.catalina.core.ApplicationContext log
INFO: Manager: list: Listing contexts for virtual host 'localhost'
13/10/2010 18:24:43 org.apache.catalina.core.ApplicationContext log
INFO: Manager: list: Listing contexts for virtual host 'localhost'
13/10/2010 18:24:43 org.apache.catalina.core.ApplicationContext log
INFO: Manager: list: Listing contexts for virtual host 'localhost'
13/10/2010 18:24:43 org.apache.catalina.core.ApplicationContext log
INFO: Manager: undeploy: Undeploying web application at '/'
13/10/2010 18:24:44 org.apache.catalina.core.ApplicationContext log
INFO: Manager: install: Installing context configuration at 'file:/E:/Users/HAL/AppData/Local/Temp/context8726102088161045744.xml'
13/10/2010 18:24:44 org.apache.catalina.core.ApplicationContext log
INFO: Manager: start: Starting web application at '/'
13/10/2010 18:25:23 org.apache.catalina.core.ApplicationContext log
INFO: Manager: list: Listing contexts for virtual host 'localhost'
13/10/2010 18:25:32 org.apache.catalina.core.ApplicationContext log
INFO: Manager: list: Listing contexts for virtual host 'localhost'
13/10/2010 18:25:32 org.apache.catalina.core.ApplicationContext log
INFO: Manager: list: Listing contexts for virtual host 'localhost'
13/10/2010 18:25:32 org.apache.catalina.core.ApplicationContext log
INFO: Manager: undeploy: Undeploying web application at '/'
13/10/2010 18:25:32 org.apache.catalina.core.ApplicationContext log
INFO: Manager: install: Installing context configuration at 'file:/E:/Users/HAL/AppData/Local/Temp/context8307011817062622015.xml'
13/10/2010 18:25:33 org.apache.catalina.core.ApplicationContext log
INFO: Manager: start: Starting web application at '/'
